mode: set
github.com/lcgerke/githelper/internal/autofix/autofix.go:29.60,34.2 1 1
github.com/lcgerke/githelper/internal/autofix/autofix.go:37.50,41.16 3 1
github.com/lcgerke/githelper/internal/autofix/autofix.go:41.16,43.3 1 0
github.com/lcgerke/githelper/internal/autofix/autofix.go:45.2,45.42 1 1
github.com/lcgerke/githelper/internal/autofix/autofix.go:45.42,47.55 1 1
github.com/lcgerke/githelper/internal/autofix/autofix.go:47.55,55.12 2 1
github.com/lcgerke/githelper/internal/autofix/autofix.go:59.3,60.32 2 1
github.com/lcgerke/githelper/internal/autofix/autofix.go:60.32,68.12 2 1
github.com/lcgerke/githelper/internal/autofix/autofix.go:72.3,76.48 3 0
github.com/lcgerke/githelper/internal/autofix/autofix.go:76.48,77.30 1 0
github.com/lcgerke/githelper/internal/autofix/autofix.go:77.30,85.5 1 0
github.com/lcgerke/githelper/internal/autofix/autofix.go:89.2,89.20 1 1
github.com/lcgerke/githelper/internal/autofix/autofix.go:92.70,97.37 4 0
github.com/lcgerke/githelper/internal/autofix/autofix.go:97.37,99.54 2 0
github.com/lcgerke/githelper/internal/autofix/autofix.go:99.54,107.4 1 0
github.com/lcgerke/githelper/internal/autofix/autofix.go:110.2,110.15 1 0
github.com/lcgerke/githelper/internal/autofix/autofix.go:114.46,115.14 1 1
github.com/lcgerke/githelper/internal/autofix/autofix.go:115.14,117.3 1 1
github.com/lcgerke/githelper/internal/autofix/autofix.go:119.2,119.20 1 1
github.com/lcgerke/githelper/internal/autofix/autofix.go:120.22,121.43 1 1
github.com/lcgerke/githelper/internal/autofix/autofix.go:122.20,124.105 1 0
github.com/lcgerke/githelper/internal/autofix/autofix.go:125.43,127.65 1 1
github.com/lcgerke/githelper/internal/autofix/autofix.go:128.10,129.58 1 0
github.com/lcgerke/githelper/internal/autofix/autofix.go:133.56,137.42 2 1
github.com/lcgerke/githelper/internal/autofix/autofix.go:137.42,139.3 1 0
github.com/lcgerke/githelper/internal/autofix/autofix.go:141.2,141.12 1 1
github.com/lcgerke/githelper/internal/autofix/autofix.go:145.59,149.31 3 1
github.com/lcgerke/githelper/internal/autofix/autofix.go:149.31,150.43 1 1
github.com/lcgerke/githelper/internal/autofix/autofix.go:150.43,152.4 1 1
github.com/lcgerke/githelper/internal/autofix/autofix.go:152.9,154.4 1 1
github.com/lcgerke/githelper/internal/autofix/autofix.go:157.2,157.27 1 1
github.com/lcgerke/githelper/internal/github/client.go:20.59,31.2 3 0
github.com/lcgerke/githelper/internal/github/client.go:34.103,43.16 3 0
github.com/lcgerke/githelper/internal/github/client.go:43.16,45.3 1 0
github.com/lcgerke/githelper/internal/github/client.go:47.2,47.25 1 0
github.com/lcgerke/githelper/internal/github/client.go:51.80,53.16 2 0
github.com/lcgerke/githelper/internal/github/client.go:53.16,55.3 1 0
github.com/lcgerke/githelper/internal/github/client.go:57.2,57.24 1 0
github.com/lcgerke/githelper/internal/github/client.go:61.69,63.16 2 0
github.com/lcgerke/githelper/internal/github/client.go:63.16,64.44 1 0
github.com/lcgerke/githelper/internal/github/client.go:64.44,66.4 1 0
github.com/lcgerke/githelper/internal/github/client.go:67.3,67.76 1 0
github.com/lcgerke/githelper/internal/github/client.go:70.2,70.18 1 0
github.com/lcgerke/githelper/internal/github/client.go:74.63,76.16 2 0
github.com/lcgerke/githelper/internal/github/client.go:76.16,78.3 1 0
github.com/lcgerke/githelper/internal/github/client.go:80.2,80.18 1 0
github.com/lcgerke/githelper/internal/github/client.go:84.41,86.16 2 0
github.com/lcgerke/githelper/internal/github/client.go:86.16,88.3 1 0
github.com/lcgerke/githelper/internal/github/client.go:89.2,89.12 1 0
github.com/lcgerke/githelper/internal/github/client.go:93.64,95.16 2 0
github.com/lcgerke/githelper/internal/github/client.go:95.16,97.3 1 0
github.com/lcgerke/githelper/internal/github/client.go:99.2,99.30 1 0
github.com/lcgerke/githelper/internal/github/client.go:99.30,101.3 1 0
github.com/lcgerke/githelper/internal/github/client.go:103.2,103.32 1 0
github.com/lcgerke/githelper/internal/github/client.go:107.33,110.2 2 1
github.com/lcgerke/githelper/internal/github/client.go:113.34,114.28 1 0
github.com/lcgerke/githelper/internal/github/client.go:114.28,116.3 1 0
github.com/lcgerke/githelper/internal/github/client.go:118.2,120.19 3 0
github.com/lcgerke/githelper/internal/github/client.go:125.86,126.16 1 0
github.com/lcgerke/githelper/internal/github/client.go:126.16,128.3 1 0
github.com/lcgerke/githelper/internal/github/client.go:130.2,130.28 1 0
github.com/lcgerke/githelper/internal/github/client.go:130.28,132.3 1 0
github.com/lcgerke/githelper/internal/github/client.go:134.2,134.29 1 0
github.com/lcgerke/githelper/internal/github/client.go:134.29,136.3 1 0
github.com/lcgerke/githelper/internal/github/client.go:139.2,142.23 2 0
github.com/lcgerke/githelper/internal/github/client.go:142.23,144.3 1 0
github.com/lcgerke/githelper/internal/github/client.go:147.2,147.13 1 0
github.com/lcgerke/githelper/internal/github/client.go:147.13,149.3 1 0
github.com/lcgerke/githelper/internal/github/client.go:149.8,151.3 1 0
github.com/lcgerke/githelper/internal/github/client.go:154.2,156.16 3 0
github.com/lcgerke/githelper/internal/github/client.go:156.16,158.3 1 0
github.com/lcgerke/githelper/internal/github/client.go:160.2,160.12 1 0
github.com/lcgerke/githelper/internal/github/client.go:164.102,167.16 2 0
github.com/lcgerke/githelper/internal/github/client.go:167.16,171.3 1 0
github.com/lcgerke/githelper/internal/github/client.go:173.2,173.12 1 0
github.com/lcgerke/githelper/internal/github/client.go:173.12,175.3 1 0
github.com/lcgerke/githelper/internal/github/client.go:177.2,177.60 1 0
github.com/lcgerke/githelper/internal/scenarios/classifier.go:15.114,22.2 1 0
github.com/lcgerke/githelper/internal/scenarios/classifier.go:25.57,38.26 4 0
github.com/lcgerke/githelper/internal/scenarios/classifier.go:38.26,40.54 1 0
github.com/lcgerke/githelper/internal/scenarios/classifier.go:40.54,46.4 1 0
github.com/lcgerke/githelper/internal/scenarios/classifier.go:48.3,48.56 1 0
github.com/lcgerke/githelper/internal/scenarios/classifier.go:48.56,54.4 1 0
github.com/lcgerke/githelper/internal/scenarios/classifier.go:58.2,59.16 2 0
github.com/lcgerke/githelper/internal/scenarios/classifier.go:59.16,61.3 1 0
github.com/lcgerke/githelper/internal/scenarios/classifier.go:62.2,65.27 2 0
github.com/lcgerke/githelper/internal/scenarios/classifier.go:65.27,67.17 2 0
github.com/lcgerke/githelper/internal/scenarios/classifier.go:67.17,69.4 1 0
github.com/lcgerke/githelper/internal/scenarios/classifier.go:70.3,73.51 2 0
github.com/lcgerke/githelper/internal/scenarios/classifier.go:73.51,80.4 2 0
github.com/lcgerke/githelper/internal/scenarios/classifier.go:82.3,82.49 1 0
github.com/lcgerke/githelper/internal/scenarios/classifier.go:82.49,89.4 2 0
github.com/lcgerke/githelper/internal/scenarios/classifier.go:91.3,91.56 1 0
github.com/lcgerke/githelper/internal/scenarios/classifier.go:91.56,98.4 2 0
github.com/lcgerke/githelper/internal/scenarios/classifier.go:102.2,102.56 1 0
github.com/lcgerke/githelper/internal/scenarios/classifier.go:102.56,104.17 2 0
github.com/lcgerke/githelper/internal/scenarios/classifier.go:104.17,106.4 1 0
github.com/lcgerke/githelper/internal/scenarios/classifier.go:107.3,107.32 1 0
github.com/lcgerke/githelper/internal/scenarios/classifier.go:108.8,114.3 1 0
github.com/lcgerke/githelper/internal/scenarios/classifier.go:117.2,117.27 1 0
github.com/lcgerke/githelper/internal/scenarios/classifier.go:117.27,120.27 2 0
github.com/lcgerke/githelper/internal/scenarios/classifier.go:120.27,122.4 1 0
github.com/lcgerke/githelper/internal/scenarios/classifier.go:122.9,122.36 1 0
github.com/lcgerke/githelper/internal/scenarios/classifier.go:122.36,124.4 1 0
github.com/lcgerke/githelper/internal/scenarios/classifier.go:125.3,125.26 1 0
github.com/lcgerke/githelper/internal/scenarios/classifier.go:125.26,127.4 1 0
github.com/lcgerke/githelper/internal/scenarios/classifier.go:128.3,131.29 2 0
github.com/lcgerke/githelper/internal/scenarios/classifier.go:132.13,135.18 2 0
github.com/lcgerke/githelper/internal/scenarios/classifier.go:135.18,137.5 1 0
github.com/lcgerke/githelper/internal/scenarios/classifier.go:138.4,141.31 2 0
github.com/lcgerke/githelper/internal/scenarios/classifier.go:141.31,143.19 2 0
github.com/lcgerke/githelper/internal/scenarios/classifier.go:143.19,145.6 1 0
github.com/lcgerke/githelper/internal/scenarios/classifier.go:146.5,146.30 1 0
github.com/lcgerke/githelper/internal/scenarios/classifier.go:149.13,150.82 1 0
github.com/lcgerke/githelper/internal/scenarios/classifier.go:152.13,153.82 1 0
github.com/lcgerke/githelper/internal/scenarios/classifier.go:155.11,160.5 1 0
github.com/lcgerke/githelper/internal/scenarios/classifier.go:162.8,168.3 1 0
github.com/lcgerke/githelper/internal/scenarios/classifier.go:170.2,171.19 2 0
github.com/lcgerke/githelper/internal/scenarios/classifier.go:175.78,185.16 6 0
github.com/lcgerke/githelper/internal/scenarios/classifier.go:185.16,187.3 1 0
github.com/lcgerke/githelper/internal/scenarios/classifier.go:189.2,191.33 3 0
github.com/lcgerke/githelper/internal/scenarios/classifier.go:191.33,192.29 1 0
github.com/lcgerke/githelper/internal/scenarios/classifier.go:192.29,194.4 1 0
github.com/lcgerke/githelper/internal/scenarios/classifier.go:195.3,195.31 1 0
github.com/lcgerke/githelper/internal/scenarios/classifier.go:195.31,197.4 1 0
github.com/lcgerke/githelper/internal/scenarios/classifier.go:200.2,200.20 1 0
github.com/lcgerke/githelper/internal/scenarios/classifier.go:200.20,205.3 4 0
github.com/lcgerke/githelper/internal/scenarios/classifier.go:207.2,207.22 1 0
github.com/lcgerke/githelper/internal/scenarios/classifier.go:207.22,212.3 4 0
github.com/lcgerke/githelper/internal/scenarios/classifier.go:215.2,215.55 1 0
github.com/lcgerke/githelper/internal/scenarios/classifier.go:215.55,218.3 2 0
github.com/lcgerke/githelper/internal/scenarios/classifier.go:218.8,218.63 1 0
github.com/lcgerke/githelper/internal/scenarios/classifier.go:218.63,221.3 2 0
github.com/lcgerke/githelper/internal/scenarios/classifier.go:221.8,221.63 1 0
github.com/lcgerke/githelper/internal/scenarios/classifier.go:221.63,224.3 2 0
github.com/lcgerke/githelper/internal/scenarios/classifier.go:224.8,224.64 1 0
github.com/lcgerke/githelper/internal/scenarios/classifier.go:224.64,227.3 2 0
github.com/lcgerke/githelper/internal/scenarios/classifier.go:227.8,227.63 1 0
github.com/lcgerke/githelper/internal/scenarios/classifier.go:227.63,230.3 2 0
github.com/lcgerke/githelper/internal/scenarios/classifier.go:230.8,230.64 1 0
github.com/lcgerke/githelper/internal/scenarios/classifier.go:230.64,233.3 2 0
github.com/lcgerke/githelper/internal/scenarios/classifier.go:233.8,233.64 1 0
github.com/lcgerke/githelper/internal/scenarios/classifier.go:233.64,236.3 2 0
github.com/lcgerke/githelper/internal/scenarios/classifier.go:236.8,239.3 2 0
github.com/lcgerke/githelper/internal/scenarios/classifier.go:241.2,241.20 1 0
github.com/lcgerke/githelper/internal/scenarios/classifier.go:245.82,249.16 3 0
github.com/lcgerke/githelper/internal/scenarios/classifier.go:249.16,251.3 1 0
github.com/lcgerke/githelper/internal/scenarios/classifier.go:252.2,255.16 3 0
github.com/lcgerke/githelper/internal/scenarios/classifier.go:255.16,257.3 1 0
github.com/lcgerke/githelper/internal/scenarios/classifier.go:258.2,261.16 3 0
github.com/lcgerke/githelper/internal/scenarios/classifier.go:261.16,263.3 1 0
github.com/lcgerke/githelper/internal/scenarios/classifier.go:264.2,267.16 3 0
github.com/lcgerke/githelper/internal/scenarios/classifier.go:267.16,269.3 1 0
github.com/lcgerke/githelper/internal/scenarios/classifier.go:270.2,274.16 3 0
github.com/lcgerke/githelper/internal/scenarios/classifier.go:274.16,278.3 1 0
github.com/lcgerke/githelper/internal/scenarios/classifier.go:280.2,280.33 1 0
github.com/lcgerke/githelper/internal/scenarios/classifier.go:280.33,282.42 2 0
github.com/lcgerke/githelper/internal/scenarios/classifier.go:282.42,284.4 1 0
github.com/lcgerke/githelper/internal/scenarios/classifier.go:288.2,288.28 1 0
github.com/lcgerke/githelper/internal/scenarios/classifier.go:288.28,292.3 3 0
github.com/lcgerke/githelper/internal/scenarios/classifier.go:292.8,292.33 1 0
github.com/lcgerke/githelper/internal/scenarios/classifier.go:292.33,296.3 3 0
github.com/lcgerke/githelper/internal/scenarios/classifier.go:296.8,296.35 1 0
github.com/lcgerke/githelper/internal/scenarios/classifier.go:296.35,300.3 3 0
github.com/lcgerke/githelper/internal/scenarios/classifier.go:300.8,300.36 1 0
github.com/lcgerke/githelper/internal/scenarios/classifier.go:300.36,304.3 3 0
github.com/lcgerke/githelper/internal/scenarios/classifier.go:304.8,308.3 3 0
github.com/lcgerke/githelper/internal/scenarios/classifier.go:310.2,310.16 1 0
github.com/lcgerke/githelper/internal/scenarios/classifier.go:314.80,322.16 4 0
github.com/lcgerke/githelper/internal/scenarios/classifier.go:322.16,324.3 1 0
github.com/lcgerke/githelper/internal/scenarios/classifier.go:326.2,326.28 1 0
github.com/lcgerke/githelper/internal/scenarios/classifier.go:326.28,331.36 4 0
github.com/lcgerke/githelper/internal/scenarios/classifier.go:331.36,336.4 1 0
github.com/lcgerke/githelper/internal/scenarios/classifier.go:337.3,337.19 1 0
github.com/lcgerke/githelper/internal/scenarios/classifier.go:341.2,341.55 1 0
github.com/lcgerke/githelper/internal/scenarios/classifier.go:341.55,346.3 4 0
github.com/lcgerke/githelper/internal/scenarios/classifier.go:349.2,349.50 1 0
github.com/lcgerke/githelper/internal/scenarios/classifier.go:349.50,354.3 4 0
github.com/lcgerke/githelper/internal/scenarios/classifier.go:357.2,357.48 1 0
github.com/lcgerke/githelper/internal/scenarios/classifier.go:357.48,362.3 4 0
github.com/lcgerke/githelper/internal/scenarios/classifier.go:365.2,367.18 3 0
github.com/lcgerke/githelper/internal/scenarios/classifier.go:371.96,378.16 3 0
github.com/lcgerke/githelper/internal/scenarios/classifier.go:378.16,380.3 1 0
github.com/lcgerke/githelper/internal/scenarios/classifier.go:381.2,384.16 3 0
github.com/lcgerke/githelper/internal/scenarios/classifier.go:384.16,386.3 1 0
github.com/lcgerke/githelper/internal/scenarios/classifier.go:387.2,390.16 3 0
github.com/lcgerke/githelper/internal/scenarios/classifier.go:390.16,392.3 1 0
github.com/lcgerke/githelper/internal/scenarios/classifier.go:393.2,396.54 2 0
github.com/lcgerke/githelper/internal/scenarios/classifier.go:396.54,400.3 3 0
github.com/lcgerke/githelper/internal/scenarios/classifier.go:403.2,403.27 1 0
github.com/lcgerke/githelper/internal/scenarios/classifier.go:403.27,406.3 2 0
github.com/lcgerke/githelper/internal/scenarios/classifier.go:408.2,408.29 1 0
github.com/lcgerke/githelper/internal/scenarios/classifier.go:408.29,411.3 2 0
github.com/lcgerke/githelper/internal/scenarios/classifier.go:413.2,413.28 1 0
github.com/lcgerke/githelper/internal/scenarios/classifier.go:413.28,416.3 2 0
github.com/lcgerke/githelper/internal/scenarios/classifier.go:419.2,423.52 4 0
github.com/lcgerke/githelper/internal/scenarios/classifier.go:423.52,424.63 1 0
github.com/lcgerke/githelper/internal/scenarios/classifier.go:424.63,427.4 2 0
github.com/lcgerke/githelper/internal/scenarios/classifier.go:427.9,427.41 1 0
github.com/lcgerke/githelper/internal/scenarios/classifier.go:427.41,430.4 2 0
github.com/lcgerke/githelper/internal/scenarios/classifier.go:430.9,433.4 2 0
github.com/lcgerke/githelper/internal/scenarios/classifier.go:434.8,434.59 1 0
github.com/lcgerke/githelper/internal/scenarios/classifier.go:434.59,435.61 1 0
github.com/lcgerke/githelper/internal/scenarios/classifier.go:435.61,438.4 2 0
github.com/lcgerke/githelper/internal/scenarios/classifier.go:438.9,438.38 1 0
github.com/lcgerke/githelper/internal/scenarios/classifier.go:438.38,441.4 2 0
github.com/lcgerke/githelper/internal/scenarios/classifier.go:441.9,444.4 2 0
github.com/lcgerke/githelper/internal/scenarios/classifier.go:445.8,445.28 1 0
github.com/lcgerke/githelper/internal/scenarios/classifier.go:445.28,446.32 1 0
github.com/lcgerke/githelper/internal/scenarios/classifier.go:446.32,450.4 3 0
github.com/lcgerke/githelper/internal/scenarios/classifier.go:450.9,450.24 1 0
github.com/lcgerke/githelper/internal/scenarios/classifier.go:450.24,454.4 3 0
github.com/lcgerke/githelper/internal/scenarios/classifier.go:454.9,454.25 1 0
github.com/lcgerke/githelper/internal/scenarios/classifier.go:454.25,458.4 3 0
github.com/lcgerke/githelper/internal/scenarios/classifier.go:458.9,462.4 3 0
github.com/lcgerke/githelper/internal/scenarios/classifier.go:463.8,463.69 1 0
github.com/lcgerke/githelper/internal/scenarios/classifier.go:463.69,466.3 2 0
github.com/lcgerke/githelper/internal/scenarios/classifier.go:466.8,466.69 1 0
github.com/lcgerke/githelper/internal/scenarios/classifier.go:466.69,469.3 2 0
github.com/lcgerke/githelper/internal/scenarios/classifier.go:469.8,472.3 2 0
github.com/lcgerke/githelper/internal/scenarios/classifier.go:474.2,474.18 1 0
github.com/lcgerke/githelper/internal/scenarios/classifier.go:493.13,496.22 2 1
github.com/lcgerke/githelper/internal/scenarios/classifier.go:496.22,498.3 1 1
github.com/lcgerke/githelper/internal/scenarios/classifier.go:501.2,502.16 2 1
github.com/lcgerke/githelper/internal/scenarios/classifier.go:502.16,511.3 1 1
github.com/lcgerke/githelper/internal/scenarios/classifier.go:514.2,515.16 2 1
github.com/lcgerke/githelper/internal/scenarios/classifier.go:515.16,522.3 1 1
github.com/lcgerke/githelper/internal/scenarios/classifier.go:524.2,525.16 2 1
github.com/lcgerke/githelper/internal/scenarios/classifier.go:525.16,533.3 1 1
github.com/lcgerke/githelper/internal/scenarios/classifier.go:536.2,544.31 6 1
github.com/lcgerke/githelper/internal/scenarios/classifier.go:544.31,547.3 2 1
github.com/lcgerke/githelper/internal/scenarios/classifier.go:547.8,547.37 1 1
github.com/lcgerke/githelper/internal/scenarios/classifier.go:547.37,550.3 2 1
github.com/lcgerke/githelper/internal/scenarios/classifier.go:550.8,550.37 1 1
github.com/lcgerke/githelper/internal/scenarios/classifier.go:550.37,553.3 2 1
github.com/lcgerke/githelper/internal/scenarios/classifier.go:553.8,556.3 2 1
github.com/lcgerke/githelper/internal/scenarios/classifier.go:559.2,569.22 2 1
github.com/lcgerke/githelper/internal/scenarios/classifier.go:569.22,574.3 4 1
github.com/lcgerke/githelper/internal/scenarios/classifier.go:574.8,579.3 4 1
github.com/lcgerke/githelper/internal/scenarios/classifier.go:581.2,581.14 1 1
github.com/lcgerke/githelper/internal/scenarios/classifier.go:585.82,587.16 2 0
github.com/lcgerke/githelper/internal/scenarios/classifier.go:587.16,589.3 1 0
github.com/lcgerke/githelper/internal/scenarios/classifier.go:592.2,592.77 1 0
github.com/lcgerke/githelper/internal/scenarios/classifier.go:592.77,594.3 1 0
github.com/lcgerke/githelper/internal/scenarios/classifier.go:596.2,598.39 2 0
github.com/lcgerke/githelper/internal/scenarios/classifier.go:598.39,605.17 3 0
github.com/lcgerke/githelper/internal/scenarios/classifier.go:605.17,606.12 1 0
github.com/lcgerke/githelper/internal/scenarios/classifier.go:608.3,618.41 6 0
github.com/lcgerke/githelper/internal/scenarios/classifier.go:618.41,621.4 2 0
github.com/lcgerke/githelper/internal/scenarios/classifier.go:621.9,621.62 1 0
github.com/lcgerke/githelper/internal/scenarios/classifier.go:621.62,624.4 2 0
github.com/lcgerke/githelper/internal/scenarios/classifier.go:624.9,626.22 1 0
github.com/lcgerke/githelper/internal/scenarios/classifier.go:626.22,629.5 2 0
github.com/lcgerke/githelper/internal/scenarios/classifier.go:630.4,630.24 1 0
github.com/lcgerke/githelper/internal/scenarios/classifier.go:630.24,633.5 2 0
github.com/lcgerke/githelper/internal/scenarios/classifier.go:635.4,638.23 3 0
github.com/lcgerke/githelper/internal/scenarios/classifier.go:638.23,642.5 3 0
github.com/lcgerke/githelper/internal/scenarios/classifier.go:642.10,642.20 1 0
github.com/lcgerke/githelper/internal/scenarios/classifier.go:642.20,645.5 2 0
github.com/lcgerke/githelper/internal/scenarios/classifier.go:645.10,645.21 1 0
github.com/lcgerke/githelper/internal/scenarios/classifier.go:645.21,648.5 2 0
github.com/lcgerke/githelper/internal/scenarios/classifier.go:648.10,651.5 2 0
github.com/lcgerke/githelper/internal/scenarios/classifier.go:654.3,654.42 1 0
github.com/lcgerke/githelper/internal/scenarios/classifier.go:657.2,657.26 1 0
github.com/lcgerke/githelper/internal/scenarios/operations.go:19.89,21.9 2 0
github.com/lcgerke/githelper/internal/scenarios/operations.go:21.9,23.3 1 0
github.com/lcgerke/githelper/internal/scenarios/operations.go:26.2,26.35 1 0
github.com/lcgerke/githelper/internal/scenarios/operations.go:26.35,28.3 1 0
github.com/lcgerke/githelper/internal/scenarios/operations.go:29.2,29.12 1 0
github.com/lcgerke/githelper/internal/scenarios/operations.go:32.64,34.9 2 0
github.com/lcgerke/githelper/internal/scenarios/operations.go:34.9,36.3 1 0
github.com/lcgerke/githelper/internal/scenarios/operations.go:38.2,38.34 1 0
github.com/lcgerke/githelper/internal/scenarios/operations.go:41.45,43.2 1 0
github.com/lcgerke/githelper/internal/scenarios/operations.go:45.65,48.2 1 0
github.com/lcgerke/githelper/internal/scenarios/operations.go:56.88,58.9 2 0
github.com/lcgerke/githelper/internal/scenarios/operations.go:58.9,60.3 1 0
github.com/lcgerke/githelper/internal/scenarios/operations.go:63.2,63.35 1 0
github.com/lcgerke/githelper/internal/scenarios/operations.go:63.35,65.3 1 0
github.com/lcgerke/githelper/internal/scenarios/operations.go:68.2,68.30 1 0
github.com/lcgerke/githelper/internal/scenarios/operations.go:68.30,71.3 1 0
github.com/lcgerke/githelper/internal/scenarios/operations.go:73.2,73.12 1 0
github.com/lcgerke/githelper/internal/scenarios/operations.go:76.63,78.9 2 0
github.com/lcgerke/githelper/internal/scenarios/operations.go:78.9,80.3 1 0
github.com/lcgerke/githelper/internal/scenarios/operations.go:82.2,82.39 1 0
github.com/lcgerke/githelper/internal/scenarios/operations.go:85.44,87.2 1 0
github.com/lcgerke/githelper/internal/scenarios/operations.go:89.64,92.2 1 0
github.com/lcgerke/githelper/internal/scenarios/operations.go:99.89,101.9 2 0
github.com/lcgerke/githelper/internal/scenarios/operations.go:101.9,103.3 1 0
github.com/lcgerke/githelper/internal/scenarios/operations.go:106.2,106.30 1 0
github.com/lcgerke/githelper/internal/scenarios/operations.go:106.30,109.3 1 0
github.com/lcgerke/githelper/internal/scenarios/operations.go:112.2,112.18 1 0
github.com/lcgerke/githelper/internal/scenarios/operations.go:112.18,114.3 1 0
github.com/lcgerke/githelper/internal/scenarios/operations.go:119.2,120.16 2 0
github.com/lcgerke/githelper/internal/scenarios/operations.go:120.16,122.3 1 0
github.com/lcgerke/githelper/internal/scenarios/operations.go:124.2,124.17 1 0
github.com/lcgerke/githelper/internal/scenarios/operations.go:124.17,126.3 1 0
github.com/lcgerke/githelper/internal/scenarios/operations.go:128.2,128.12 1 0
github.com/lcgerke/githelper/internal/scenarios/operations.go:131.64,133.9 2 0
github.com/lcgerke/githelper/internal/scenarios/operations.go:133.9,135.3 1 0
github.com/lcgerke/githelper/internal/scenarios/operations.go:137.2,137.30 1 0
github.com/lcgerke/githelper/internal/scenarios/operations.go:140.45,142.2 1 0
github.com/lcgerke/githelper/internal/scenarios/operations.go:144.65,147.2 1 0
github.com/lcgerke/githelper/internal/scenarios/operations.go:155.88,157.9 2 0
github.com/lcgerke/githelper/internal/scenarios/operations.go:157.9,159.3 1 0
github.com/lcgerke/githelper/internal/scenarios/operations.go:162.2,162.35 1 0
github.com/lcgerke/githelper/internal/scenarios/operations.go:162.35,164.3 1 0
github.com/lcgerke/githelper/internal/scenarios/operations.go:167.2,167.30 1 0
github.com/lcgerke/githelper/internal/scenarios/operations.go:167.30,170.3 1 0
github.com/lcgerke/githelper/internal/scenarios/operations.go:173.2,175.16 3 0
github.com/lcgerke/githelper/internal/scenarios/operations.go:175.16,178.3 1 0
github.com/lcgerke/githelper/internal/scenarios/operations.go:180.2,180.17 1 0
github.com/lcgerke/githelper/internal/scenarios/operations.go:180.17,182.3 1 0
github.com/lcgerke/githelper/internal/scenarios/operations.go:184.2,184.12 1 0
github.com/lcgerke/githelper/internal/scenarios/operations.go:187.63,189.9 2 0
github.com/lcgerke/githelper/internal/scenarios/operations.go:189.9,191.3 1 0
github.com/lcgerke/githelper/internal/scenarios/operations.go:194.2,194.50 1 0
github.com/lcgerke/githelper/internal/scenarios/operations.go:194.50,196.3 1 0
github.com/lcgerke/githelper/internal/scenarios/operations.go:199.2,200.43 2 0
github.com/lcgerke/githelper/internal/scenarios/operations.go:200.43,202.3 1 0
github.com/lcgerke/githelper/internal/scenarios/operations.go:204.2,204.12 1 0
github.com/lcgerke/githelper/internal/scenarios/operations.go:207.44,209.2 1 0
github.com/lcgerke/githelper/internal/scenarios/operations.go:211.64,213.2 1 0
github.com/lcgerke/githelper/internal/scenarios/operations.go:221.93,222.38 1 0
github.com/lcgerke/githelper/internal/scenarios/operations.go:222.38,223.58 1 0
github.com/lcgerke/githelper/internal/scenarios/operations.go:223.58,225.4 1 0
github.com/lcgerke/githelper/internal/scenarios/operations.go:227.2,227.12 1 0
github.com/lcgerke/githelper/internal/scenarios/operations.go:230.68,231.38 1 0
github.com/lcgerke/githelper/internal/scenarios/operations.go:231.38,232.50 1 0
github.com/lcgerke/githelper/internal/scenarios/operations.go:232.50,233.22 1 0
github.com/lcgerke/githelper/internal/scenarios/operations.go:233.22,236.5 1 0
github.com/lcgerke/githelper/internal/scenarios/operations.go:239.2,239.12 1 0
github.com/lcgerke/githelper/internal/scenarios/operations.go:242.49,244.2 1 0
github.com/lcgerke/githelper/internal/scenarios/operations.go:246.69,249.2 1 0
github.com/lcgerke/githelper/internal/scenarios/operations.go:262.65,267.2 1 0
github.com/lcgerke/githelper/internal/scenarios/operations.go:270.76,271.22 1 0
github.com/lcgerke/githelper/internal/scenarios/operations.go:271.22,273.3 1 0
github.com/lcgerke/githelper/internal/scenarios/operations.go:275.2,275.26 1 0
github.com/lcgerke/githelper/internal/scenarios/operations.go:275.26,277.3 1 0
github.com/lcgerke/githelper/internal/scenarios/operations.go:280.2,280.69 1 0
github.com/lcgerke/githelper/internal/scenarios/operations.go:280.69,282.3 1 0
github.com/lcgerke/githelper/internal/scenarios/operations.go:285.2,285.61 1 0
github.com/lcgerke/githelper/internal/scenarios/operations.go:285.61,288.25 2 0
github.com/lcgerke/githelper/internal/scenarios/operations.go:288.25,290.4 1 0
github.com/lcgerke/githelper/internal/scenarios/operations.go:291.3,291.49 1 0
github.com/lcgerke/githelper/internal/scenarios/operations.go:294.2,294.12 1 0
github.com/lcgerke/githelper/internal/scenarios/operations.go:298.91,305.28 2 0
github.com/lcgerke/githelper/internal/scenarios/operations.go:305.28,306.47 1 0
github.com/lcgerke/githelper/internal/scenarios/operations.go:306.47,307.12 1 0
github.com/lcgerke/githelper/internal/scenarios/operations.go:310.3,310.49 1 0
github.com/lcgerke/githelper/internal/scenarios/operations.go:310.49,313.4 2 0
github.com/lcgerke/githelper/internal/scenarios/operations.go:313.9,315.4 1 0
github.com/lcgerke/githelper/internal/scenarios/operations.go:318.2,318.15 1 0
github.com/lcgerke/githelper/internal/scenarios/suggester.go:12.49,23.2 6 0
github.com/lcgerke/githelper/internal/scenarios/suggester.go:26.60,27.22 1 0
github.com/lcgerke/githelper/internal/scenarios/suggester.go:28.12,29.13 1 0
github.com/lcgerke/githelper/internal/scenarios/suggester.go:31.12,40.5 1 0
github.com/lcgerke/githelper/internal/scenarios/suggester.go:42.12,51.5 1 0
github.com/lcgerke/githelper/internal/scenarios/suggester.go:53.12,62.5 1 0
github.com/lcgerke/githelper/internal/scenarios/suggester.go:64.12,73.5 1 0
github.com/lcgerke/githelper/internal/scenarios/suggester.go:75.12,84.5 1 0
github.com/lcgerke/githelper/internal/scenarios/suggester.go:86.12,95.5 1 0
github.com/lcgerke/githelper/internal/scenarios/suggester.go:97.12,106.5 1 0
github.com/lcgerke/githelper/internal/scenarios/suggester.go:108.10,109.13 1 0
github.com/lcgerke/githelper/internal/scenarios/suggester.go:114.78,115.17 1 1
github.com/lcgerke/githelper/internal/scenarios/suggester.go:116.12,117.13 1 1
github.com/lcgerke/githelper/internal/scenarios/suggester.go:119.12,125.23 4 1
github.com/lcgerke/githelper/internal/scenarios/suggester.go:125.23,127.33 2 1
github.com/lcgerke/githelper/internal/scenarios/suggester.go:127.33,129.5 1 1
github.com/lcgerke/githelper/internal/scenarios/suggester.go:129.10,131.5 1 0
github.com/lcgerke/githelper/internal/scenarios/suggester.go:132.4,132.92 1 1
github.com/lcgerke/githelper/internal/scenarios/suggester.go:133.9,138.4 3 1
github.com/lcgerke/githelper/internal/scenarios/suggester.go:140.3,151.5 1 1
github.com/lcgerke/githelper/internal/scenarios/suggester.go:153.12,158.23 4 1
github.com/lcgerke/githelper/internal/scenarios/suggester.go:158.23,160.32 2 1
github.com/lcgerke/githelper/internal/scenarios/suggester.go:160.32,162.5 1 1
github.com/lcgerke/githelper/internal/scenarios/suggester.go:162.10,164.5 1 1
github.com/lcgerke/githelper/internal/scenarios/suggester.go:165.4,165.95 1 1
github.com/lcgerke/githelper/internal/scenarios/suggester.go:166.9,170.4 3 0
github.com/lcgerke/githelper/internal/scenarios/suggester.go:172.3,183.5 1 1
github.com/lcgerke/githelper/internal/scenarios/suggester.go:185.12,187.23 1 1
github.com/lcgerke/githelper/internal/scenarios/suggester.go:187.23,189.34 2 1
github.com/lcgerke/githelper/internal/scenarios/suggester.go:189.34,191.5 1 1
github.com/lcgerke/githelper/internal/scenarios/suggester.go:191.10,193.5 1 0
github.com/lcgerke/githelper/internal/scenarios/suggester.go:194.4,202.6 1 1
github.com/lcgerke/githelper/internal/scenarios/suggester.go:206.3,217.5 1 0
github.com/lcgerke/githelper/internal/scenarios/suggester.go:219.12,231.5 1 0
github.com/lcgerke/githelper/internal/scenarios/suggester.go:233.12,245.5 1 0
github.com/lcgerke/githelper/internal/scenarios/suggester.go:247.12,259.5 1 0
github.com/lcgerke/githelper/internal/scenarios/suggester.go:261.12,276.5 1 0
github.com/lcgerke/githelper/internal/scenarios/suggester.go:278.12,293.5 1 0
github.com/lcgerke/githelper/internal/scenarios/suggester.go:295.34,304.5 1 0
github.com/lcgerke/githelper/internal/scenarios/suggester.go:306.23,315.5 1 1
github.com/lcgerke/githelper/internal/scenarios/suggester.go:317.23,326.5 1 1
github.com/lcgerke/githelper/internal/scenarios/suggester.go:328.10,329.13 1 0
github.com/lcgerke/githelper/internal/scenarios/suggester.go:334.57,335.15 1 0
github.com/lcgerke/githelper/internal/scenarios/suggester.go:336.12,337.13 1 0
github.com/lcgerke/githelper/internal/scenarios/suggester.go:339.12,348.5 1 0
github.com/lcgerke/githelper/internal/scenarios/suggester.go:350.12,359.5 1 0
github.com/lcgerke/githelper/internal/scenarios/suggester.go:361.12,370.5 1 0
github.com/lcgerke/githelper/internal/scenarios/suggester.go:372.12,381.5 1 0
github.com/lcgerke/githelper/internal/scenarios/suggester.go:383.10,384.13 1 0
github.com/lcgerke/githelper/internal/scenarios/suggester.go:389.57,390.17 1 0
github.com/lcgerke/githelper/internal/scenarios/suggester.go:391.12,392.13 1 0
github.com/lcgerke/githelper/internal/scenarios/suggester.go:394.12,403.5 1 0
github.com/lcgerke/githelper/internal/scenarios/suggester.go:405.12,415.5 2 0
github.com/lcgerke/githelper/internal/scenarios/suggester.go:417.12,428.5 1 0
github.com/lcgerke/githelper/internal/scenarios/suggester.go:430.12,439.5 1 0
github.com/lcgerke/githelper/internal/scenarios/suggester.go:441.12,450.5 1 0
github.com/lcgerke/githelper/internal/scenarios/suggester.go:452.12,461.5 1 0
github.com/lcgerke/githelper/internal/scenarios/suggester.go:463.12,472.5 1 0
github.com/lcgerke/githelper/internal/scenarios/suggester.go:474.10,475.13 1 0
github.com/lcgerke/githelper/internal/scenarios/suggester.go:480.84,481.19 1 0
github.com/lcgerke/githelper/internal/scenarios/suggester.go:482.12,483.13 1 0
github.com/lcgerke/githelper/internal/scenarios/suggester.go:485.12,497.5 1 0
github.com/lcgerke/githelper/internal/scenarios/suggester.go:499.12,511.5 1 0
github.com/lcgerke/githelper/internal/scenarios/suggester.go:513.12,522.5 1 0
github.com/lcgerke/githelper/internal/scenarios/suggester.go:524.12,536.5 1 0
github.com/lcgerke/githelper/internal/scenarios/suggester.go:538.12,547.5 1 0
github.com/lcgerke/githelper/internal/scenarios/suggester.go:549.12,558.5 1 0
github.com/lcgerke/githelper/internal/scenarios/suggester.go:560.10,561.13 1 0
github.com/lcgerke/githelper/internal/scenarios/suggester.go:566.41,568.36 1 0
github.com/lcgerke/githelper/internal/scenarios/suggester.go:568.36,569.39 1 0
github.com/lcgerke/githelper/internal/scenarios/suggester.go:569.39,570.45 1 0
github.com/lcgerke/githelper/internal/scenarios/suggester.go:570.45,572.5 1 0
github.com/lcgerke/githelper/internal/scenarios/suggester.go:575.2,575.14 1 0
github.com/lcgerke/githelper/internal/scenarios/tables.go:4.39,707.2 1 0
github.com/lcgerke/githelper/internal/scenarios/tables.go:710.59,714.2 3 0
github.com/lcgerke/githelper/internal/scenarios/tables.go:717.67,721.28 3 0
github.com/lcgerke/githelper/internal/scenarios/tables.go:721.28,722.31 1 0
github.com/lcgerke/githelper/internal/scenarios/tables.go:722.31,724.4 1 0
github.com/lcgerke/githelper/internal/scenarios/tables.go:727.2,727.18 1 0
github.com/lcgerke/githelper/internal/scenarios/tables.go:731.53,735.28 3 0
github.com/lcgerke/githelper/internal/scenarios/tables.go:735.28,736.22 1 0
github.com/lcgerke/githelper/internal/scenarios/tables.go:736.22,738.4 1 0
github.com/lcgerke/githelper/internal/scenarios/tables.go:741.2,741.18 1 0
github.com/lcgerke/githelper/internal/scenarios/types.go:40.49,42.2 1 1
github.com/lcgerke/githelper/internal/scenarios/types.go:194.49,204.2 1 1
github.com/lcgerke/githelper/internal/errors/errors.go:29.41,30.18 1 0
github.com/lcgerke/githelper/internal/errors/errors.go:30.18,32.3 1 0
github.com/lcgerke/githelper/internal/errors/errors.go:33.2,33.49 1 0
github.com/lcgerke/githelper/internal/errors/errors.go:36.41,38.2 1 0
github.com/lcgerke/githelper/internal/errors/errors.go:41.55,43.18 2 0
github.com/lcgerke/githelper/internal/errors/errors.go:43.18,45.3 1 0
github.com/lcgerke/githelper/internal/errors/errors.go:46.2,46.12 1 0
github.com/lcgerke/githelper/internal/errors/errors.go:50.61,55.2 1 0
github.com/lcgerke/githelper/internal/errors/errors.go:58.73,64.2 1 0
github.com/lcgerke/githelper/internal/errors/errors.go:67.65,70.2 2 0
github.com/lcgerke/githelper/internal/errors/errors.go:74.63,79.2 1 0
github.com/lcgerke/githelper/internal/errors/errors.go:81.49,86.2 1 0
github.com/lcgerke/githelper/internal/errors/errors.go:88.54,93.2 1 0
github.com/lcgerke/githelper/internal/errors/errors.go:95.50,100.2 1 0
github.com/lcgerke/githelper/internal/errors/errors.go:102.54,104.27 2 0
github.com/lcgerke/githelper/internal/errors/errors.go:104.27,106.3 1 0
github.com/lcgerke/githelper/internal/errors/errors.go:107.2,110.3 1 0
github.com/lcgerke/githelper/internal/errors/errors.go:113.61,118.2 1 0
github.com/lcgerke/githelper/internal/errors/errors.go:120.46,125.2 1 0
github.com/lcgerke/githelper/internal/errors/errors.go:127.70,132.2 1 0
github.com/lcgerke/githelper/internal/errors/errors.go:134.69,139.2 1 0
github.com/lcgerke/githelper/internal/errors/errors.go:141.48,146.2 1 0
github.com/lcgerke/githelper/internal/errors/errors.go:148.64,153.2 1 0
github.com/lcgerke/githelper/internal/errors/errors.go:155.63,160.2 1 0
github.com/lcgerke/githelper/internal/ui/output.go:29.42,36.2 3 0
github.com/lcgerke/githelper/internal/ui/output.go:39.33,40.19 1 0
github.com/lcgerke/githelper/internal/ui/output.go:40.19,42.3 1 0
github.com/lcgerke/githelper/internal/ui/output.go:45.2,45.41 1 0
github.com/lcgerke/githelper/internal/ui/output.go:45.41,47.61 2 0
github.com/lcgerke/githelper/internal/ui/output.go:47.61,51.4 2 0
github.com/lcgerke/githelper/internal/ui/output.go:51.9,55.4 2 0
github.com/lcgerke/githelper/internal/ui/output.go:56.8,60.3 2 0
github.com/lcgerke/githelper/internal/ui/output.go:64.49,68.2 3 0
github.com/lcgerke/githelper/internal/ui/output.go:71.48,73.2 1 0
github.com/lcgerke/githelper/internal/ui/output.go:76.32,78.2 1 0
github.com/lcgerke/githelper/internal/ui/output.go:81.42,82.28 1 0
github.com/lcgerke/githelper/internal/ui/output.go:82.28,88.3 2 0
github.com/lcgerke/githelper/internal/ui/output.go:90.2,90.20 1 0
github.com/lcgerke/githelper/internal/ui/output.go:90.20,92.3 1 0
github.com/lcgerke/githelper/internal/ui/output.go:92.8,94.3 1 0
github.com/lcgerke/githelper/internal/ui/output.go:98.40,99.28 1 0
github.com/lcgerke/githelper/internal/ui/output.go:99.28,105.3 2 0
github.com/lcgerke/githelper/internal/ui/output.go:107.2,107.20 1 0
github.com/lcgerke/githelper/internal/ui/output.go:107.20,109.3 1 0
github.com/lcgerke/githelper/internal/ui/output.go:109.8,111.3 1 0
github.com/lcgerke/githelper/internal/ui/output.go:115.42,116.28 1 0
github.com/lcgerke/githelper/internal/ui/output.go:116.28,122.3 2 0
github.com/lcgerke/githelper/internal/ui/output.go:124.2,124.20 1 0
github.com/lcgerke/githelper/internal/ui/output.go:124.20,126.3 1 0
github.com/lcgerke/githelper/internal/ui/output.go:126.8,128.3 1 0
github.com/lcgerke/githelper/internal/ui/output.go:132.39,133.28 1 0
github.com/lcgerke/githelper/internal/ui/output.go:133.28,139.3 2 0
github.com/lcgerke/githelper/internal/ui/output.go:141.2,141.40 1 0
github.com/lcgerke/githelper/internal/ui/output.go:145.39,146.28 1 0
github.com/lcgerke/githelper/internal/ui/output.go:146.28,148.3 1 0
github.com/lcgerke/githelper/internal/ui/output.go:150.2,150.20 1 0
github.com/lcgerke/githelper/internal/ui/output.go:150.20,152.3 1 0
github.com/lcgerke/githelper/internal/ui/output.go:152.8,154.3 1 0
github.com/lcgerke/githelper/internal/ui/output.go:158.30,159.28 1 0
github.com/lcgerke/githelper/internal/ui/output.go:159.28,161.3 1 0
github.com/lcgerke/githelper/internal/ui/output.go:163.2,163.163 1 0
github.com/lcgerke/githelper/internal/ui/output.go:167.47,169.2 1 0
github.com/lcgerke/githelper/internal/ui/output.go:172.52,176.2 3 0
github.com/lcgerke/githelper/internal/ui/output.go:179.60,181.2 1 0
github.com/lcgerke/githelper/internal/ui/output.go:184.63,186.2 1 0
github.com/lcgerke/githelper/internal/ui/output.go:189.61,191.2 1 0
github.com/lcgerke/githelper/internal/ui/output.go:194.63,196.2 1 0
github.com/lcgerke/githelper/internal/config/config.go:33.73,34.20 1 0
github.com/lcgerke/githelper/internal/config/config.go:34.20,36.17 2 0
github.com/lcgerke/githelper/internal/config/config.go:36.17,38.4 1 0
github.com/lcgerke/githelper/internal/config/config.go:39.3,39.56 1 0
github.com/lcgerke/githelper/internal/config/config.go:43.2,43.52 1 0
github.com/lcgerke/githelper/internal/config/config.go:43.52,45.3 1 0
github.com/lcgerke/githelper/internal/config/config.go:47.2,48.16 2 0
github.com/lcgerke/githelper/internal/config/config.go:48.16,50.3 1 0
github.com/lcgerke/githelper/internal/config/config.go:52.2,56.8 1 0
github.com/lcgerke/githelper/internal/config/config.go:60.60,62.33 1 0
github.com/lcgerke/githelper/internal/config/config.go:62.33,64.17 2 0
github.com/lcgerke/githelper/internal/config/config.go:64.17,68.4 2 0
github.com/lcgerke/githelper/internal/config/config.go:73.2,74.16 2 0
github.com/lcgerke/githelper/internal/config/config.go:74.16,76.3 1 0
github.com/lcgerke/githelper/internal/config/config.go:79.2,80.22 2 0
github.com/lcgerke/githelper/internal/config/config.go:80.22,82.3 1 0
github.com/lcgerke/githelper/internal/config/config.go:84.2,84.33 1 0
github.com/lcgerke/githelper/internal/config/config.go:88.69,89.34 1 0
github.com/lcgerke/githelper/internal/config/config.go:89.34,91.3 1 0
github.com/lcgerke/githelper/internal/config/config.go:93.2,93.42 1 0
github.com/lcgerke/githelper/internal/config/config.go:97.59,98.34 1 0
github.com/lcgerke/githelper/internal/config/config.go:98.34,100.3 1 0
github.com/lcgerke/githelper/internal/config/config.go:102.2,102.39 1 0
github.com/lcgerke/githelper/internal/config/config.go:106.56,114.16 4 0
github.com/lcgerke/githelper/internal/config/config.go:114.16,116.3 1 0
github.com/lcgerke/githelper/internal/config/config.go:118.2,118.60 1 0
github.com/lcgerke/githelper/internal/config/config.go:118.60,120.3 1 0
github.com/lcgerke/githelper/internal/config/config.go:122.2,122.12 1 0
github.com/lcgerke/githelper/internal/config/config.go:126.54,130.16 3 0
github.com/lcgerke/githelper/internal/config/config.go:130.16,132.3 1 0
github.com/lcgerke/githelper/internal/config/config.go:134.2,135.54 2 0
github.com/lcgerke/githelper/internal/config/config.go:135.54,137.3 1 0
github.com/lcgerke/githelper/internal/config/config.go:139.2,139.21 1 0
github.com/lcgerke/githelper/internal/config/config.go:143.47,145.16 2 0
github.com/lcgerke/githelper/internal/config/config.go:145.16,147.3 1 0
github.com/lcgerke/githelper/internal/config/config.go:148.2,148.37 1 0
github.com/lcgerke/githelper/internal/config/config.go:152.43,154.2 1 0
github.com/lcgerke/githelper/internal/hooks/hooks.go:41.43,50.2 3 0
github.com/lcgerke/githelper/internal/hooks/hooks.go:53.35,55.54 1 0
github.com/lcgerke/githelper/internal/hooks/hooks.go:55.54,57.3 1 0
github.com/lcgerke/githelper/internal/hooks/hooks.go:60.2,64.63 3 0
github.com/lcgerke/githelper/internal/hooks/hooks.go:64.63,66.3 1 0
github.com/lcgerke/githelper/internal/hooks/hooks.go:69.2,69.65 1 0
github.com/lcgerke/githelper/internal/hooks/hooks.go:69.65,71.3 1 0
github.com/lcgerke/githelper/internal/hooks/hooks.go:73.2,73.12 1 0
github.com/lcgerke/githelper/internal/hooks/hooks.go:77.59,82.45 3 0
github.com/lcgerke/githelper/internal/hooks/hooks.go:82.45,84.57 1 0
github.com/lcgerke/githelper/internal/hooks/hooks.go:84.57,86.4 1 0
github.com/lcgerke/githelper/internal/hooks/hooks.go:90.2,90.70 1 0
github.com/lcgerke/githelper/internal/hooks/hooks.go:90.70,92.56 1 0
github.com/lcgerke/githelper/internal/hooks/hooks.go:92.56,94.4 1 0
github.com/lcgerke/githelper/internal/hooks/hooks.go:95.3,95.62 1 0
github.com/lcgerke/githelper/internal/hooks/hooks.go:98.2,98.12 1 0
github.com/lcgerke/githelper/internal/hooks/hooks.go:102.37,105.29 2 0
github.com/lcgerke/githelper/internal/hooks/hooks.go:105.29,109.46 2 0
github.com/lcgerke/githelper/internal/hooks/hooks.go:109.46,110.46 1 0
github.com/lcgerke/githelper/internal/hooks/hooks.go:110.46,112.5 1 0
github.com/lcgerke/githelper/internal/hooks/hooks.go:116.2,116.12 1 0
github.com/lcgerke/githelper/internal/hooks/hooks.go:120.57,122.2 1 0
github.com/lcgerke/githelper/internal/hooks/hooks.go:125.51,129.2 3 0
github.com/lcgerke/githelper/internal/hooks/hooks.go:132.38,140.2 5 0
github.com/lcgerke/githelper/internal/state/state.go:49.52,50.20 1 0
github.com/lcgerke/githelper/internal/state/state.go:50.20,52.17 2 0
github.com/lcgerke/githelper/internal/state/state.go:52.17,54.4 1 0
github.com/lcgerke/githelper/internal/state/state.go:55.3,55.47 1 0
github.com/lcgerke/githelper/internal/state/state.go:59.2,59.52 1 0
github.com/lcgerke/githelper/internal/state/state.go:59.52,61.3 1 0
github.com/lcgerke/githelper/internal/state/state.go:63.2,67.8 2 0
github.com/lcgerke/githelper/internal/state/state.go:71.42,76.56 3 0
github.com/lcgerke/githelper/internal/state/state.go:76.56,80.3 1 0
github.com/lcgerke/githelper/internal/state/state.go:82.2,83.16 2 0
github.com/lcgerke/githelper/internal/state/state.go:83.16,85.3 1 0
github.com/lcgerke/githelper/internal/state/state.go:87.2,88.53 2 0
github.com/lcgerke/githelper/internal/state/state.go:88.53,90.3 1 0
github.com/lcgerke/githelper/internal/state/state.go:93.2,93.31 1 0
github.com/lcgerke/githelper/internal/state/state.go:93.31,95.3 1 0
github.com/lcgerke/githelper/internal/state/state.go:97.2,97.20 1 0
github.com/lcgerke/githelper/internal/state/state.go:101.44,106.16 4 0
github.com/lcgerke/githelper/internal/state/state.go:106.16,108.3 1 0
github.com/lcgerke/githelper/internal/state/state.go:110.2,110.62 1 0
github.com/lcgerke/githelper/internal/state/state.go:110.62,112.3 1 0
github.com/lcgerke/githelper/internal/state/state.go:114.2,114.12 1 0
github.com/lcgerke/githelper/internal/state/state.go:118.70,120.16 2 0
github.com/lcgerke/githelper/internal/state/state.go:120.16,122.3 1 0
github.com/lcgerke/githelper/internal/state/state.go:124.2,125.22 2 0
github.com/lcgerke/githelper/internal/state/state.go:129.67,131.16 2 0
github.com/lcgerke/githelper/internal/state/state.go:131.16,133.3 1 0
github.com/lcgerke/githelper/internal/state/state.go:135.2,136.13 2 0
github.com/lcgerke/githelper/internal/state/state.go:136.13,138.3 1 0
github.com/lcgerke/githelper/internal/state/state.go:140.2,140.18 1 0
github.com/lcgerke/githelper/internal/state/state.go:144.70,146.16 2 0
github.com/lcgerke/githelper/internal/state/state.go:146.16,148.3 1 0
github.com/lcgerke/githelper/internal/state/state.go:150.2,150.32 1 0
github.com/lcgerke/githelper/internal/state/state.go:154.55,156.16 2 0
github.com/lcgerke/githelper/internal/state/state.go:156.16,158.3 1 0
github.com/lcgerke/githelper/internal/state/state.go:160.2,161.22 2 0
github.com/lcgerke/githelper/internal/state/state.go:165.87,167.16 2 0
github.com/lcgerke/githelper/internal/state/state.go:167.16,169.3 1 0
github.com/lcgerke/githelper/internal/state/state.go:171.2,172.13 2 0
github.com/lcgerke/githelper/internal/state/state.go:172.13,174.3 1 0
github.com/lcgerke/githelper/internal/state/state.go:176.2,176.24 1 0
github.com/lcgerke/githelper/internal/state/state.go:176.24,178.3 1 0
github.com/lcgerke/githelper/internal/state/state.go:180.2,185.22 5 0
github.com/lcgerke/githelper/internal/vault/client.go:21.54,23.19 2 0
github.com/lcgerke/githelper/internal/vault/client.go:23.19,25.3 1 0
github.com/lcgerke/githelper/internal/vault/client.go:27.2,28.16 2 0
github.com/lcgerke/githelper/internal/vault/client.go:28.16,30.3 1 0
github.com/lcgerke/githelper/internal/vault/client.go:32.2,35.8 1 0
github.com/lcgerke/githelper/internal/vault/client.go:39.73,41.16 2 0
github.com/lcgerke/githelper/internal/vault/client.go:41.16,43.3 1 0
github.com/lcgerke/githelper/internal/vault/client.go:45.2,45.41 1 0
github.com/lcgerke/githelper/internal/vault/client.go:45.41,47.3 1 0
github.com/lcgerke/githelper/internal/vault/client.go:49.2,49.25 1 0
github.com/lcgerke/githelper/internal/vault/client.go:53.76,55.16 2 0
github.com/lcgerke/githelper/internal/vault/client.go:55.16,57.3 1 0
github.com/lcgerke/githelper/internal/vault/client.go:59.2,59.12 1 0
github.com/lcgerke/githelper/internal/vault/client.go:63.37,69.2 4 0
github.com/lcgerke/githelper/internal/vault/client.go:72.47,74.16 2 0
github.com/lcgerke/githelper/internal/vault/client.go:74.16,76.3 1 0
github.com/lcgerke/githelper/internal/vault/client.go:78.2,80.51 2 0
github.com/lcgerke/githelper/internal/vault/client.go:80.51,82.3 1 0
github.com/lcgerke/githelper/internal/vault/client.go:83.2,83.53 1 0
github.com/lcgerke/githelper/internal/vault/client.go:83.53,85.3 1 0
github.com/lcgerke/githelper/internal/vault/client.go:86.2,86.54 1 0
github.com/lcgerke/githelper/internal/vault/client.go:86.54,88.3 1 0
github.com/lcgerke/githelper/internal/vault/client.go:89.2,89.52 1 0
github.com/lcgerke/githelper/internal/vault/client.go:89.52,91.3 1 0
github.com/lcgerke/githelper/internal/vault/client.go:92.2,92.50 1 0
github.com/lcgerke/githelper/internal/vault/client.go:92.50,94.3 1 0
github.com/lcgerke/githelper/internal/vault/client.go:95.2,95.47 1 0
github.com/lcgerke/githelper/internal/vault/client.go:95.47,97.3 1 0
github.com/lcgerke/githelper/internal/vault/client.go:98.2,98.58 1 0
github.com/lcgerke/githelper/internal/vault/client.go:98.58,100.3 1 0
github.com/lcgerke/githelper/internal/vault/client.go:102.2,102.17 1 0
github.com/lcgerke/githelper/internal/vault/client.go:107.62,112.20 3 0
github.com/lcgerke/githelper/internal/vault/client.go:112.20,115.17 3 0
github.com/lcgerke/githelper/internal/vault/client.go:115.17,117.4 1 0
github.com/lcgerke/githelper/internal/vault/client.go:121.2,122.16 2 0
github.com/lcgerke/githelper/internal/vault/client.go:122.16,124.3 1 0
github.com/lcgerke/githelper/internal/vault/client.go:126.2,126.26 1 0
github.com/lcgerke/githelper/internal/vault/client.go:131.58,136.20 3 0
github.com/lcgerke/githelper/internal/vault/client.go:136.20,139.17 3 0
github.com/lcgerke/githelper/internal/vault/client.go:139.17,140.47 1 0
github.com/lcgerke/githelper/internal/vault/client.go:140.47,142.5 1 0
github.com/lcgerke/githelper/internal/vault/client.go:147.2,148.16 2 0
github.com/lcgerke/githelper/internal/vault/client.go:148.16,150.3 1 0
github.com/lcgerke/githelper/internal/vault/client.go:152.2,152.45 1 0
github.com/lcgerke/githelper/internal/vault/client.go:152.45,154.3 1 0
github.com/lcgerke/githelper/internal/vault/client.go:156.2,156.57 1 0
github.com/lcgerke/githelper/internal/vault/client.go:159.64,163.9 3 0
github.com/lcgerke/githelper/internal/vault/client.go:163.9,165.3 1 0
github.com/lcgerke/githelper/internal/vault/client.go:166.2,168.54 2 0
github.com/lcgerke/githelper/internal/vault/client.go:168.54,170.3 1 0
github.com/lcgerke/githelper/internal/vault/client.go:172.2,172.17 1 0
github.com/lcgerke/githelper/internal/vault/ssh.go:11.75,14.16 2 0
github.com/lcgerke/githelper/internal/vault/ssh.go:14.16,16.3 1 0
github.com/lcgerke/githelper/internal/vault/ssh.go:19.2,19.51 1 0
github.com/lcgerke/githelper/internal/vault/ssh.go:19.51,21.3 1 0
github.com/lcgerke/githelper/internal/vault/ssh.go:24.2,25.20 2 0
github.com/lcgerke/githelper/internal/vault/ssh.go:25.20,27.3 1 0
github.com/lcgerke/githelper/internal/vault/ssh.go:27.8,29.3 1 0
github.com/lcgerke/githelper/internal/vault/ssh.go:32.2,33.86 2 0
github.com/lcgerke/githelper/internal/vault/ssh.go:33.86,35.3 1 0
github.com/lcgerke/githelper/internal/vault/ssh.go:38.2,38.28 1 0
github.com/lcgerke/githelper/internal/vault/ssh.go:38.28,40.85 2 0
github.com/lcgerke/githelper/internal/vault/ssh.go:40.85,43.4 1 0
github.com/lcgerke/githelper/internal/vault/ssh.go:46.2,46.28 1 0
github.com/lcgerke/githelper/internal/vault/ssh.go:50.52,51.18 1 0
github.com/lcgerke/githelper/internal/vault/ssh.go:51.18,54.3 2 0
github.com/lcgerke/githelper/internal/vault/ssh.go:56.2,57.20 2 0
github.com/lcgerke/githelper/internal/vault/ssh.go:57.20,59.3 1 0
github.com/lcgerke/githelper/internal/vault/ssh.go:59.8,61.3 1 0
github.com/lcgerke/githelper/internal/vault/ssh.go:63.2,63.39 1 0
github.com/lcgerke/githelper/test/corpus/cache.go:20.64,22.16 2 0
github.com/lcgerke/githelper/test/corpus/cache.go:22.16,24.3 1 0
github.com/lcgerke/githelper/test/corpus/cache.go:26.2,28.13 2 0
github.com/lcgerke/githelper/test/corpus/cache.go:28.13,29.52 1 0
github.com/lcgerke/githelper/test/corpus/cache.go:29.52,31.4 1 0
github.com/lcgerke/githelper/test/corpus/cache.go:34.2,38.8 1 0
github.com/lcgerke/githelper/test/corpus/cache.go:43.55,44.16 1 0
github.com/lcgerke/githelper/test/corpus/cache.go:44.16,47.17 2 0
github.com/lcgerke/githelper/test/corpus/cache.go:47.17,49.4 1 0
github.com/lcgerke/githelper/test/corpus/cache.go:51.3,51.46 1 0
github.com/lcgerke/githelper/test/corpus/cache.go:51.46,54.4 2 0
github.com/lcgerke/githelper/test/corpus/cache.go:56.3,56.28 1 0
github.com/lcgerke/githelper/test/corpus/cache.go:60.2,64.31 3 0
github.com/lcgerke/githelper/test/corpus/cache.go:64.31,66.45 1 0
github.com/lcgerke/githelper/test/corpus/cache.go:66.45,69.4 1 0
github.com/lcgerke/githelper/test/corpus/cache.go:70.3,70.30 1 0
github.com/lcgerke/githelper/test/corpus/cache.go:74.2,74.71 1 0
github.com/lcgerke/githelper/test/corpus/cache.go:74.71,76.3 1 0
github.com/lcgerke/githelper/test/corpus/cache.go:78.2,78.53 1 0
github.com/lcgerke/githelper/test/corpus/cache.go:78.53,80.3 1 0
github.com/lcgerke/githelper/test/corpus/cache.go:82.2,82.48 1 0
github.com/lcgerke/githelper/test/corpus/cache.go:82.48,85.3 2 0
github.com/lcgerke/githelper/test/corpus/cache.go:88.2,89.99 2 0
github.com/lcgerke/githelper/test/corpus/cache.go:89.99,92.3 1 0
github.com/lcgerke/githelper/test/corpus/cache.go:94.2,94.30 1 0
github.com/lcgerke/githelper/test/corpus/cache.go:98.31,99.16 1 0
github.com/lcgerke/githelper/test/corpus/cache.go:99.16,101.3 1 0
github.com/lcgerke/githelper/test/corpus/cache.go:102.2,102.32 1 0
github.com/lcgerke/githelper/test/corpus/cache.go:106.38,107.16 1 0
github.com/lcgerke/githelper/test/corpus/cache.go:107.16,109.3 1 0
github.com/lcgerke/githelper/test/corpus/cache.go:111.2,112.16 2 0
github.com/lcgerke/githelper/test/corpus/cache.go:112.16,113.25 1 0
github.com/lcgerke/githelper/test/corpus/cache.go:113.25,115.4 1 0
github.com/lcgerke/githelper/test/corpus/cache.go:116.3,116.13 1 0
github.com/lcgerke/githelper/test/corpus/cache.go:119.2,119.32 1 0
github.com/lcgerke/githelper/test/corpus/cache.go:119.32,120.21 1 0
github.com/lcgerke/githelper/test/corpus/cache.go:120.21,121.12 1 0
github.com/lcgerke/githelper/test/corpus/cache.go:124.3,125.33 2 0
github.com/lcgerke/githelper/test/corpus/cache.go:125.33,126.50 1 0
github.com/lcgerke/githelper/test/corpus/cache.go:126.50,128.5 1 0
github.com/lcgerke/githelper/test/corpus/cache.go:132.2,132.12 1 0
github.com/lcgerke/githelper/test/corpus/cache.go:136.53,139.2 2 0
github.com/lcgerke/githelper/test/corpus/cache.go:142.48,145.43 2 0
github.com/lcgerke/githelper/test/corpus/cache.go:145.43,147.3 1 0
github.com/lcgerke/githelper/test/corpus/cache.go:150.2,152.16 3 0
github.com/lcgerke/githelper/test/corpus/cache.go:152.16,155.3 1 0
github.com/lcgerke/githelper/test/corpus/cache.go:157.2,158.16 2 0
github.com/lcgerke/githelper/test/corpus/cache.go:158.16,160.3 1 0
github.com/lcgerke/githelper/test/corpus/cache.go:162.2,162.38 1 0
github.com/lcgerke/githelper/test/corpus/cache.go:166.51,171.16 4 0
github.com/lcgerke/githelper/test/corpus/cache.go:171.16,173.3 1 0
github.com/lcgerke/githelper/test/corpus/cache.go:175.2,175.12 1 0
github.com/lcgerke/githelper/test/corpus/cache.go:179.47,185.16 5 0
github.com/lcgerke/githelper/test/corpus/cache.go:185.16,187.3 1 0
github.com/lcgerke/githelper/test/corpus/cache.go:189.2,189.12 1 0
github.com/lcgerke/githelper/test/corpus/cache.go:193.45,194.16 1 0
github.com/lcgerke/githelper/test/corpus/cache.go:194.16,196.3 1 0
github.com/lcgerke/githelper/test/corpus/cache.go:198.2,199.16 2 0
github.com/lcgerke/githelper/test/corpus/cache.go:199.16,200.25 1 0
github.com/lcgerke/githelper/test/corpus/cache.go:200.25,202.4 1 0
github.com/lcgerke/githelper/test/corpus/cache.go:203.3,203.19 1 0
github.com/lcgerke/githelper/test/corpus/cache.go:206.2,209.32 3 0
github.com/lcgerke/githelper/test/corpus/cache.go:209.32,210.21 1 0
github.com/lcgerke/githelper/test/corpus/cache.go:210.21,211.12 1 0
github.com/lcgerke/githelper/test/corpus/cache.go:213.3,218.20 4 0
github.com/lcgerke/githelper/test/corpus/cache.go:221.2,221.30 1 0
github.com/lcgerke/githelper/test/corpus/cache.go:225.53,228.79 2 0
github.com/lcgerke/githelper/test/corpus/cache.go:228.79,229.17 1 0
github.com/lcgerke/githelper/test/corpus/cache.go:229.17,231.4 1 0
github.com/lcgerke/githelper/test/corpus/cache.go:232.3,232.20 1 0
github.com/lcgerke/githelper/test/corpus/cache.go:232.20,234.4 1 0
github.com/lcgerke/githelper/test/corpus/cache.go:235.3,235.13 1 0
github.com/lcgerke/githelper/test/corpus/cache.go:238.2,238.18 1 0
github.com/lcgerke/githelper/test/corpus/main.go:11.13,21.22 8 0
github.com/lcgerke/githelper/test/corpus/main.go:21.22,33.3 11 0
github.com/lcgerke/githelper/test/corpus/main.go:35.2,39.16 3 0
github.com/lcgerke/githelper/test/corpus/main.go:39.16,45.3 5 0
github.com/lcgerke/githelper/test/corpus/main.go:48.2,49.16 2 0
github.com/lcgerke/githelper/test/corpus/main.go:49.16,52.3 2 0
github.com/lcgerke/githelper/test/corpus/main.go:54.2,57.17 2 0
github.com/lcgerke/githelper/test/corpus/main.go:57.17,59.17 2 0
github.com/lcgerke/githelper/test/corpus/main.go:59.17,62.4 2 0
github.com/lcgerke/githelper/test/corpus/main.go:63.3,66.9 4 0
github.com/lcgerke/githelper/test/corpus/main.go:69.2,69.17 1 0
github.com/lcgerke/githelper/test/corpus/main.go:69.17,71.39 2 0
github.com/lcgerke/githelper/test/corpus/main.go:71.39,74.4 2 0
github.com/lcgerke/githelper/test/corpus/main.go:75.3,76.9 2 0
github.com/lcgerke/githelper/test/corpus/main.go:79.2,79.19 1 0
github.com/lcgerke/githelper/test/corpus/main.go:79.19,81.46 2 0
github.com/lcgerke/githelper/test/corpus/main.go:81.46,84.4 2 0
github.com/lcgerke/githelper/test/corpus/main.go:85.3,85.51 1 0
github.com/lcgerke/githelper/test/corpus/main.go:89.2,90.43 2 0
github.com/lcgerke/githelper/test/corpus/main.go:90.43,93.3 2 0
github.com/lcgerke/githelper/test/corpus/main.go:96.2,102.23 3 0
github.com/lcgerke/githelper/test/corpus/main.go:102.23,103.57 1 0
github.com/lcgerke/githelper/test/corpus/main.go:103.57,106.4 2 0
github.com/lcgerke/githelper/test/corpus/main.go:110.2,110.23 1 0
github.com/lcgerke/githelper/test/corpus/main.go:110.23,111.57 1 0
github.com/lcgerke/githelper/test/corpus/main.go:111.57,114.4 2 0
github.com/lcgerke/githelper/test/corpus/main.go:118.2,118.24 1 0
github.com/lcgerke/githelper/test/corpus/main.go:118.24,119.56 1 0
github.com/lcgerke/githelper/test/corpus/main.go:119.56,122.4 2 0
github.com/lcgerke/githelper/test/corpus/main.go:126.2,127.37 2 0
github.com/lcgerke/githelper/test/corpus/main.go:127.37,129.3 1 0
github.com/lcgerke/githelper/test/corpus/main.go:130.2,130.45 1 0
github.com/lcgerke/githelper/test/corpus/main.go:130.45,133.3 2 0
github.com/lcgerke/githelper/test/corpus/main.go:137.53,139.45 1 0
github.com/lcgerke/githelper/test/corpus/main.go:139.45,141.3 1 0
github.com/lcgerke/githelper/test/corpus/main.go:144.2,151.29 3 0
github.com/lcgerke/githelper/test/corpus/main.go:151.29,152.42 1 0
github.com/lcgerke/githelper/test/corpus/main.go:152.42,154.4 1 0
github.com/lcgerke/githelper/test/corpus/main.go:157.2,157.83 1 0
github.com/lcgerke/githelper/test/corpus/reporter.go:19.47,24.2 1 0
github.com/lcgerke/githelper/test/corpus/reporter.go:27.49,29.2 1 0
github.com/lcgerke/githelper/test/corpus/reporter.go:32.44,38.35 4 0
github.com/lcgerke/githelper/test/corpus/reporter.go:38.35,39.22 1 0
github.com/lcgerke/githelper/test/corpus/reporter.go:39.22,41.4 1 0
github.com/lcgerke/githelper/test/corpus/reporter.go:42.3,42.46 1 0
github.com/lcgerke/githelper/test/corpus/reporter.go:42.46,44.4 1 0
github.com/lcgerke/githelper/test/corpus/reporter.go:47.2,55.3 1 0
github.com/lcgerke/githelper/test/corpus/reporter.go:59.47,68.35 4 0
github.com/lcgerke/githelper/test/corpus/reporter.go:68.35,69.21 1 0
github.com/lcgerke/githelper/test/corpus/reporter.go:69.21,71.4 1 0
github.com/lcgerke/githelper/test/corpus/reporter.go:71.9,73.4 1 0
github.com/lcgerke/githelper/test/corpus/reporter.go:75.3,75.19 1 0
github.com/lcgerke/githelper/test/corpus/reporter.go:75.19,77.4 1 0
github.com/lcgerke/githelper/test/corpus/reporter.go:77.9,77.36 1 0
github.com/lcgerke/githelper/test/corpus/reporter.go:77.36,79.4 1 0
github.com/lcgerke/githelper/test/corpus/reporter.go:81.3,81.27 1 0
github.com/lcgerke/githelper/test/corpus/reporter.go:81.27,83.4 1 0
github.com/lcgerke/githelper/test/corpus/reporter.go:86.3,87.48 2 0
github.com/lcgerke/githelper/test/corpus/reporter.go:87.48,89.4 1 0
github.com/lcgerke/githelper/test/corpus/reporter.go:92.3,92.29 1 0
github.com/lcgerke/githelper/test/corpus/reporter.go:92.29,97.4 4 0
github.com/lcgerke/githelper/test/corpus/reporter.go:100.2,100.30 1 0
github.com/lcgerke/githelper/test/corpus/reporter.go:100.30,102.3 1 0
github.com/lcgerke/githelper/test/corpus/reporter.go:103.2,107.31 3 0
github.com/lcgerke/githelper/test/corpus/reporter.go:107.31,109.3 1 0
github.com/lcgerke/githelper/test/corpus/reporter.go:111.2,111.16 1 0
github.com/lcgerke/githelper/test/corpus/reporter.go:115.53,119.16 3 0
github.com/lcgerke/githelper/test/corpus/reporter.go:119.16,121.3 1 0
github.com/lcgerke/githelper/test/corpus/reporter.go:123.2,123.59 1 0
github.com/lcgerke/githelper/test/corpus/reporter.go:123.59,125.3 1 0
github.com/lcgerke/githelper/test/corpus/reporter.go:127.2,128.12 2 0
github.com/lcgerke/githelper/test/corpus/reporter.go:132.53,138.16 4 0
github.com/lcgerke/githelper/test/corpus/reporter.go:138.16,140.3 1 0
github.com/lcgerke/githelper/test/corpus/reporter.go:141.2,143.51 2 0
github.com/lcgerke/githelper/test/corpus/reporter.go:143.51,145.3 1 0
github.com/lcgerke/githelper/test/corpus/reporter.go:147.2,148.12 2 0
github.com/lcgerke/githelper/test/corpus/reporter.go:152.35,163.38 9 0
github.com/lcgerke/githelper/test/corpus/reporter.go:163.38,169.3 5 0
github.com/lcgerke/githelper/test/corpus/reporter.go:171.2,180.31 8 0
github.com/lcgerke/githelper/test/corpus/reporter.go:180.31,181.14 1 0
github.com/lcgerke/githelper/test/corpus/reporter.go:181.14,182.9 1 0
github.com/lcgerke/githelper/test/corpus/reporter.go:184.3,184.44 1 0
github.com/lcgerke/githelper/test/corpus/reporter.go:187.2,190.30 2 0
github.com/lcgerke/githelper/test/corpus/reporter.go:190.30,192.43 2 0
github.com/lcgerke/githelper/test/corpus/reporter.go:192.43,193.14 1 0
github.com/lcgerke/githelper/test/corpus/reporter.go:193.14,195.10 2 0
github.com/lcgerke/githelper/test/corpus/reporter.go:197.4,197.65 1 0
github.com/lcgerke/githelper/test/corpus/reporter.go:199.3,199.16 1 0
github.com/lcgerke/githelper/test/corpus/reporter.go:203.2,203.32 1 0
github.com/lcgerke/githelper/test/corpus/reporter.go:203.32,205.46 2 0
github.com/lcgerke/githelper/test/corpus/reporter.go:205.46,206.14 1 0
github.com/lcgerke/githelper/test/corpus/reporter.go:206.14,208.10 2 0
github.com/lcgerke/githelper/test/corpus/reporter.go:210.4,211.43 2 0
github.com/lcgerke/githelper/test/corpus/reporter.go:211.43,213.5 1 0
github.com/lcgerke/githelper/test/corpus/reporter.go:215.3,215.16 1 0
github.com/lcgerke/githelper/test/corpus/reporter.go:219.2,223.15 5 0
github.com/lcgerke/githelper/test/corpus/reporter.go:227.55,229.16 2 0
github.com/lcgerke/githelper/test/corpus/reporter.go:229.16,231.3 1 0
github.com/lcgerke/githelper/test/corpus/reporter.go:233.2,234.56 2 0
github.com/lcgerke/githelper/test/corpus/reporter.go:234.56,236.3 1 0
github.com/lcgerke/githelper/test/corpus/reporter.go:238.2,258.12 11 0
github.com/lcgerke/githelper/test/corpus/reporter.go:263.48,264.17 1 0
github.com/lcgerke/githelper/test/corpus/reporter.go:264.17,266.3 1 0
github.com/lcgerke/githelper/test/corpus/reporter.go:267.2,268.91 2 0
github.com/lcgerke/githelper/test/corpus/reporter.go:271.48,273.29 2 0
github.com/lcgerke/githelper/test/corpus/reporter.go:273.29,275.3 1 0
github.com/lcgerke/githelper/test/corpus/reporter.go:276.2,276.15 1 0
github.com/lcgerke/githelper/test/corpus/reporter.go:279.53,280.12 1 0
github.com/lcgerke/githelper/test/corpus/reporter.go:280.12,282.3 1 0
github.com/lcgerke/githelper/test/corpus/reporter.go:282.8,284.3 1 0
github.com/lcgerke/githelper/test/corpus/reporter.go:287.67,289.2 1 0
github.com/lcgerke/githelper/test/corpus/reporter.go:296.64,298.32 2 0
github.com/lcgerke/githelper/test/corpus/reporter.go:298.32,300.3 1 0
github.com/lcgerke/githelper/test/corpus/reporter.go:301.2,301.42 1 0
github.com/lcgerke/githelper/test/corpus/reporter.go:301.42,303.3 1 0
github.com/lcgerke/githelper/test/corpus/reporter.go:304.2,304.16 1 0
github.com/lcgerke/githelper/test/corpus/reporter.go:308.51,310.16 2 0
github.com/lcgerke/githelper/test/corpus/reporter.go:310.16,312.3 1 0
github.com/lcgerke/githelper/test/corpus/reporter.go:314.2,315.54 2 0
github.com/lcgerke/githelper/test/corpus/reporter.go:315.54,317.3 1 0
github.com/lcgerke/githelper/test/corpus/reporter.go:319.2,319.21 1 0
github.com/lcgerke/githelper/test/corpus/validator.go:23.60,26.16 2 0
github.com/lcgerke/githelper/test/corpus/validator.go:26.16,28.3 1 0
github.com/lcgerke/githelper/test/corpus/validator.go:30.2,31.56 2 0
github.com/lcgerke/githelper/test/corpus/validator.go:31.56,33.3 1 0
github.com/lcgerke/githelper/test/corpus/validator.go:36.2,37.16 2 0
github.com/lcgerke/githelper/test/corpus/validator.go:37.16,39.3 1 0
github.com/lcgerke/githelper/test/corpus/validator.go:42.2,43.16 2 0
github.com/lcgerke/githelper/test/corpus/validator.go:43.16,45.3 1 0
github.com/lcgerke/githelper/test/corpus/validator.go:48.2,49.16 2 0
github.com/lcgerke/githelper/test/corpus/validator.go:49.16,51.3 1 0
github.com/lcgerke/githelper/test/corpus/validator.go:53.2,54.24 2 0
github.com/lcgerke/githelper/test/corpus/validator.go:54.24,56.3 1 0
github.com/lcgerke/githelper/test/corpus/validator.go:58.2,63.8 1 0
github.com/lcgerke/githelper/test/corpus/validator.go:67.52,79.29 9 0
github.com/lcgerke/githelper/test/corpus/validator.go:79.29,82.3 2 0
github.com/lcgerke/githelper/test/corpus/validator.go:85.2,88.40 3 0
github.com/lcgerke/githelper/test/corpus/validator.go:88.40,89.16 1 0
github.com/lcgerke/githelper/test/corpus/validator.go:89.16,91.12 2 0
github.com/lcgerke/githelper/test/corpus/validator.go:94.3,95.36 2 0
github.com/lcgerke/githelper/test/corpus/validator.go:95.36,100.17 3 0
github.com/lcgerke/githelper/test/corpus/validator.go:100.17,100.26 1 0
github.com/lcgerke/githelper/test/corpus/validator.go:102.4,103.32 2 0
github.com/lcgerke/githelper/test/corpus/validator.go:107.2,117.35 7 0
github.com/lcgerke/githelper/test/corpus/validator.go:117.35,119.3 1 0
github.com/lcgerke/githelper/test/corpus/validator.go:121.2,123.12 2 0
github.com/lcgerke/githelper/test/corpus/validator.go:127.99,142.16 5 0
github.com/lcgerke/githelper/test/corpus/validator.go:142.16,149.3 6 0
github.com/lcgerke/githelper/test/corpus/validator.go:150.2,154.15 4 0
github.com/lcgerke/githelper/test/corpus/validator.go:154.15,156.3 1 0
github.com/lcgerke/githelper/test/corpus/validator.go:156.8,158.3 1 0
github.com/lcgerke/githelper/test/corpus/validator.go:161.2,166.16 5 0
github.com/lcgerke/githelper/test/corpus/validator.go:166.16,173.3 6 0
github.com/lcgerke/githelper/test/corpus/validator.go:175.2,179.26 3 0
github.com/lcgerke/githelper/test/corpus/validator.go:179.26,181.20 2 0
github.com/lcgerke/githelper/test/corpus/validator.go:181.20,184.4 2 0
github.com/lcgerke/githelper/test/corpus/validator.go:184.9,186.4 1 0
github.com/lcgerke/githelper/test/corpus/validator.go:187.8,190.3 2 0
github.com/lcgerke/githelper/test/corpus/validator.go:192.2,195.15 3 0
github.com/lcgerke/githelper/test/corpus/validator.go:200.101,214.2 1 0
github.com/lcgerke/githelper/test/corpus/validator.go:217.116,220.46 2 0
github.com/lcgerke/githelper/test/corpus/validator.go:220.46,222.3 1 0
github.com/lcgerke/githelper/test/corpus/validator.go:224.2,224.36 1 0
github.com/lcgerke/githelper/test/corpus/validator.go:224.36,226.3 1 0
github.com/lcgerke/githelper/test/corpus/validator.go:228.2,228.50 1 0
github.com/lcgerke/githelper/test/corpus/validator.go:228.50,230.3 1 0
github.com/lcgerke/githelper/test/corpus/validator.go:232.2,232.48 1 0
github.com/lcgerke/githelper/test/corpus/validator.go:232.48,234.3 1 0
github.com/lcgerke/githelper/test/corpus/validator.go:236.2,236.48 1 0
github.com/lcgerke/githelper/test/corpus/validator.go:236.48,238.3 1 0
github.com/lcgerke/githelper/test/corpus/validator.go:240.2,240.41 1 0
github.com/lcgerke/githelper/test/corpus/validator.go:244.45,246.2 1 0
github.com/lcgerke/githelper/test/corpus/validator.go:249.39,251.2 1 0
github.com/lcgerke/githelper/test/corpus/validator.go:255.38,258.16 3 0
github.com/lcgerke/githelper/test/corpus/validator.go:258.16,260.3 1 0
github.com/lcgerke/githelper/test/corpus/validator.go:261.2,261.28 1 0
github.com/lcgerke/githelper/test/corpus/validator.go:264.53,265.13 1 0
github.com/lcgerke/githelper/test/corpus/validator.go:265.13,267.3 1 0
github.com/lcgerke/githelper/test/corpus/validator.go:270.2,270.16 1 0
github.com/lcgerke/githelper/test/corpus/validator.go:270.16,272.3 1 0
github.com/lcgerke/githelper/test/corpus/validator.go:274.2,278.14 4 0
github.com/lcgerke/githelper/test/corpus/validator.go:279.11,280.30 1 0
github.com/lcgerke/githelper/test/corpus/validator.go:281.11,282.25 1 0
github.com/lcgerke/githelper/test/corpus/validator.go:283.11,284.27 1 0
github.com/lcgerke/githelper/test/corpus/validator.go:285.10,286.31 1 0
github.com/lcgerke/githelper/test/corpus/validator.go:289.2,290.59 2 0
github.com/lcgerke/githelper/test/corpus/validator.go:290.59,292.3 1 0
github.com/lcgerke/githelper/test/corpus/validator.go:294.2,294.47 1 0
github.com/lcgerke/githelper/cmd/githelper/doctor.go:45.13,49.2 3 0
github.com/lcgerke/githelper/cmd/githelper/doctor.go:51.57,53.18 2 0
github.com/lcgerke/githelper/cmd/githelper/doctor.go:53.18,55.3 1 0
github.com/lcgerke/githelper/cmd/githelper/doctor.go:56.2,56.13 1 0
github.com/lcgerke/githelper/cmd/githelper/doctor.go:56.13,58.3 1 0
github.com/lcgerke/githelper/cmd/githelper/doctor.go:60.2,60.19 1 0
github.com/lcgerke/githelper/cmd/githelper/doctor.go:60.19,64.3 3 0
github.com/lcgerke/githelper/cmd/githelper/doctor.go:66.2,71.19 2 0
github.com/lcgerke/githelper/cmd/githelper/doctor.go:71.19,73.3 1 0
github.com/lcgerke/githelper/cmd/githelper/doctor.go:74.2,77.19 2 0
github.com/lcgerke/githelper/cmd/githelper/doctor.go:77.19,79.3 1 0
github.com/lcgerke/githelper/cmd/githelper/doctor.go:80.2,83.19 2 0
github.com/lcgerke/githelper/cmd/githelper/doctor.go:83.19,85.3 1 0
github.com/lcgerke/githelper/cmd/githelper/doctor.go:86.2,89.19 2 0
github.com/lcgerke/githelper/cmd/githelper/doctor.go:89.19,91.3 1 0
github.com/lcgerke/githelper/cmd/githelper/doctor.go:92.2,95.21 2 0
github.com/lcgerke/githelper/cmd/githelper/doctor.go:95.21,96.20 1 0
github.com/lcgerke/githelper/cmd/githelper/doctor.go:96.20,99.4 2 0
github.com/lcgerke/githelper/cmd/githelper/doctor.go:100.3,100.56 1 0
github.com/lcgerke/githelper/cmd/githelper/doctor.go:104.2,104.32 1 0
github.com/lcgerke/githelper/cmd/githelper/doctor.go:104.32,105.20 1 0
github.com/lcgerke/githelper/cmd/githelper/doctor.go:105.20,108.4 2 0
github.com/lcgerke/githelper/cmd/githelper/doctor.go:109.3,109.37 1 0
github.com/lcgerke/githelper/cmd/githelper/doctor.go:113.2,113.19 1 0
github.com/lcgerke/githelper/cmd/githelper/doctor.go:113.19,116.3 2 0
github.com/lcgerke/githelper/cmd/githelper/doctor.go:116.8,118.3 1 0
github.com/lcgerke/githelper/cmd/githelper/doctor.go:121.2,121.33 1 0
github.com/lcgerke/githelper/cmd/githelper/doctor.go:121.33,123.3 1 0
github.com/lcgerke/githelper/cmd/githelper/doctor.go:125.2,125.12 1 0
github.com/lcgerke/githelper/cmd/githelper/doctor.go:143.89,151.25 2 0
github.com/lcgerke/githelper/cmd/githelper/doctor.go:151.25,153.3 1 0
github.com/lcgerke/githelper/cmd/githelper/doctor.go:153.8,153.30 1 0
github.com/lcgerke/githelper/cmd/githelper/doctor.go:153.30,155.3 1 0
github.com/lcgerke/githelper/cmd/githelper/doctor.go:158.54,160.2 1 0
github.com/lcgerke/githelper/cmd/githelper/doctor.go:162.71,164.16 2 0
github.com/lcgerke/githelper/cmd/githelper/doctor.go:164.16,165.20 1 0
github.com/lcgerke/githelper/cmd/githelper/doctor.go:165.20,167.4 1 0
github.com/lcgerke/githelper/cmd/githelper/doctor.go:168.3,169.9 2 0
github.com/lcgerke/githelper/cmd/githelper/doctor.go:172.2,172.19 1 0
github.com/lcgerke/githelper/cmd/githelper/doctor.go:172.19,174.3 1 0
github.com/lcgerke/githelper/cmd/githelper/doctor.go:175.2,175.81 1 0
github.com/lcgerke/githelper/cmd/githelper/doctor.go:178.75,183.16 3 0
github.com/lcgerke/githelper/cmd/githelper/doctor.go:183.16,184.20 1 0
github.com/lcgerke/githelper/cmd/githelper/doctor.go:184.20,186.4 1 0
github.com/lcgerke/githelper/cmd/githelper/doctor.go:187.3,188.13 2 0
github.com/lcgerke/githelper/cmd/githelper/doctor.go:192.2,192.32 1 0
github.com/lcgerke/githelper/cmd/githelper/doctor.go:192.32,193.20 1 0
github.com/lcgerke/githelper/cmd/githelper/doctor.go:193.20,195.4 1 0
github.com/lcgerke/githelper/cmd/githelper/doctor.go:196.3,197.21 2 0
github.com/lcgerke/githelper/cmd/githelper/doctor.go:201.2,202.16 2 0
github.com/lcgerke/githelper/cmd/githelper/doctor.go:202.16,203.20 1 0
github.com/lcgerke/githelper/cmd/githelper/doctor.go:203.20,205.4 1 0
github.com/lcgerke/githelper/cmd/githelper/doctor.go:206.3,207.21 2 0
github.com/lcgerke/githelper/cmd/githelper/doctor.go:210.2,211.21 2 0
github.com/lcgerke/githelper/cmd/githelper/doctor.go:211.21,213.3 1 0
github.com/lcgerke/githelper/cmd/githelper/doctor.go:215.2,215.19 1 0
github.com/lcgerke/githelper/cmd/githelper/doctor.go:215.19,217.3 1 0
github.com/lcgerke/githelper/cmd/githelper/doctor.go:218.2,223.20 2 0
github.com/lcgerke/githelper/cmd/githelper/doctor.go:226.80,228.16 2 0
github.com/lcgerke/githelper/cmd/githelper/doctor.go:228.16,229.20 1 0
github.com/lcgerke/githelper/cmd/githelper/doctor.go:229.20,231.4 1 0
github.com/lcgerke/githelper/cmd/githelper/doctor.go:232.3,233.13 2 0
github.com/lcgerke/githelper/cmd/githelper/doctor.go:236.2,237.16 2 0
github.com/lcgerke/githelper/cmd/githelper/doctor.go:237.16,238.20 1 0
github.com/lcgerke/githelper/cmd/githelper/doctor.go:238.20,240.4 1 0
github.com/lcgerke/githelper/cmd/githelper/doctor.go:241.3,242.13 2 0
github.com/lcgerke/githelper/cmd/githelper/doctor.go:245.2,246.19 2 0
github.com/lcgerke/githelper/cmd/githelper/doctor.go:246.19,248.3 1 0
github.com/lcgerke/githelper/cmd/githelper/doctor.go:249.2,253.17 2 0
github.com/lcgerke/githelper/cmd/githelper/doctor.go:256.120,257.21 1 0
github.com/lcgerke/githelper/cmd/githelper/doctor.go:257.21,258.20 1 0
github.com/lcgerke/githelper/cmd/githelper/doctor.go:258.20,260.4 1 0
github.com/lcgerke/githelper/cmd/githelper/doctor.go:261.3,261.9 1 0
github.com/lcgerke/githelper/cmd/githelper/doctor.go:264.2,265.16 2 0
github.com/lcgerke/githelper/cmd/githelper/doctor.go:265.16,267.3 1 0
github.com/lcgerke/githelper/cmd/githelper/doctor.go:269.2,269.31 1 0
github.com/lcgerke/githelper/cmd/githelper/doctor.go:269.31,270.20 1 0
github.com/lcgerke/githelper/cmd/githelper/doctor.go:270.20,272.4 1 0
github.com/lcgerke/githelper/cmd/githelper/doctor.go:273.3,274.9 2 0
github.com/lcgerke/githelper/cmd/githelper/doctor.go:277.2,280.42 3 0
github.com/lcgerke/githelper/cmd/githelper/doctor.go:280.42,282.45 1 0
github.com/lcgerke/githelper/cmd/githelper/doctor.go:282.45,283.12 1 0
github.com/lcgerke/githelper/cmd/githelper/doctor.go:286.3,289.35 3 0
github.com/lcgerke/githelper/cmd/githelper/doctor.go:289.35,291.4 1 0
github.com/lcgerke/githelper/cmd/githelper/doctor.go:294.2,295.22 2 0
github.com/lcgerke/githelper/cmd/githelper/doctor.go:295.22,297.3 1 0
github.com/lcgerke/githelper/cmd/githelper/doctor.go:299.2,299.32 1 0
github.com/lcgerke/githelper/cmd/githelper/doctor.go:299.32,301.3 1 0
github.com/lcgerke/githelper/cmd/githelper/doctor.go:301.8,301.29 1 0
github.com/lcgerke/githelper/cmd/githelper/doctor.go:301.29,303.3 1 0
github.com/lcgerke/githelper/cmd/githelper/doctor.go:303.8,305.3 1 0
github.com/lcgerke/githelper/cmd/githelper/doctor.go:308.125,314.19 5 0
github.com/lcgerke/githelper/cmd/githelper/doctor.go:314.19,316.3 1 0
github.com/lcgerke/githelper/cmd/githelper/doctor.go:319.2,319.54 1 0
github.com/lcgerke/githelper/cmd/githelper/doctor.go:319.54,320.20 1 0
github.com/lcgerke/githelper/cmd/githelper/doctor.go:320.20,322.4 1 0
github.com/lcgerke/githelper/cmd/githelper/doctor.go:323.3,326.16 4 0
github.com/lcgerke/githelper/cmd/githelper/doctor.go:330.2,331.31 2 0
github.com/lcgerke/githelper/cmd/githelper/doctor.go:331.31,332.20 1 0
github.com/lcgerke/githelper/cmd/githelper/doctor.go:332.20,334.4 1 0
github.com/lcgerke/githelper/cmd/githelper/doctor.go:335.3,338.16 4 0
github.com/lcgerke/githelper/cmd/githelper/doctor.go:341.2,341.19 1 0
github.com/lcgerke/githelper/cmd/githelper/doctor.go:341.19,343.3 1 0
github.com/lcgerke/githelper/cmd/githelper/doctor.go:346.2,347.16 2 0
github.com/lcgerke/githelper/cmd/githelper/doctor.go:347.16,348.20 1 0
github.com/lcgerke/githelper/cmd/githelper/doctor.go:348.20,350.4 1 0
github.com/lcgerke/githelper/cmd/githelper/doctor.go:351.3,351.52 1 0
github.com/lcgerke/githelper/cmd/githelper/doctor.go:352.8,353.20 1 0
github.com/lcgerke/githelper/cmd/githelper/doctor.go:353.20,355.4 1 0
github.com/lcgerke/githelper/cmd/githelper/doctor.go:356.3,356.30 1 0
github.com/lcgerke/githelper/cmd/githelper/doctor.go:360.2,360.47 1 0
github.com/lcgerke/githelper/cmd/githelper/doctor.go:360.47,361.20 1 0
github.com/lcgerke/githelper/cmd/githelper/doctor.go:361.20,364.4 2 0
github.com/lcgerke/githelper/cmd/githelper/doctor.go:365.3,370.29 5 0
github.com/lcgerke/githelper/cmd/githelper/doctor.go:370.29,371.21 1 0
github.com/lcgerke/githelper/cmd/githelper/doctor.go:371.21,373.5 1 0
github.com/lcgerke/githelper/cmd/githelper/doctor.go:374.4,374.42 1 0
github.com/lcgerke/githelper/cmd/githelper/doctor.go:377.3,377.34 1 0
github.com/lcgerke/githelper/cmd/githelper/doctor.go:377.34,378.21 1 0
github.com/lcgerke/githelper/cmd/githelper/doctor.go:378.21,380.5 1 0
github.com/lcgerke/githelper/cmd/githelper/doctor.go:381.4,381.47 1 0
github.com/lcgerke/githelper/cmd/githelper/doctor.go:386.2,389.22 3 0
github.com/lcgerke/githelper/cmd/githelper/doctor.go:389.22,391.20 2 0
github.com/lcgerke/githelper/cmd/githelper/doctor.go:391.20,393.4 1 0
github.com/lcgerke/githelper/cmd/githelper/doctor.go:394.8,397.3 2 0
github.com/lcgerke/githelper/cmd/githelper/doctor.go:399.2,399.15 1 0
github.com/lcgerke/githelper/cmd/githelper/doctor.go:402.66,407.29 4 0
github.com/lcgerke/githelper/cmd/githelper/doctor.go:407.29,409.46 2 0
github.com/lcgerke/githelper/cmd/githelper/doctor.go:409.46,411.21 2 0
github.com/lcgerke/githelper/cmd/githelper/doctor.go:411.21,413.5 1 0
github.com/lcgerke/githelper/cmd/githelper/doctor.go:414.9,416.21 2 0
github.com/lcgerke/githelper/cmd/githelper/doctor.go:416.21,418.5 1 0
github.com/lcgerke/githelper/cmd/githelper/doctor.go:422.2,422.15 1 0
github.com/lcgerke/githelper/cmd/githelper/doctor.go:425.119,426.24 1 0
github.com/lcgerke/githelper/cmd/githelper/doctor.go:426.24,427.20 1 0
github.com/lcgerke/githelper/cmd/githelper/doctor.go:427.20,429.4 1 0
github.com/lcgerke/githelper/cmd/githelper/doctor.go:430.3,430.9 1 0
github.com/lcgerke/githelper/cmd/githelper/doctor.go:433.2,437.16 3 0
github.com/lcgerke/githelper/cmd/githelper/doctor.go:437.16,438.20 1 0
github.com/lcgerke/githelper/cmd/githelper/doctor.go:438.20,440.4 1 0
github.com/lcgerke/githelper/cmd/githelper/doctor.go:441.8,442.20 1 0
github.com/lcgerke/githelper/cmd/githelper/doctor.go:442.20,444.4 1 0
github.com/lcgerke/githelper/cmd/githelper/doctor.go:445.3,450.45 4 0
github.com/lcgerke/githelper/cmd/githelper/doctor.go:450.45,451.21 1 0
github.com/lcgerke/githelper/cmd/githelper/doctor.go:451.21,453.5 1 0
github.com/lcgerke/githelper/cmd/githelper/doctor.go:454.4,454.47 1 0
github.com/lcgerke/githelper/cmd/githelper/doctor.go:459.2,460.16 2 0
github.com/lcgerke/githelper/cmd/githelper/doctor.go:460.16,461.20 1 0
github.com/lcgerke/githelper/cmd/githelper/doctor.go:461.20,463.4 1 0
github.com/lcgerke/githelper/cmd/githelper/doctor.go:464.8,465.20 1 0
github.com/lcgerke/githelper/cmd/githelper/doctor.go:465.20,467.4 1 0
github.com/lcgerke/githelper/cmd/githelper/doctor.go:468.3,468.46 1 0
github.com/lcgerke/githelper/cmd/githelper/doctor.go:472.2,472.21 1 0
github.com/lcgerke/githelper/cmd/githelper/doctor.go:472.21,474.17 2 0
github.com/lcgerke/githelper/cmd/githelper/doctor.go:474.17,476.38 2 0
github.com/lcgerke/githelper/cmd/githelper/doctor.go:476.38,478.19 2 0
github.com/lcgerke/githelper/cmd/githelper/doctor.go:478.19,482.23 2 0
github.com/lcgerke/githelper/cmd/githelper/doctor.go:482.23,484.7 1 0
github.com/lcgerke/githelper/cmd/githelper/doctor.go:485.11,487.6 1 0
github.com/lcgerke/githelper/cmd/githelper/doctor.go:489.4,489.32 1 0
github.com/lcgerke/githelper/cmd/githelper/doctor.go:489.32,491.5 1 0
github.com/lcgerke/githelper/cmd/githelper/doctor.go:495.2,495.87 1 0
github.com/lcgerke/githelper/cmd/githelper/doctor.go:498.86,503.16 3 0
github.com/lcgerke/githelper/cmd/githelper/doctor.go:503.16,504.20 1 0
github.com/lcgerke/githelper/cmd/githelper/doctor.go:504.20,506.4 1 0
github.com/lcgerke/githelper/cmd/githelper/doctor.go:507.3,508.9 2 0
github.com/lcgerke/githelper/cmd/githelper/doctor.go:511.2,511.22 1 0
[...]
github.com/lcgerke/githelper/cmd/githelper/status.go:188.4,188.39 1 0
github.com/lcgerke/githelper/cmd/githelper/status.go:188.39,190.5 1 0
github.com/lcgerke/githelper/cmd/githelper/status.go:191.4,191.38 1 0
github.com/lcgerke/githelper/cmd/githelper/status.go:191.38,193.5 1 0
github.com/lcgerke/githelper/cmd/githelper/status.go:194.4,194.41 1 0
github.com/lcgerke/githelper/cmd/githelper/status.go:194.41,196.5 1 0
github.com/lcgerke/githelper/cmd/githelper/status.go:197.4,197.40 1 0
github.com/lcgerke/githelper/cmd/githelper/status.go:197.40,199.5 1 0
github.com/lcgerke/githelper/cmd/githelper/status.go:200.4,200.27 1 0
github.com/lcgerke/githelper/cmd/githelper/status.go:200.27,202.5 1 0
github.com/lcgerke/githelper/cmd/githelper/status.go:204.3,204.16 1 0
github.com/lcgerke/githelper/cmd/githelper/status.go:208.2,208.33 1 0
github.com/lcgerke/githelper/cmd/githelper/status.go:208.33,211.45 3 0
github.com/lcgerke/githelper/cmd/githelper/status.go:211.45,213.4 1 0
github.com/lcgerke/githelper/cmd/githelper/status.go:214.3,214.47 1 0
github.com/lcgerke/githelper/cmd/githelper/status.go:214.47,216.4 1 0
github.com/lcgerke/githelper/cmd/githelper/status.go:217.3,217.48 1 0
github.com/lcgerke/githelper/cmd/githelper/status.go:217.48,219.4 1 0
github.com/lcgerke/githelper/cmd/githelper/status.go:220.3,220.47 1 0
github.com/lcgerke/githelper/cmd/githelper/status.go:220.47,222.4 1 0
github.com/lcgerke/githelper/cmd/githelper/status.go:223.3,223.52 1 0
github.com/lcgerke/githelper/cmd/githelper/status.go:223.52,225.61 2 0
github.com/lcgerke/githelper/cmd/githelper/status.go:225.61,227.5 1 0
github.com/lcgerke/githelper/cmd/githelper/status.go:229.3,229.16 1 0
github.com/lcgerke/githelper/cmd/githelper/status.go:233.2,233.31 1 0
github.com/lcgerke/githelper/cmd/githelper/status.go:233.31,236.46 3 0
github.com/lcgerke/githelper/cmd/githelper/status.go:236.46,238.4 1 0
github.com/lcgerke/githelper/cmd/githelper/status.go:239.3,239.16 1 0
github.com/lcgerke/githelper/cmd/githelper/status.go:243.2,243.29 1 0
github.com/lcgerke/githelper/cmd/githelper/status.go:243.29,245.42 2 0
github.com/lcgerke/githelper/cmd/githelper/status.go:245.42,247.26 2 0
github.com/lcgerke/githelper/cmd/githelper/status.go:247.26,249.5 1 0
github.com/lcgerke/githelper/cmd/githelper/status.go:251.3,251.16 1 0
github.com/lcgerke/githelper/cmd/githelper/status.go:255.2,255.15 1 0
github.com/lcgerke/githelper/cmd/githelper/status.go:255.15,257.21 2 0
github.com/lcgerke/githelper/cmd/githelper/status.go:257.21,259.30 2 0
github.com/lcgerke/githelper/cmd/githelper/status.go:259.30,261.24 2 0
github.com/lcgerke/githelper/cmd/githelper/status.go:261.24,263.6 1 0
github.com/lcgerke/githelper/cmd/githelper/status.go:264.5,265.50 2 0
github.com/lcgerke/githelper/cmd/githelper/status.go:267.4,267.17 1 0
github.com/lcgerke/githelper/cmd/githelper/status.go:272.2,272.82 1 0
github.com/lcgerke/githelper/cmd/githelper/status.go:272.82,274.3 1 0
github.com/lcgerke/githelper/cmd/githelper/status.go:274.8,275.16 1 0
github.com/lcgerke/githelper/cmd/githelper/status.go:275.16,277.4 1 0
github.com/lcgerke/githelper/cmd/githelper/status.go:277.9,279.4 1 0
github.com/lcgerke/githelper/internal/git/cli.go:23.40,27.2 1 1
github.com/lcgerke/githelper/internal/git/cli.go:30.54,32.2 1 1
github.com/lcgerke/githelper/internal/git/cli.go:35.86,41.21 4 1
github.com/lcgerke/githelper/internal/git/cli.go:41.21,43.3 1 1
github.com/lcgerke/githelper/internal/git/cli.go:46.2,56.16 6 1
github.com/lcgerke/githelper/internal/git/cli.go:56.16,58.3 1 1
github.com/lcgerke/githelper/internal/git/cli.go:60.2,60.48 1 1
github.com/lcgerke/githelper/internal/git/cli.go:64.40,66.10 2 1
github.com/lcgerke/githelper/internal/git/cli.go:66.10,68.3 1 1
github.com/lcgerke/githelper/internal/git/cli.go:70.2,71.12 2 1
github.com/lcgerke/githelper/internal/git/cli.go:75.36,82.16 5 0
github.com/lcgerke/githelper/internal/git/cli.go:82.16,84.3 1 0
github.com/lcgerke/githelper/internal/git/cli.go:86.2,86.12 1 0
github.com/lcgerke/githelper/internal/git/cli.go:90.52,93.2 2 0
github.com/lcgerke/githelper/internal/git/cli.go:96.50,99.2 2 0
github.com/lcgerke/githelper/internal/git/cli.go:102.51,105.2 2 0
github.com/lcgerke/githelper/internal/git/cli.go:108.55,111.2 2 0
github.com/lcgerke/githelper/internal/git/cli.go:115.77,117.50 1 0
github.com/lcgerke/githelper/internal/git/cli.go:117.50,119.3 1 0
github.com/lcgerke/githelper/internal/git/cli.go:122.2,122.54 1 0
github.com/lcgerke/githelper/internal/git/cli.go:122.54,124.3 1 0
github.com/lcgerke/githelper/internal/git/cli.go:126.2,126.56 1 0
github.com/lcgerke/githelper/internal/git/cli.go:126.56,128.3 1 0
github.com/lcgerke/githelper/internal/git/cli.go:130.2,130.12 1 0
github.com/lcgerke/githelper/internal/git/cli.go:134.53,137.2 2 1
github.com/lcgerke/githelper/internal/git/cli.go:140.56,142.2 1 0
github.com/lcgerke/githelper/internal/git/cli.go:145.54,148.2 2 0
github.com/lcgerke/githelper/internal/git/cli.go:151.45,155.2 3 1
github.com/lcgerke/githelper/internal/git/cli.go:158.47,161.2 2 1
github.com/lcgerke/githelper/internal/git/cli.go:164.53,166.18 2 0
github.com/lcgerke/githelper/internal/git/cli.go:166.18,168.3 1 0
github.com/lcgerke/githelper/internal/git/cli.go:169.2,169.19 1 0
github.com/lcgerke/githelper/internal/git/cli.go:169.19,171.3 1 0
github.com/lcgerke/githelper/internal/git/cli.go:173.2,174.12 2 0
github.com/lcgerke/githelper/internal/git/cli.go:178.63,181.2 2 0
github.com/lcgerke/githelper/internal/git/cli.go:184.45,187.2 2 0
github.com/lcgerke/githelper/internal/git/cli.go:190.53,192.2 1 0
github.com/lcgerke/githelper/internal/git/cli.go:195.62,197.2 1 0
github.com/lcgerke/githelper/internal/git/cli.go:200.63,202.16 2 0
github.com/lcgerke/githelper/internal/git/cli.go:202.16,204.3 1 0
github.com/lcgerke/githelper/internal/git/cli.go:206.2,206.18 1 0
github.com/lcgerke/githelper/internal/git/cli.go:206.18,208.3 1 0
github.com/lcgerke/githelper/internal/git/cli.go:210.2,210.41 1 0
github.com/lcgerke/githelper/internal/git/cli.go:214.50,216.16 2 0
github.com/lcgerke/githelper/internal/git/cli.go:216.16,218.3 1 0
github.com/lcgerke/githelper/internal/git/cli.go:220.2,220.18 1 0
github.com/lcgerke/githelper/internal/git/cli.go:220.18,222.3 1 0
github.com/lcgerke/githelper/internal/git/cli.go:224.2,224.41 1 0
github.com/lcgerke/githelper/internal/git/cli.go:228.66,231.16 3 0
github.com/lcgerke/githelper/internal/git/cli.go:231.16,233.3 1 0
github.com/lcgerke/githelper/internal/git/cli.go:235.2,235.18 1 0
github.com/lcgerke/githelper/internal/git/cli.go:235.18,237.3 1 0
github.com/lcgerke/githelper/internal/git/cli.go:239.2,239.41 1 0
github.com/lcgerke/githelper/internal/git/cli.go:243.38,246.2 2 0
github.com/lcgerke/githelper/internal/git/cli.go:249.30,252.16 3 0
github.com/lcgerke/githelper/internal/git/cli.go:252.16,254.3 1 0
github.com/lcgerke/githelper/internal/git/cli.go:258.2,258.54 1 0
github.com/lcgerke/githelper/internal/git/cli.go:258.54,260.3 1 0
github.com/lcgerke/githelper/internal/git/cli.go:262.2,262.12 1 0
github.com/lcgerke/githelper/internal/git/cli.go:266.38,269.54 2 1
github.com/lcgerke/githelper/internal/git/cli.go:269.54,271.3 1 0
github.com/lcgerke/githelper/internal/git/cli.go:274.2,274.48 1 1
github.com/lcgerke/githelper/internal/git/cli.go:274.48,276.3 1 0
github.com/lcgerke/githelper/internal/git/cli.go:279.2,280.26 2 1
github.com/lcgerke/githelper/internal/git/cli.go:288.68,297.21 6 0
github.com/lcgerke/githelper/internal/git/cli.go:297.21,299.3 1 0
github.com/lcgerke/githelper/internal/git/cli.go:300.2,303.16 3 0
github.com/lcgerke/githelper/internal/git/cli.go:303.16,305.3 1 0
github.com/lcgerke/githelper/internal/git/cli.go:307.2,307.73 1 0
github.com/lcgerke/githelper/internal/git/cli.go:307.73,309.3 1 0
github.com/lcgerke/githelper/internal/git/cli.go:311.2,311.56 1 0
github.com/lcgerke/githelper/internal/git/cli.go:315.66,321.32 4 0
github.com/lcgerke/githelper/internal/git/cli.go:321.32,324.21 2 0
github.com/lcgerke/githelper/internal/git/cli.go:324.21,326.4 1 0
github.com/lcgerke/githelper/internal/git/cli.go:330.2,331.16 2 0
github.com/lcgerke/githelper/internal/git/cli.go:331.16,332.52 1 0
github.com/lcgerke/githelper/internal/git/cli.go:332.52,333.46 1 0
github.com/lcgerke/githelper/internal/git/cli.go:333.46,336.5 2 0
github.com/lcgerke/githelper/internal/git/cli.go:341.2,342.16 2 0
github.com/lcgerke/githelper/internal/git/cli.go:342.16,344.3 1 0
github.com/lcgerke/githelper/internal/git/cli.go:347.2,348.16 2 0
github.com/lcgerke/githelper/internal/git/cli.go:348.16,350.3 1 0
github.com/lcgerke/githelper/internal/git/cli.go:352.2,352.83 1 0
github.com/lcgerke/githelper/internal/git/cli.go:356.51,362.2 4 0
github.com/lcgerke/githelper/internal/git/cli.go:365.47,371.2 4 0
github.com/lcgerke/githelper/internal/git/cli.go:374.63,379.16 4 0
github.com/lcgerke/githelper/internal/git/cli.go:379.16,381.3 1 0
github.com/lcgerke/githelper/internal/git/cli.go:382.2,382.20 1 0
github.com/lcgerke/githelper/internal/git/cli.go:386.77,392.16 5 0
github.com/lcgerke/githelper/internal/git/cli.go:392.16,395.3 1 0
github.com/lcgerke/githelper/internal/git/cli.go:396.2,396.20 1 0
github.com/lcgerke/githelper/internal/git/cli.go:400.70,406.16 4 0
github.com/lcgerke/githelper/internal/git/cli.go:406.16,408.3 1 0
github.com/lcgerke/githelper/internal/git/cli.go:410.2,411.16 2 0
github.com/lcgerke/githelper/internal/git/cli.go:411.16,413.3 1 0
github.com/lcgerke/githelper/internal/git/cli.go:414.2,414.19 1 0
github.com/lcgerke/githelper/internal/git/cli.go:418.53,424.2 4 0
github.com/lcgerke/githelper/internal/git/cli.go:428.47,429.21 1 1
github.com/lcgerke/githelper/internal/git/cli.go:429.21,431.3 1 0
github.com/lcgerke/githelper/internal/git/cli.go:434.2,437.16 4 1
github.com/lcgerke/githelper/internal/git/cli.go:437.16,441.3 2 1
github.com/lcgerke/githelper/internal/git/cli.go:444.2,447.63 4 1
github.com/lcgerke/githelper/internal/git/cli.go:447.63,449.3 1 1
github.com/lcgerke/githelper/internal/git/cli.go:451.2,451.18 1 1
github.com/lcgerke/githelper/internal/git/cli.go:455.49,460.16 4 0
github.com/lcgerke/githelper/internal/git/cli.go:460.16,462.74 1 0
github.com/lcgerke/githelper/internal/git/cli.go:462.74,464.4 1 0
github.com/lcgerke/githelper/internal/git/cli.go:465.3,465.20 1 0
github.com/lcgerke/githelper/internal/git/cli.go:467.2,467.19 1 0
github.com/lcgerke/githelper/internal/git/cli.go:471.49,475.2 3 0
github.com/lcgerke/githelper/internal/git/cli.go:478.53,483.16 4 0
github.com/lcgerke/githelper/internal/git/cli.go:483.16,485.3 1 0
github.com/lcgerke/githelper/internal/git/cli.go:487.2,487.18 1 0
github.com/lcgerke/githelper/internal/git/cli.go:487.18,489.3 1 0
github.com/lcgerke/githelper/internal/git/cli.go:490.2,490.41 1 0
github.com/lcgerke/githelper/internal/git/cli.go:494.55,499.16 4 0
github.com/lcgerke/githelper/internal/git/cli.go:499.16,501.3 1 0
github.com/lcgerke/githelper/internal/git/cli.go:503.2,503.18 1 0
github.com/lcgerke/githelper/internal/git/cli.go:503.18,505.3 1 0
github.com/lcgerke/githelper/internal/git/cli.go:506.2,506.41 1 0
github.com/lcgerke/githelper/internal/git/cli.go:510.56,515.16 4 0
github.com/lcgerke/githelper/internal/git/cli.go:515.16,517.3 1 0
github.com/lcgerke/githelper/internal/git/cli.go:519.2,519.18 1 0
github.com/lcgerke/githelper/internal/git/cli.go:519.18,521.3 1 0
github.com/lcgerke/githelper/internal/git/cli.go:522.2,522.41 1 0
github.com/lcgerke/githelper/internal/git/cli.go:526.55,531.16 4 0
github.com/lcgerke/githelper/internal/git/cli.go:531.16,533.3 1 0
github.com/lcgerke/githelper/internal/git/cli.go:535.2,535.18 1 0
github.com/lcgerke/githelper/internal/git/cli.go:535.18,537.3 1 0
github.com/lcgerke/githelper/internal/git/cli.go:538.2,538.41 1 0
github.com/lcgerke/githelper/internal/git/cli.go:549.71,556.16 4 1
github.com/lcgerke/githelper/internal/git/cli.go:556.16,558.3 1 0
github.com/lcgerke/githelper/internal/git/cli.go:560.2,561.18 2 1
github.com/lcgerke/githelper/internal/git/cli.go:561.18,563.3 1 1
github.com/lcgerke/githelper/internal/git/cli.go:566.2,568.29 3 0
github.com/lcgerke/githelper/internal/git/cli.go:568.29,569.17 1 0
github.com/lcgerke/githelper/internal/git/cli.go:569.17,570.12 1 0
github.com/lcgerke/githelper/internal/git/cli.go:574.3,575.46 2 0
github.com/lcgerke/githelper/internal/git/cli.go:575.46,580.4 1 0
github.com/lcgerke/githelper/internal/git/cli.go:583.2,583.24 1 0
github.com/lcgerke/githelper/internal/git/cli.go:583.24,585.3 1 0
github.com/lcgerke/githelper/internal/git/cli.go:588.2,588.35 1 0
github.com/lcgerke/githelper/internal/git/cli.go:588.35,591.17 2 0
github.com/lcgerke/githelper/internal/git/cli.go:591.17,596.4 1 0
github.com/lcgerke/githelper/internal/git/cli.go:599.2,599.22 1 0
github.com/lcgerke/githelper/internal/git/cli.go:603.69,609.16 4 0
github.com/lcgerke/githelper/internal/git/cli.go:609.16,611.3 1 0
github.com/lcgerke/githelper/internal/git/cli.go:612.2,612.20 1 0
github.com/lcgerke/githelper/internal/git/cli.go:612.20,614.3 1 0
github.com/lcgerke/githelper/internal/git/cli.go:617.2,618.16 2 0
github.com/lcgerke/githelper/internal/git/cli.go:618.16,620.3 1 0
github.com/lcgerke/githelper/internal/git/cli.go:621.2,621.21 1 0
github.com/lcgerke/githelper/internal/git/cli.go:621.21,623.3 1 0
github.com/lcgerke/githelper/internal/git/cli.go:625.2,625.27 1 0
github.com/lcgerke/githelper/internal/git/cli.go:629.50,635.16 4 0
github.com/lcgerke/githelper/internal/git/cli.go:635.16,637.3 1 0
github.com/lcgerke/githelper/internal/git/cli.go:640.2,641.16 2 0
github.com/lcgerke/githelper/internal/git/cli.go:641.16,643.3 1 0
github.com/lcgerke/githelper/internal/git/cli.go:645.2,645.26 1 0
github.com/lcgerke/githelper/internal/git/cli.go:656.81,662.16 4 0
github.com/lcgerke/githelper/internal/git/cli.go:662.16,664.3 1 0
github.com/lcgerke/githelper/internal/git/cli.go:666.2,666.22 1 0
github.com/lcgerke/githelper/internal/git/cli.go:666.22,668.3 1 0
github.com/lcgerke/githelper/internal/git/cli.go:671.2,675.21 4 0
github.com/lcgerke/githelper/internal/git/cli.go:675.21,677.3 1 0
github.com/lcgerke/githelper/internal/git/cli.go:678.2,684.34 5 0
github.com/lcgerke/githelper/internal/git/cli.go:684.34,686.3 1 0
github.com/lcgerke/githelper/internal/git/cli.go:689.2,691.29 3 0
github.com/lcgerke/githelper/internal/git/cli.go:691.29,692.17 1 0
github.com/lcgerke/githelper/internal/git/cli.go:692.17,693.12 1 0
github.com/lcgerke/githelper/internal/git/cli.go:696.3,697.21 2 0
github.com/lcgerke/githelper/internal/git/cli.go:697.21,698.12 1 0
github.com/lcgerke/githelper/internal/git/cli.go:701.3,705.24 4 0
github.com/lcgerke/githelper/internal/git/cli.go:705.24,706.12 1 0
github.com/lcgerke/githelper/internal/git/cli.go:709.3,710.17 2 0
github.com/lcgerke/githelper/internal/git/cli.go:710.17,711.12 1 0
github.com/lcgerke/githelper/internal/git/cli.go:714.3,714.29 1 0
github.com/lcgerke/githelper/internal/git/cli.go:714.29,719.4 1 0
github.com/lcgerke/githelper/internal/git/cli.go:722.2,722.27 1 0
github.com/lcgerke/githelper/internal/git/cli.go:726.45,728.16 2 0
github.com/lcgerke/githelper/internal/git/cli.go:728.16,730.3 1 0
github.com/lcgerke/githelper/internal/git/cli.go:733.2,734.20 2 0
github.com/lcgerke/githelper/internal/git/cli.go:734.20,736.3 1 0
github.com/lcgerke/githelper/internal/git/cli.go:738.2,740.27 3 0
github.com/lcgerke/githelper/internal/git/cli.go:740.27,742.3 1 0
github.com/lcgerke/githelper/internal/git/cli.go:744.2,745.16 2 0
github.com/lcgerke/githelper/internal/git/cli.go:745.16,747.3 1 0
github.com/lcgerke/githelper/internal/git/cli.go:749.2,750.16 2 0
github.com/lcgerke/githelper/internal/git/cli.go:750.16,752.3 1 0
github.com/lcgerke/githelper/internal/git/cli.go:755.2,755.45 1 0
github.com/lcgerke/githelper/internal/git/cli.go:755.45,757.3 1 0
github.com/lcgerke/githelper/internal/git/cli.go:759.2,759.12 1 0
github.com/lcgerke/githelper/internal/git/divergence.go:25.102,30.44 3 0
github.com/lcgerke/githelper/internal/git/divergence.go:30.44,32.3 1 0
github.com/lcgerke/githelper/internal/git/divergence.go:34.2,34.46 1 0
github.com/lcgerke/githelper/internal/git/divergence.go:34.46,36.3 1 0
github.com/lcgerke/githelper/internal/git/divergence.go:39.2,40.16 2 0
github.com/lcgerke/githelper/internal/git/divergence.go:40.16,42.3 1 0
github.com/lcgerke/githelper/internal/git/divergence.go:44.2,45.16 2 0
github.com/lcgerke/githelper/internal/git/divergence.go:45.16,47.3 1 0
github.com/lcgerke/githelper/internal/git/divergence.go:50.2,50.32 1 0
github.com/lcgerke/githelper/internal/git/divergence.go:50.32,58.3 1 0
github.com/lcgerke/githelper/internal/git/divergence.go:61.2,62.16 2 0
github.com/lcgerke/githelper/internal/git/divergence.go:62.16,64.3 1 0
github.com/lcgerke/githelper/internal/git/divergence.go:67.2,68.16 2 0
github.com/lcgerke/githelper/internal/git/divergence.go:68.16,70.3 1 0
github.com/lcgerke/githelper/internal/git/divergence.go:72.2,78.8 1 0
github.com/lcgerke/githelper/internal/git/divergence.go:83.65,87.16 2 0
github.com/lcgerke/githelper/internal/git/divergence.go:87.16,89.3 1 0
github.com/lcgerke/githelper/internal/git/divergence.go:91.2,92.16 2 0
github.com/lcgerke/githelper/internal/git/divergence.go:92.16,94.3 1 0
github.com/lcgerke/githelper/internal/git/divergence.go:96.2,96.19 1 0
github.com/lcgerke/githelper/internal/git/divergence.go:100.56,102.16 2 0
github.com/lcgerke/githelper/internal/git/divergence.go:102.16,104.3 1 0
github.com/lcgerke/githelper/internal/git/divergence.go:105.2,105.39 1 0
github.com/lcgerke/githelper/internal/git/divergence.go:109.78,112.16 2 0
github.com/lcgerke/githelper/internal/git/divergence.go:112.16,114.3 1 0
github.com/lcgerke/githelper/internal/git/divergence.go:116.2,116.19 1 0
github.com/lcgerke/githelper/internal/git/divergence.go:116.19,118.3 1 0
github.com/lcgerke/githelper/internal/git/divergence.go:120.2,120.28 1 0
github.com/lcgerke/githelper/internal/git/divergence.go:120.28,122.3 1 0
github.com/lcgerke/githelper/internal/git/divergence.go:126.2,130.16 3 0
github.com/lcgerke/githelper/internal/git/divergence.go:130.16,132.3 1 0
github.com/lcgerke/githelper/internal/git/divergence.go:134.2,134.12 1 0
github.com/lcgerke/githelper/internal/git/dualpush.go:9.87,12.16 2 0
github.com/lcgerke/githelper/internal/git/dualpush.go:12.16,14.3 1 0
github.com/lcgerke/githelper/internal/git/dualpush.go:16.2,17.28 2 0
github.com/lcgerke/githelper/internal/git/dualpush.go:17.28,18.22 1 0
github.com/lcgerke/githelper/internal/git/dualpush.go:18.22,20.9 2 0
github.com/lcgerke/githelper/internal/git/dualpush.go:25.2,25.19 1 0
github.com/lcgerke/githelper/internal/git/dualpush.go:25.19,26.59 1 0
github.com/lcgerke/githelper/internal/git/dualpush.go:26.59,28.4 1 0
github.com/lcgerke/githelper/internal/git/dualpush.go:29.8,31.56 1 0
github.com/lcgerke/githelper/internal/git/dualpush.go:31.56,33.4 1 0
github.com/lcgerke/githelper/internal/git/dualpush.go:38.2,39.16 2 0
github.com/lcgerke/githelper/internal/git/dualpush.go:39.16,41.3 1 0
github.com/lcgerke/githelper/internal/git/dualpush.go:44.2,44.60 1 0
github.com/lcgerke/githelper/internal/git/dualpush.go:44.60,46.3 1 0
github.com/lcgerke/githelper/internal/git/dualpush.go:48.2,48.12 1 0
github.com/lcgerke/githelper/internal/git/dualpush.go:52.86,54.16 2 0
github.com/lcgerke/githelper/internal/git/dualpush.go:54.16,56.3 1 0
github.com/lcgerke/githelper/internal/git/dualpush.go:58.2,58.24 1 0
github.com/lcgerke/githelper/internal/git/dualpush.go:58.24,60.3 1 0
github.com/lcgerke/githelper/internal/git/dualpush.go:63.2,66.31 3 0
github.com/lcgerke/githelper/internal/git/dualpush.go:66.31,67.21 1 0
github.com/lcgerke/githelper/internal/git/dualpush.go:67.21,69.4 1 0
github.com/lcgerke/githelper/internal/git/dualpush.go:70.3,70.23 1 0
github.com/lcgerke/githelper/internal/git/dualpush.go:70.23,72.4 1 0
github.com/lcgerke/githelper/internal/git/dualpush.go:75.2,75.34 1 0
github.com/lcgerke/githelper/internal/git/ssh.go:9.60,13.2 2 0
github.com/lcgerke/githelper/internal/git/ssh.go:16.50,18.2 1 0
