mode: set
github.com/lcgerke/githelper/internal/errors/errors.go:29.41,30.18 1 1
github.com/lcgerke/githelper/internal/errors/errors.go:30.18,32.3 1 1
github.com/lcgerke/githelper/internal/errors/errors.go:33.2,33.49 1 1
github.com/lcgerke/githelper/internal/errors/errors.go:36.41,38.2 1 1
github.com/lcgerke/githelper/internal/errors/errors.go:41.55,43.18 2 1
github.com/lcgerke/githelper/internal/errors/errors.go:43.18,45.3 1 1
github.com/lcgerke/githelper/internal/errors/errors.go:46.2,46.12 1 1
github.com/lcgerke/githelper/internal/errors/errors.go:50.61,55.2 1 1
github.com/lcgerke/githelper/internal/errors/errors.go:58.73,64.2 1 1
github.com/lcgerke/githelper/internal/errors/errors.go:67.65,70.2 2 1
github.com/lcgerke/githelper/internal/errors/errors.go:74.63,79.2 1 1
github.com/lcgerke/githelper/internal/errors/errors.go:81.49,86.2 1 1
github.com/lcgerke/githelper/internal/errors/errors.go:88.54,93.2 1 1
github.com/lcgerke/githelper/internal/errors/errors.go:95.50,100.2 1 1
github.com/lcgerke/githelper/internal/errors/errors.go:102.54,104.27 2 1
github.com/lcgerke/githelper/internal/errors/errors.go:104.27,106.3 1 1
github.com/lcgerke/githelper/internal/errors/errors.go:107.2,110.3 1 1
github.com/lcgerke/githelper/internal/errors/errors.go:113.61,118.2 1 1
github.com/lcgerke/githelper/internal/errors/errors.go:120.46,125.2 1 1
github.com/lcgerke/githelper/internal/errors/errors.go:127.70,132.2 1 1
github.com/lcgerke/githelper/internal/errors/errors.go:134.69,139.2 1 1
github.com/lcgerke/githelper/internal/errors/errors.go:141.48,146.2 1 1
github.com/lcgerke/githelper/internal/errors/errors.go:148.64,153.2 1 1
github.com/lcgerke/githelper/internal/errors/errors.go:155.63,160.2 1 1
github.com/lcgerke/githelper/internal/github/client.go:20.59,31.2 3 0
github.com/lcgerke/githelper/internal/github/client.go:34.103,43.16 3 0
github.com/lcgerke/githelper/internal/github/client.go:43.16,45.3 1 0
github.com/lcgerke/githelper/internal/github/client.go:47.2,47.25 1 0
github.com/lcgerke/githelper/internal/github/client.go:51.80,53.16 2 0
github.com/lcgerke/githelper/internal/github/client.go:53.16,55.3 1 0
github.com/lcgerke/githelper/internal/github/client.go:57.2,57.24 1 0
github.com/lcgerke/githelper/internal/github/client.go:61.69,63.16 2 0
github.com/lcgerke/githelper/internal/github/client.go:63.16,64.44 1 0
github.com/lcgerke/githelper/internal/github/client.go:64.44,66.4 1 0
github.com/lcgerke/githelper/internal/github/client.go:67.3,67.76 1 0
github.com/lcgerke/githelper/internal/github/client.go:70.2,70.18 1 0
github.com/lcgerke/githelper/internal/github/client.go:74.63,76.16 2 0
github.com/lcgerke/githelper/internal/github/client.go:76.16,78.3 1 0
github.com/lcgerke/githelper/internal/github/client.go:80.2,80.18 1 0
github.com/lcgerke/githelper/internal/github/client.go:84.41,86.16 2 0
github.com/lcgerke/githelper/internal/github/client.go:86.16,88.3 1 0
github.com/lcgerke/githelper/internal/github/client.go:89.2,89.12 1 0
github.com/lcgerke/githelper/internal/github/client.go:93.64,95.16 2 0
github.com/lcgerke/githelper/internal/github/client.go:95.16,97.3 1 0
github.com/lcgerke/githelper/internal/github/client.go:99.2,99.30 1 0
github.com/lcgerke/githelper/internal/github/client.go:99.30,101.3 1 0
github.com/lcgerke/githelper/internal/github/client.go:103.2,103.32 1 0
github.com/lcgerke/githelper/internal/github/client.go:107.33,110.2 2 1
github.com/lcgerke/githelper/internal/github/client.go:113.34,114.28 1 0
github.com/lcgerke/githelper/internal/github/client.go:114.28,116.3 1 0
github.com/lcgerke/githelper/internal/github/client.go:118.2,120.19 3 0
github.com/lcgerke/githelper/internal/github/client.go:125.86,126.16 1 0
github.com/lcgerke/githelper/internal/github/client.go:126.16,128.3 1 0
github.com/lcgerke/githelper/internal/github/client.go:130.2,130.28 1 0
github.com/lcgerke/githelper/internal/github/client.go:130.28,132.3 1 0
github.com/lcgerke/githelper/internal/github/client.go:134.2,134.29 1 0
github.com/lcgerke/githelper/internal/github/client.go:134.29,136.3 1 0
github.com/lcgerke/githelper/internal/github/client.go:139.2,142.23 2 0
github.com/lcgerke/githelper/internal/github/client.go:142.23,144.3 1 0
github.com/lcgerke/githelper/internal/github/client.go:147.2,147.13 1 0
github.com/lcgerke/githelper/internal/github/client.go:147.13,149.3 1 0
github.com/lcgerke/githelper/internal/github/client.go:149.8,151.3 1 0
github.com/lcgerke/githelper/internal/github/client.go:154.2,156.16 3 0
github.com/lcgerke/githelper/internal/github/client.go:156.16,158.3 1 0
github.com/lcgerke/githelper/internal/github/client.go:160.2,160.12 1 0
github.com/lcgerke/githelper/internal/github/client.go:164.102,167.16 2 0
github.com/lcgerke/githelper/internal/github/client.go:167.16,171.3 1 0
github.com/lcgerke/githelper/internal/github/client.go:173.2,173.12 1 0
github.com/lcgerke/githelper/internal/github/client.go:173.12,175.3 1 0
github.com/lcgerke/githelper/internal/github/client.go:177.2,177.60 1 0
github.com/lcgerke/githelper/internal/hooks/hooks.go:41.43,50.2 3 0
github.com/lcgerke/githelper/internal/hooks/hooks.go:53.35,55.54 1 0
github.com/lcgerke/githelper/internal/hooks/hooks.go:55.54,57.3 1 0
github.com/lcgerke/githelper/internal/hooks/hooks.go:60.2,64.63 3 0
github.com/lcgerke/githelper/internal/hooks/hooks.go:64.63,66.3 1 0
github.com/lcgerke/githelper/internal/hooks/hooks.go:69.2,69.65 1 0
github.com/lcgerke/githelper/internal/hooks/hooks.go:69.65,71.3 1 0
github.com/lcgerke/githelper/internal/hooks/hooks.go:73.2,73.12 1 0
github.com/lcgerke/githelper/internal/hooks/hooks.go:77.59,82.45 3 0
github.com/lcgerke/githelper/internal/hooks/hooks.go:82.45,84.57 1 0
github.com/lcgerke/githelper/internal/hooks/hooks.go:84.57,86.4 1 0
github.com/lcgerke/githelper/internal/hooks/hooks.go:90.2,90.70 1 0
github.com/lcgerke/githelper/internal/hooks/hooks.go:90.70,92.56 1 0
github.com/lcgerke/githelper/internal/hooks/hooks.go:92.56,94.4 1 0
github.com/lcgerke/githelper/internal/hooks/hooks.go:95.3,95.62 1 0
github.com/lcgerke/githelper/internal/hooks/hooks.go:98.2,98.12 1 0
github.com/lcgerke/githelper/internal/hooks/hooks.go:102.37,105.29 2 0
github.com/lcgerke/githelper/internal/hooks/hooks.go:105.29,109.46 2 0
github.com/lcgerke/githelper/internal/hooks/hooks.go:109.46,110.46 1 0
github.com/lcgerke/githelper/internal/hooks/hooks.go:110.46,112.5 1 0
github.com/lcgerke/githelper/internal/hooks/hooks.go:116.2,116.12 1 0
github.com/lcgerke/githelper/internal/hooks/hooks.go:120.57,122.2 1 0
github.com/lcgerke/githelper/internal/hooks/hooks.go:125.51,129.2 3 0
github.com/lcgerke/githelper/internal/hooks/hooks.go:132.38,140.2 5 0
github.com/lcgerke/githelper/internal/state/state.go:49.52,50.20 1 0
github.com/lcgerke/githelper/internal/state/state.go:50.20,52.17 2 0
github.com/lcgerke/githelper/internal/state/state.go:52.17,54.4 1 0
github.com/lcgerke/githelper/internal/state/state.go:55.3,55.47 1 0
github.com/lcgerke/githelper/internal/state/state.go:59.2,59.52 1 0
github.com/lcgerke/githelper/internal/state/state.go:59.52,61.3 1 0
github.com/lcgerke/githelper/internal/state/state.go:63.2,67.8 2 0
github.com/lcgerke/githelper/internal/state/state.go:71.42,76.56 3 0
github.com/lcgerke/githelper/internal/state/state.go:76.56,80.3 1 0
github.com/lcgerke/githelper/internal/state/state.go:82.2,83.16 2 0
github.com/lcgerke/githelper/internal/state/state.go:83.16,85.3 1 0
github.com/lcgerke/githelper/internal/state/state.go:87.2,88.53 2 0
github.com/lcgerke/githelper/internal/state/state.go:88.53,90.3 1 0
github.com/lcgerke/githelper/internal/state/state.go:93.2,93.31 1 0
github.com/lcgerke/githelper/internal/state/state.go:93.31,95.3 1 0
github.com/lcgerke/githelper/internal/state/state.go:97.2,97.20 1 0
github.com/lcgerke/githelper/internal/state/state.go:101.44,106.16 4 0
github.com/lcgerke/githelper/internal/state/state.go:106.16,108.3 1 0
github.com/lcgerke/githelper/internal/state/state.go:110.2,110.62 1 0
github.com/lcgerke/githelper/internal/state/state.go:110.62,112.3 1 0
github.com/lcgerke/githelper/internal/state/state.go:114.2,114.12 1 0
github.com/lcgerke/githelper/internal/state/state.go:118.70,120.16 2 0
github.com/lcgerke/githelper/internal/state/state.go:120.16,122.3 1 0
github.com/lcgerke/githelper/internal/state/state.go:124.2,125.22 2 0
github.com/lcgerke/githelper/internal/state/state.go:129.67,131.16 2 0
github.com/lcgerke/githelper/internal/state/state.go:131.16,133.3 1 0
github.com/lcgerke/githelper/internal/state/state.go:135.2,136.13 2 0
github.com/lcgerke/githelper/internal/state/state.go:136.13,138.3 1 0
github.com/lcgerke/githelper/internal/state/state.go:140.2,140.18 1 0
github.com/lcgerke/githelper/internal/state/state.go:144.70,146.16 2 0
github.com/lcgerke/githelper/internal/state/state.go:146.16,148.3 1 0
github.com/lcgerke/githelper/internal/state/state.go:150.2,150.32 1 0
github.com/lcgerke/githelper/internal/state/state.go:154.55,156.16 2 0
github.com/lcgerke/githelper/internal/state/state.go:156.16,158.3 1 0
github.com/lcgerke/githelper/internal/state/state.go:160.2,161.22 2 0
github.com/lcgerke/githelper/internal/state/state.go:165.87,167.16 2 0
github.com/lcgerke/githelper/internal/state/state.go:167.16,169.3 1 0
github.com/lcgerke/githelper/internal/state/state.go:171.2,172.13 2 0
github.com/lcgerke/githelper/internal/state/state.go:172.13,174.3 1 0
github.com/lcgerke/githelper/internal/state/state.go:176.2,176.24 1 0
github.com/lcgerke/githelper/internal/state/state.go:176.24,178.3 1 0
github.com/lcgerke/githelper/internal/state/state.go:180.2,185.22 5 0
github.com/lcgerke/githelper/internal/ui/output.go:29.42,36.2 3 0
github.com/lcgerke/githelper/internal/ui/output.go:39.33,40.19 1 0
github.com/lcgerke/githelper/internal/ui/output.go:40.19,42.3 1 0
github.com/lcgerke/githelper/internal/ui/output.go:45.2,45.41 1 0
github.com/lcgerke/githelper/internal/ui/output.go:45.41,47.61 2 0
github.com/lcgerke/githelper/internal/ui/output.go:47.61,51.4 2 0
github.com/lcgerke/githelper/internal/ui/output.go:51.9,55.4 2 0
github.com/lcgerke/githelper/internal/ui/output.go:56.8,60.3 2 0
github.com/lcgerke/githelper/internal/ui/output.go:64.49,68.2 3 0
github.com/lcgerke/githelper/internal/ui/output.go:71.48,73.2 1 0
github.com/lcgerke/githelper/internal/ui/output.go:76.32,78.2 1 0
github.com/lcgerke/githelper/internal/ui/output.go:81.42,82.28 1 0
github.com/lcgerke/githelper/internal/ui/output.go:82.28,88.3 2 0
github.com/lcgerke/githelper/internal/ui/output.go:90.2,90.20 1 0
github.com/lcgerke/githelper/internal/ui/output.go:90.20,92.3 1 0
github.com/lcgerke/githelper/internal/ui/output.go:92.8,94.3 1 0
github.com/lcgerke/githelper/internal/ui/output.go:98.40,99.28 1 0
github.com/lcgerke/githelper/internal/ui/output.go:99.28,105.3 2 0
github.com/lcgerke/githelper/internal/ui/output.go:107.2,107.20 1 0
github.com/lcgerke/githelper/internal/ui/output.go:107.20,109.3 1 0
github.com/lcgerke/githelper/internal/ui/output.go:109.8,111.3 1 0
github.com/lcgerke/githelper/internal/ui/output.go:115.42,116.28 1 0
github.com/lcgerke/githelper/internal/ui/output.go:116.28,122.3 2 0
github.com/lcgerke/githelper/internal/ui/output.go:124.2,124.20 1 0
github.com/lcgerke/githelper/internal/ui/output.go:124.20,126.3 1 0
github.com/lcgerke/githelper/internal/ui/output.go:126.8,128.3 1 0
github.com/lcgerke/githelper/internal/ui/output.go:132.39,133.28 1 0
github.com/lcgerke/githelper/internal/ui/output.go:133.28,139.3 2 0
github.com/lcgerke/githelper/internal/ui/output.go:141.2,141.40 1 0
github.com/lcgerke/githelper/internal/ui/output.go:145.39,146.28 1 0
github.com/lcgerke/githelper/internal/ui/output.go:146.28,148.3 1 0
github.com/lcgerke/githelper/internal/ui/output.go:150.2,150.20 1 0
github.com/lcgerke/githelper/internal/ui/output.go:150.20,152.3 1 0
github.com/lcgerke/githelper/internal/ui/output.go:152.8,154.3 1 0
github.com/lcgerke/githelper/internal/ui/output.go:158.30,159.28 1 0
github.com/lcgerke/githelper/internal/ui/output.go:159.28,161.3 1 0
github.com/lcgerke/githelper/internal/ui/output.go:163.2,163.163 1 0
github.com/lcgerke/githelper/internal/ui/output.go:167.47,169.2 1 0
github.com/lcgerke/githelper/internal/ui/output.go:172.52,176.2 3 0
github.com/lcgerke/githelper/internal/ui/output.go:179.60,181.2 1 0
github.com/lcgerke/githelper/internal/ui/output.go:184.63,186.2 1 0
github.com/lcgerke/githelper/internal/ui/output.go:189.61,191.2 1 0
github.com/lcgerke/githelper/internal/ui/output.go:194.63,196.2 1 0
github.com/lcgerke/githelper/internal/vault/client.go:23.54,25.19 2 0
github.com/lcgerke/githelper/internal/vault/client.go:25.19,27.3 1 0
github.com/lcgerke/githelper/internal/vault/client.go:29.2,30.16 2 0
github.com/lcgerke/githelper/internal/vault/client.go:30.16,32.22 2 0
github.com/lcgerke/githelper/internal/vault/client.go:32.22,34.4 1 0
github.com/lcgerke/githelper/internal/vault/client.go:35.3,35.54 1 0
github.com/lcgerke/githelper/internal/vault/client.go:38.2,41.8 1 0
github.com/lcgerke/githelper/internal/vault/client.go:45.73,47.16 2 0
github.com/lcgerke/githelper/internal/vault/client.go:47.16,49.3 1 0
github.com/lcgerke/githelper/internal/vault/client.go:51.2,51.41 1 0
github.com/lcgerke/githelper/internal/vault/client.go:51.41,56.3 1 0
github.com/lcgerke/githelper/internal/vault/client.go:58.2,58.25 1 0
github.com/lcgerke/githelper/internal/vault/client.go:62.76,64.16 2 0
github.com/lcgerke/githelper/internal/vault/client.go:64.16,66.3 1 0
github.com/lcgerke/githelper/internal/vault/client.go:68.2,68.12 1 0
github.com/lcgerke/githelper/internal/vault/client.go:72.37,78.2 4 0
github.com/lcgerke/githelper/internal/vault/client.go:81.47,83.16 2 0
github.com/lcgerke/githelper/internal/vault/client.go:83.16,85.3 1 0
github.com/lcgerke/githelper/internal/vault/client.go:87.2,89.51 2 0
github.com/lcgerke/githelper/internal/vault/client.go:89.51,91.3 1 0
github.com/lcgerke/githelper/internal/vault/client.go:92.2,92.53 1 0
github.com/lcgerke/githelper/internal/vault/client.go:92.53,94.3 1 0
github.com/lcgerke/githelper/internal/vault/client.go:95.2,95.54 1 0
github.com/lcgerke/githelper/internal/vault/client.go:95.54,97.3 1 0
github.com/lcgerke/githelper/internal/vault/client.go:98.2,98.52 1 0
github.com/lcgerke/githelper/internal/vault/client.go:98.52,100.3 1 0
github.com/lcgerke/githelper/internal/vault/client.go:101.2,101.50 1 0
github.com/lcgerke/githelper/internal/vault/client.go:101.50,103.3 1 0
github.com/lcgerke/githelper/internal/vault/client.go:104.2,104.47 1 0
github.com/lcgerke/githelper/internal/vault/client.go:104.47,106.3 1 0
github.com/lcgerke/githelper/internal/vault/client.go:107.2,107.58 1 0
github.com/lcgerke/githelper/internal/vault/client.go:107.58,109.3 1 0
github.com/lcgerke/githelper/internal/vault/client.go:111.2,111.17 1 0
github.com/lcgerke/githelper/internal/vault/client.go:116.62,121.20 3 0
github.com/lcgerke/githelper/internal/vault/client.go:121.20,124.17 3 0
github.com/lcgerke/githelper/internal/vault/client.go:124.17,126.4 1 0
github.com/lcgerke/githelper/internal/vault/client.go:130.2,131.16 2 0
github.com/lcgerke/githelper/internal/vault/client.go:131.16,136.3 1 0
github.com/lcgerke/githelper/internal/vault/client.go:138.2,138.26 1 0
github.com/lcgerke/githelper/internal/vault/client.go:143.58,148.20 3 0
github.com/lcgerke/githelper/internal/vault/client.go:148.20,151.17 3 0
github.com/lcgerke/githelper/internal/vault/client.go:151.17,152.47 1 0
github.com/lcgerke/githelper/internal/vault/client.go:152.47,154.5 1 0
github.com/lcgerke/githelper/internal/vault/client.go:159.2,160.16 2 0
github.com/lcgerke/githelper/internal/vault/client.go:160.16,165.3 1 0
github.com/lcgerke/githelper/internal/vault/client.go:167.2,167.45 1 0
github.com/lcgerke/githelper/internal/vault/client.go:167.45,169.3 1 0
github.com/lcgerke/githelper/internal/vault/client.go:171.2,174.3 1 0
github.com/lcgerke/githelper/internal/vault/client.go:177.64,181.9 3 0
github.com/lcgerke/githelper/internal/vault/client.go:181.9,186.3 1 0
github.com/lcgerke/githelper/internal/vault/client.go:187.2,189.54 2 0
github.com/lcgerke/githelper/internal/vault/client.go:189.54,191.3 1 0
github.com/lcgerke/githelper/internal/vault/client.go:193.2,193.17 1 0
github.com/lcgerke/githelper/internal/vault/ssh.go:11.75,14.16 2 0
github.com/lcgerke/githelper/internal/vault/ssh.go:14.16,16.3 1 0
github.com/lcgerke/githelper/internal/vault/ssh.go:19.2,19.51 1 0
github.com/lcgerke/githelper/internal/vault/ssh.go:19.51,21.3 1 0
github.com/lcgerke/githelper/internal/vault/ssh.go:24.2,25.20 2 0
github.com/lcgerke/githelper/internal/vault/ssh.go:25.20,27.3 1 0
github.com/lcgerke/githelper/internal/vault/ssh.go:27.8,29.3 1 0
github.com/lcgerke/githelper/internal/vault/ssh.go:32.2,33.86 2 0
github.com/lcgerke/githelper/internal/vault/ssh.go:33.86,35.3 1 0
github.com/lcgerke/githelper/internal/vault/ssh.go:38.2,38.28 1 0
github.com/lcgerke/githelper/internal/vault/ssh.go:38.28,40.85 2 0
github.com/lcgerke/githelper/internal/vault/ssh.go:40.85,43.4 1 0
github.com/lcgerke/githelper/internal/vault/ssh.go:46.2,46.28 1 0
github.com/lcgerke/githelper/internal/vault/ssh.go:50.52,51.18 1 0
github.com/lcgerke/githelper/internal/vault/ssh.go:51.18,54.3 2 0
github.com/lcgerke/githelper/internal/vault/ssh.go:56.2,57.20 2 0
github.com/lcgerke/githelper/internal/vault/ssh.go:57.20,59.3 1 0
github.com/lcgerke/githelper/internal/vault/ssh.go:59.8,61.3 1 0
github.com/lcgerke/githelper/internal/vault/ssh.go:63.2,63.39 1 0
github.com/lcgerke/githelper/internal/scenarios/classifier.go:16.114,23.2 1 0
github.com/lcgerke/githelper/internal/scenarios/classifier.go:26.57,39.26 4 0
github.com/lcgerke/githelper/internal/scenarios/classifier.go:39.26,41.54 1 0
github.com/lcgerke/githelper/internal/scenarios/classifier.go:41.54,47.4 1 0
github.com/lcgerke/githelper/internal/scenarios/classifier.go:49.3,49.56 1 0
github.com/lcgerke/githelper/internal/scenarios/classifier.go:49.56,55.4 1 0
github.com/lcgerke/githelper/internal/scenarios/classifier.go:59.2,60.16 2 0
github.com/lcgerke/githelper/internal/scenarios/classifier.go:60.16,62.3 1 0
github.com/lcgerke/githelper/internal/scenarios/classifier.go:63.2,66.27 2 0
github.com/lcgerke/githelper/internal/scenarios/classifier.go:66.27,68.17 2 0
github.com/lcgerke/githelper/internal/scenarios/classifier.go:68.17,70.4 1 0
github.com/lcgerke/githelper/internal/scenarios/classifier.go:71.3,74.51 2 0
github.com/lcgerke/githelper/internal/scenarios/classifier.go:74.51,81.4 2 0
github.com/lcgerke/githelper/internal/scenarios/classifier.go:83.3,83.49 1 0
github.com/lcgerke/githelper/internal/scenarios/classifier.go:83.49,90.4 2 0
github.com/lcgerke/githelper/internal/scenarios/classifier.go:92.3,92.56 1 0
github.com/lcgerke/githelper/internal/scenarios/classifier.go:92.56,99.4 2 0
github.com/lcgerke/githelper/internal/scenarios/classifier.go:103.2,103.56 1 0
github.com/lcgerke/githelper/internal/scenarios/classifier.go:103.56,105.17 2 0
github.com/lcgerke/githelper/internal/scenarios/classifier.go:105.17,107.4 1 0
github.com/lcgerke/githelper/internal/scenarios/classifier.go:108.3,108.32 1 0
github.com/lcgerke/githelper/internal/scenarios/classifier.go:109.8,115.3 1 0
github.com/lcgerke/githelper/internal/scenarios/classifier.go:118.2,118.27 1 0
github.com/lcgerke/githelper/internal/scenarios/classifier.go:118.27,121.27 2 0
github.com/lcgerke/githelper/internal/scenarios/classifier.go:121.27,123.4 1 0
github.com/lcgerke/githelper/internal/scenarios/classifier.go:123.9,123.36 1 0
github.com/lcgerke/githelper/internal/scenarios/classifier.go:123.36,125.4 1 0
github.com/lcgerke/githelper/internal/scenarios/classifier.go:126.3,126.26 1 0
github.com/lcgerke/githelper/internal/scenarios/classifier.go:126.26,128.4 1 0
github.com/lcgerke/githelper/internal/scenarios/classifier.go:129.3,132.29 2 0
github.com/lcgerke/githelper/internal/scenarios/classifier.go:133.13,136.18 2 0
github.com/lcgerke/githelper/internal/scenarios/classifier.go:136.18,138.5 1 0
github.com/lcgerke/githelper/internal/scenarios/classifier.go:139.4,142.31 2 0
github.com/lcgerke/githelper/internal/scenarios/classifier.go:142.31,144.19 2 0
github.com/lcgerke/githelper/internal/scenarios/classifier.go:144.19,146.6 1 0
github.com/lcgerke/githelper/internal/scenarios/classifier.go:147.5,147.30 1 0
github.com/lcgerke/githelper/internal/scenarios/classifier.go:150.13,151.82 1 0
github.com/lcgerke/githelper/internal/scenarios/classifier.go:153.13,154.82 1 0
github.com/lcgerke/githelper/internal/scenarios/classifier.go:156.11,161.5 1 0
github.com/lcgerke/githelper/internal/scenarios/classifier.go:163.8,169.3 1 0
github.com/lcgerke/githelper/internal/scenarios/classifier.go:171.2,172.19 2 0
github.com/lcgerke/githelper/internal/scenarios/classifier.go:176.78,186.16 6 0
github.com/lcgerke/githelper/internal/scenarios/classifier.go:186.16,188.3 1 0
github.com/lcgerke/githelper/internal/scenarios/classifier.go:190.2,192.33 3 0
github.com/lcgerke/githelper/internal/scenarios/classifier.go:192.33,193.29 1 0
github.com/lcgerke/githelper/internal/scenarios/classifier.go:193.29,195.4 1 0
github.com/lcgerke/githelper/internal/scenarios/classifier.go:196.3,196.31 1 0
github.com/lcgerke/githelper/internal/scenarios/classifier.go:196.31,198.4 1 0
github.com/lcgerke/githelper/internal/scenarios/classifier.go:201.2,201.20 1 0
github.com/lcgerke/githelper/internal/scenarios/classifier.go:201.20,206.3 4 0
github.com/lcgerke/githelper/internal/scenarios/classifier.go:208.2,208.22 1 0
github.com/lcgerke/githelper/internal/scenarios/classifier.go:208.22,213.3 4 0
github.com/lcgerke/githelper/internal/scenarios/classifier.go:216.2,216.55 1 0
github.com/lcgerke/githelper/internal/scenarios/classifier.go:216.55,219.3 2 0
github.com/lcgerke/githelper/internal/scenarios/classifier.go:219.8,219.63 1 0
github.com/lcgerke/githelper/internal/scenarios/classifier.go:219.63,222.3 2 0
github.com/lcgerke/githelper/internal/scenarios/classifier.go:222.8,222.63 1 0
github.com/lcgerke/githelper/internal/scenarios/classifier.go:222.63,225.3 2 0
github.com/lcgerke/githelper/internal/scenarios/classifier.go:225.8,225.64 1 0
github.com/lcgerke/githelper/internal/scenarios/classifier.go:225.64,228.3 2 0
github.com/lcgerke/githelper/internal/scenarios/classifier.go:228.8,228.63 1 0
github.com/lcgerke/githelper/internal/scenarios/classifier.go:228.63,231.3 2 0
github.com/lcgerke/githelper/internal/scenarios/classifier.go:231.8,231.64 1 0
github.com/lcgerke/githelper/internal/scenarios/classifier.go:231.64,234.3 2 0
github.com/lcgerke/githelper/internal/scenarios/classifier.go:234.8,234.64 1 0
github.com/lcgerke/githelper/internal/scenarios/classifier.go:234.64,237.3 2 0
github.com/lcgerke/githelper/internal/scenarios/classifier.go:237.8,240.3 2 0
github.com/lcgerke/githelper/internal/scenarios/classifier.go:242.2,242.20 1 0
github.com/lcgerke/githelper/internal/scenarios/classifier.go:246.82,250.16 3 0
github.com/lcgerke/githelper/internal/scenarios/classifier.go:250.16,252.3 1 0
github.com/lcgerke/githelper/internal/scenarios/classifier.go:253.2,256.16 3 0
github.com/lcgerke/githelper/internal/scenarios/classifier.go:256.16,258.3 1 0
github.com/lcgerke/githelper/internal/scenarios/classifier.go:259.2,262.16 3 0
github.com/lcgerke/githelper/internal/scenarios/classifier.go:262.16,264.3 1 0
github.com/lcgerke/githelper/internal/scenarios/classifier.go:265.2,268.16 3 0
github.com/lcgerke/githelper/internal/scenarios/classifier.go:268.16,270.3 1 0
github.com/lcgerke/githelper/internal/scenarios/classifier.go:271.2,275.16 3 0
github.com/lcgerke/githelper/internal/scenarios/classifier.go:275.16,279.3 1 0
github.com/lcgerke/githelper/internal/scenarios/classifier.go:281.2,281.33 1 0
github.com/lcgerke/githelper/internal/scenarios/classifier.go:281.33,283.42 2 0
github.com/lcgerke/githelper/internal/scenarios/classifier.go:283.42,285.4 1 0
github.com/lcgerke/githelper/internal/scenarios/classifier.go:289.2,289.28 1 0
github.com/lcgerke/githelper/internal/scenarios/classifier.go:289.28,293.3 3 0
github.com/lcgerke/githelper/internal/scenarios/classifier.go:293.8,293.33 1 0
github.com/lcgerke/githelper/internal/scenarios/classifier.go:293.33,297.3 3 0
github.com/lcgerke/githelper/internal/scenarios/classifier.go:297.8,297.35 1 0
github.com/lcgerke/githelper/internal/scenarios/classifier.go:297.35,301.3 3 0
github.com/lcgerke/githelper/internal/scenarios/classifier.go:301.8,301.36 1 0
github.com/lcgerke/githelper/internal/scenarios/classifier.go:301.36,305.3 3 0
github.com/lcgerke/githelper/internal/scenarios/classifier.go:305.8,309.3 3 0
github.com/lcgerke/githelper/internal/scenarios/classifier.go:311.2,311.16 1 0
github.com/lcgerke/githelper/internal/scenarios/classifier.go:315.80,323.16 4 0
github.com/lcgerke/githelper/internal/scenarios/classifier.go:323.16,325.3 1 0
github.com/lcgerke/githelper/internal/scenarios/classifier.go:327.2,327.28 1 0
github.com/lcgerke/githelper/internal/scenarios/classifier.go:327.28,332.36 4 0
github.com/lcgerke/githelper/internal/scenarios/classifier.go:332.36,337.4 1 0
github.com/lcgerke/githelper/internal/scenarios/classifier.go:338.3,338.19 1 0
github.com/lcgerke/githelper/internal/scenarios/classifier.go:342.2,342.55 1 0
github.com/lcgerke/githelper/internal/scenarios/classifier.go:342.55,347.3 4 0
github.com/lcgerke/githelper/internal/scenarios/classifier.go:350.2,350.50 1 0
github.com/lcgerke/githelper/internal/scenarios/classifier.go:350.50,355.3 4 0
github.com/lcgerke/githelper/internal/scenarios/classifier.go:358.2,358.48 1 0
github.com/lcgerke/githelper/internal/scenarios/classifier.go:358.48,363.3 4 0
github.com/lcgerke/githelper/internal/scenarios/classifier.go:366.2,368.18 3 0
github.com/lcgerke/githelper/internal/scenarios/classifier.go:372.96,379.16 3 0
github.com/lcgerke/githelper/internal/scenarios/classifier.go:379.16,381.3 1 0
github.com/lcgerke/githelper/internal/scenarios/classifier.go:382.2,385.16 3 0
github.com/lcgerke/githelper/internal/scenarios/classifier.go:385.16,387.3 1 0
github.com/lcgerke/githelper/internal/scenarios/classifier.go:388.2,391.16 3 0
github.com/lcgerke/githelper/internal/scenarios/classifier.go:391.16,393.3 1 0
github.com/lcgerke/githelper/internal/scenarios/classifier.go:394.2,397.54 2 0
github.com/lcgerke/githelper/internal/scenarios/classifier.go:397.54,401.3 3 0
github.com/lcgerke/githelper/internal/scenarios/classifier.go:404.2,404.27 1 0
github.com/lcgerke/githelper/internal/scenarios/classifier.go:404.27,407.3 2 0
github.com/lcgerke/githelper/internal/scenarios/classifier.go:409.2,409.29 1 0
github.com/lcgerke/githelper/internal/scenarios/classifier.go:409.29,412.3 2 0
github.com/lcgerke/githelper/internal/scenarios/classifier.go:414.2,414.28 1 0
github.com/lcgerke/githelper/internal/scenarios/classifier.go:414.28,417.3 2 0
github.com/lcgerke/githelper/internal/scenarios/classifier.go:420.2,424.52 4 0
github.com/lcgerke/githelper/internal/scenarios/classifier.go:424.52,425.63 1 0
github.com/lcgerke/githelper/internal/scenarios/classifier.go:425.63,428.4 2 0
github.com/lcgerke/githelper/internal/scenarios/classifier.go:428.9,428.41 1 0
github.com/lcgerke/githelper/internal/scenarios/classifier.go:428.41,431.4 2 0
github.com/lcgerke/githelper/internal/scenarios/classifier.go:431.9,434.4 2 0
github.com/lcgerke/githelper/internal/scenarios/classifier.go:435.8,435.59 1 0
github.com/lcgerke/githelper/internal/scenarios/classifier.go:435.59,436.61 1 0
github.com/lcgerke/githelper/internal/scenarios/classifier.go:436.61,439.4 2 0
github.com/lcgerke/githelper/internal/scenarios/classifier.go:439.9,439.38 1 0
github.com/lcgerke/githelper/internal/scenarios/classifier.go:439.38,442.4 2 0
github.com/lcgerke/githelper/internal/scenarios/classifier.go:442.9,445.4 2 0
github.com/lcgerke/githelper/internal/scenarios/classifier.go:446.8,446.28 1 0
github.com/lcgerke/githelper/internal/scenarios/classifier.go:446.28,447.32 1 0
github.com/lcgerke/githelper/internal/scenarios/classifier.go:447.32,451.4 3 0
github.com/lcgerke/githelper/internal/scenarios/classifier.go:451.9,451.24 1 0
github.com/lcgerke/githelper/internal/scenarios/classifier.go:451.24,455.4 3 0
github.com/lcgerke/githelper/internal/scenarios/classifier.go:455.9,455.25 1 0
github.com/lcgerke/githelper/internal/scenarios/classifier.go:455.25,459.4 3 0
github.com/lcgerke/githelper/internal/scenarios/classifier.go:459.9,463.4 3 0
github.com/lcgerke/githelper/internal/scenarios/classifier.go:464.8,464.69 1 0
github.com/lcgerke/githelper/internal/scenarios/classifier.go:464.69,467.3 2 0
github.com/lcgerke/githelper/internal/scenarios/classifier.go:467.8,467.69 1 0
github.com/lcgerke/githelper/internal/scenarios/classifier.go:467.69,470.3 2 0
github.com/lcgerke/githelper/internal/scenarios/classifier.go:470.8,473.3 2 0
github.com/lcgerke/githelper/internal/scenarios/classifier.go:475.2,475.18 1 0
github.com/lcgerke/githelper/internal/scenarios/classifier.go:494.13,497.22 2 1
github.com/lcgerke/githelper/internal/scenarios/classifier.go:497.22,499.3 1 1
github.com/lcgerke/githelper/internal/scenarios/classifier.go:502.2,503.16 2 1
github.com/lcgerke/githelper/internal/scenarios/classifier.go:503.16,512.3 1 1
github.com/lcgerke/githelper/internal/scenarios/classifier.go:515.2,516.16 2 1
github.com/lcgerke/githelper/internal/scenarios/classifier.go:516.16,523.3 1 1
github.com/lcgerke/githelper/internal/scenarios/classifier.go:525.2,526.16 2 1
github.com/lcgerke/githelper/internal/scenarios/classifier.go:526.16,534.3 1 1
github.com/lcgerke/githelper/internal/scenarios/classifier.go:537.2,545.31 6 1
github.com/lcgerke/githelper/internal/scenarios/classifier.go:545.31,548.3 2 1
github.com/lcgerke/githelper/internal/scenarios/classifier.go:548.8,548.37 1 1
github.com/lcgerke/githelper/internal/scenarios/classifier.go:548.37,551.3 2 1
github.com/lcgerke/githelper/internal/scenarios/classifier.go:551.8,551.37 1 1
github.com/lcgerke/githelper/internal/scenarios/classifier.go:551.37,554.3 2 1
github.com/lcgerke/githelper/internal/scenarios/classifier.go:554.8,557.3 2 1
github.com/lcgerke/githelper/internal/scenarios/classifier.go:560.2,570.22 2 1
github.com/lcgerke/githelper/internal/scenarios/classifier.go:570.22,575.3 4 1
github.com/lcgerke/githelper/internal/scenarios/classifier.go:575.8,580.3 4 1
github.com/lcgerke/githelper/internal/scenarios/classifier.go:582.2,582.14 1 1
github.com/lcgerke/githelper/internal/scenarios/classifier.go:586.82,588.16 2 0
github.com/lcgerke/githelper/internal/scenarios/classifier.go:588.16,590.3 1 0
github.com/lcgerke/githelper/internal/scenarios/classifier.go:593.2,593.77 1 0
github.com/lcgerke/githelper/internal/scenarios/classifier.go:593.77,595.3 1 0
github.com/lcgerke/githelper/internal/scenarios/classifier.go:597.2,599.39 2 0
github.com/lcgerke/githelper/internal/scenarios/classifier.go:599.39,606.17 3 0
github.com/lcgerke/githelper/internal/scenarios/classifier.go:606.17,607.12 1 0
github.com/lcgerke/githelper/internal/scenarios/classifier.go:609.3,619.41 6 0
github.com/lcgerke/githelper/internal/scenarios/classifier.go:619.41,622.4 2 0
github.com/lcgerke/githelper/internal/scenarios/classifier.go:622.9,622.62 1 0
github.com/lcgerke/githelper/internal/scenarios/classifier.go:622.62,625.4 2 0
github.com/lcgerke/githelper/internal/scenarios/classifier.go:625.9,627.22 1 0
github.com/lcgerke/githelper/internal/scenarios/classifier.go:627.22,630.5 2 0
github.com/lcgerke/githelper/internal/scenarios/classifier.go:631.4,631.24 1 0
github.com/lcgerke/githelper/internal/scenarios/classifier.go:631.24,634.5 2 0
github.com/lcgerke/githelper/internal/scenarios/classifier.go:636.4,639.23 3 0
github.com/lcgerke/githelper/internal/scenarios/classifier.go:639.23,643.5 3 0
github.com/lcgerke/githelper/internal/scenarios/classifier.go:643.10,643.20 1 0
github.com/lcgerke/githelper/internal/scenarios/classifier.go:643.20,646.5 2 0
github.com/lcgerke/githelper/internal/scenarios/classifier.go:646.10,646.21 1 0
github.com/lcgerke/githelper/internal/scenarios/classifier.go:646.21,649.5 2 0
github.com/lcgerke/githelper/internal/scenarios/classifier.go:649.10,652.5 2 0
github.com/lcgerke/githelper/internal/scenarios/classifier.go:655.3,655.42 1 0
github.com/lcgerke/githelper/internal/scenarios/classifier.go:658.2,658.26 1 0
github.com/lcgerke/githelper/internal/scenarios/operations.go:19.89,21.9 2 0
github.com/lcgerke/githelper/internal/scenarios/operations.go:21.9,23.3 1 0
github.com/lcgerke/githelper/internal/scenarios/operations.go:26.2,26.35 1 0
github.com/lcgerke/githelper/internal/scenarios/operations.go:26.35,28.3 1 0
github.com/lcgerke/githelper/internal/scenarios/operations.go:29.2,29.12 1 0
github.com/lcgerke/githelper/internal/scenarios/operations.go:32.64,34.9 2 0
github.com/lcgerke/githelper/internal/scenarios/operations.go:34.9,36.3 1 0
github.com/lcgerke/githelper/internal/scenarios/operations.go:38.2,38.34 1 0
github.com/lcgerke/githelper/internal/scenarios/operations.go:41.45,43.2 1 0
github.com/lcgerke/githelper/internal/scenarios/operations.go:45.65,48.2 1 0
github.com/lcgerke/githelper/internal/scenarios/operations.go:56.88,58.9 2 0
github.com/lcgerke/githelper/internal/scenarios/operations.go:58.9,60.3 1 0
github.com/lcgerke/githelper/internal/scenarios/operations.go:63.2,63.35 1 0
github.com/lcgerke/githelper/internal/scenarios/operations.go:63.35,65.3 1 0
github.com/lcgerke/githelper/internal/scenarios/operations.go:68.2,68.30 1 0
github.com/lcgerke/githelper/internal/scenarios/operations.go:68.30,71.3 1 0
github.com/lcgerke/githelper/internal/scenarios/operations.go:73.2,73.12 1 0
github.com/lcgerke/githelper/internal/scenarios/operations.go:76.63,78.9 2 0
github.com/lcgerke/githelper/internal/scenarios/operations.go:78.9,80.3 1 0
github.com/lcgerke/githelper/internal/scenarios/operations.go:82.2,82.39 1 0
github.com/lcgerke/githelper/internal/scenarios/operations.go:85.44,87.2 1 0
github.com/lcgerke/githelper/internal/scenarios/operations.go:89.64,92.2 1 0
github.com/lcgerke/githelper/internal/scenarios/operations.go:99.89,101.9 2 0
github.com/lcgerke/githelper/internal/scenarios/operations.go:101.9,103.3 1 0
github.com/lcgerke/githelper/internal/scenarios/operations.go:106.2,106.30 1 0
github.com/lcgerke/githelper/internal/scenarios/operations.go:106.30,109.3 1 0
github.com/lcgerke/githelper/internal/scenarios/operations.go:112.2,112.18 1 0
github.com/lcgerke/githelper/internal/scenarios/operations.go:112.18,114.3 1 0
github.com/lcgerke/githelper/internal/scenarios/operations.go:119.2,120.16 2 0
github.com/lcgerke/githelper/internal/scenarios/operations.go:120.16,122.3 1 0
github.com/lcgerke/githelper/internal/scenarios/operations.go:124.2,124.17 1 0
github.com/lcgerke/githelper/internal/scenarios/operations.go:124.17,126.3 1 0
github.com/lcgerke/githelper/internal/scenarios/operations.go:128.2,128.12 1 0
github.com/lcgerke/githelper/internal/scenarios/operations.go:131.64,133.9 2 0
github.com/lcgerke/githelper/internal/scenarios/operations.go:133.9,135.3 1 0
github.com/lcgerke/githelper/internal/scenarios/operations.go:137.2,137.30 1 0
github.com/lcgerke/githelper/internal/scenarios/operations.go:140.45,142.2 1 0
github.com/lcgerke/githelper/internal/scenarios/operations.go:144.65,147.2 1 0
github.com/lcgerke/githelper/internal/scenarios/operations.go:155.88,157.9 2 0
github.com/lcgerke/githelper/internal/scenarios/operations.go:157.9,159.3 1 0
github.com/lcgerke/githelper/internal/scenarios/operations.go:162.2,162.35 1 0
github.com/lcgerke/githelper/internal/scenarios/operations.go:162.35,164.3 1 0
github.com/lcgerke/githelper/internal/scenarios/operations.go:167.2,167.30 1 0
github.com/lcgerke/githelper/internal/scenarios/operations.go:167.30,170.3 1 0
github.com/lcgerke/githelper/internal/scenarios/operations.go:173.2,175.16 3 0
github.com/lcgerke/githelper/internal/scenarios/operations.go:175.16,178.3 1 0
github.com/lcgerke/githelper/internal/scenarios/operations.go:180.2,180.17 1 0
github.com/lcgerke/githelper/internal/scenarios/operations.go:180.17,182.3 1 0
github.com/lcgerke/githelper/internal/scenarios/operations.go:184.2,184.12 1 0
github.com/lcgerke/githelper/internal/scenarios/operations.go:187.63,189.9 2 0
github.com/lcgerke/githelper/internal/scenarios/operations.go:189.9,191.3 1 0
github.com/lcgerke/githelper/internal/scenarios/operations.go:194.2,194.50 1 0
github.com/lcgerke/githelper/internal/scenarios/operations.go:194.50,196.3 1 0
github.com/lcgerke/githelper/internal/scenarios/operations.go:199.2,200.43 2 0
github.com/lcgerke/githelper/internal/scenarios/operations.go:200.43,202.3 1 0
github.com/lcgerke/githelper/internal/scenarios/operations.go:204.2,204.12 1 0
github.com/lcgerke/githelper/internal/scenarios/operations.go:207.44,209.2 1 0
github.com/lcgerke/githelper/internal/scenarios/operations.go:211.64,213.2 1 0
github.com/lcgerke/githelper/internal/scenarios/operations.go:221.93,222.38 1 0
github.com/lcgerke/githelper/internal/scenarios/operations.go:222.38,223.58 1 0
github.com/lcgerke/githelper/internal/scenarios/operations.go:223.58,225.4 1 0
github.com/lcgerke/githelper/internal/scenarios/operations.go:227.2,227.12 1 0
github.com/lcgerke/githelper/internal/scenarios/operations.go:230.68,231.38 1 0
github.com/lcgerke/githelper/internal/scenarios/operations.go:231.38,232.50 1 0
github.com/lcgerke/githelper/internal/scenarios/operations.go:232.50,233.22 1 0
github.com/lcgerke/githelper/internal/scenarios/operations.go:233.22,236.5 1 0
github.com/lcgerke/githelper/internal/scenarios/operations.go:239.2,239.12 1 0
github.com/lcgerke/githelper/internal/scenarios/operations.go:242.49,244.2 1 0
github.com/lcgerke/githelper/internal/scenarios/operations.go:246.69,249.2 1 0
github.com/lcgerke/githelper/internal/scenarios/operations.go:262.65,267.2 1 0
github.com/lcgerke/githelper/internal/scenarios/operations.go:270.76,271.22 1 0
github.com/lcgerke/githelper/internal/scenarios/operations.go:271.22,273.3 1 0
github.com/lcgerke/githelper/internal/scenarios/operations.go:275.2,275.26 1 0
github.com/lcgerke/githelper/internal/scenarios/operations.go:275.26,277.3 1 0
github.com/lcgerke/githelper/internal/scenarios/operations.go:280.2,280.69 1 0
github.com/lcgerke/githelper/internal/scenarios/operations.go:280.69,282.3 1 0
github.com/lcgerke/githelper/internal/scenarios/operations.go:285.2,285.61 1 0
github.com/lcgerke/githelper/internal/scenarios/operations.go:285.61,288.25 2 0
github.com/lcgerke/githelper/internal/scenarios/operations.go:288.25,290.4 1 0
github.com/lcgerke/githelper/internal/scenarios/operations.go:291.3,291.49 1 0
github.com/lcgerke/githelper/internal/scenarios/operations.go:294.2,294.12 1 0
github.com/lcgerke/githelper/internal/scenarios/operations.go:298.91,305.28 2 0
github.com/lcgerke/githelper/internal/scenarios/operations.go:305.28,306.47 1 0
github.com/lcgerke/githelper/internal/scenarios/operations.go:306.47,307.12 1 0
github.com/lcgerke/githelper/internal/scenarios/operations.go:310.3,310.49 1 0
github.com/lcgerke/githelper/internal/scenarios/operations.go:310.49,313.4 2 0
github.com/lcgerke/githelper/internal/scenarios/operations.go:313.9,315.4 1 0
github.com/lcgerke/githelper/internal/scenarios/operations.go:318.2,318.15 1 0
github.com/lcgerke/githelper/internal/scenarios/suggester.go:15.49,26.2 6 0
github.com/lcgerke/githelper/internal/scenarios/suggester.go:29.60,30.22 1 0
github.com/lcgerke/githelper/internal/scenarios/suggester.go:31.12,32.13 1 0
github.com/lcgerke/githelper/internal/scenarios/suggester.go:34.12,43.5 1 0
github.com/lcgerke/githelper/internal/scenarios/suggester.go:45.12,54.5 1 0
github.com/lcgerke/githelper/internal/scenarios/suggester.go:56.12,65.5 1 0
github.com/lcgerke/githelper/internal/scenarios/suggester.go:67.12,76.5 1 0
github.com/lcgerke/githelper/internal/scenarios/suggester.go:78.12,87.5 1 0
github.com/lcgerke/githelper/internal/scenarios/suggester.go:89.12,98.5 1 0
github.com/lcgerke/githelper/internal/scenarios/suggester.go:100.12,109.5 1 0
github.com/lcgerke/githelper/internal/scenarios/suggester.go:111.10,112.13 1 0
github.com/lcgerke/githelper/internal/scenarios/suggester.go:117.78,118.17 1 1
github.com/lcgerke/githelper/internal/scenarios/suggester.go:119.12,120.13 1 1
github.com/lcgerke/githelper/internal/scenarios/suggester.go:122.12,123.44 1 1
github.com/lcgerke/githelper/internal/scenarios/suggester.go:125.12,126.44 1 1
github.com/lcgerke/githelper/internal/scenarios/suggester.go:128.12,129.46 1 1
github.com/lcgerke/githelper/internal/scenarios/suggester.go:131.12,143.5 1 0
github.com/lcgerke/githelper/internal/scenarios/suggester.go:145.12,157.5 1 0
github.com/lcgerke/githelper/internal/scenarios/suggester.go:159.12,171.5 1 0
github.com/lcgerke/githelper/internal/scenarios/suggester.go:173.12,174.66 1 0
github.com/lcgerke/githelper/internal/scenarios/suggester.go:176.12,177.66 1 0
github.com/lcgerke/githelper/internal/scenarios/suggester.go:179.34,188.5 1 0
github.com/lcgerke/githelper/internal/scenarios/suggester.go:190.23,199.5 1 1
github.com/lcgerke/githelper/internal/scenarios/suggester.go:201.23,210.5 1 1
github.com/lcgerke/githelper/internal/scenarios/suggester.go:212.10,213.13 1 0
github.com/lcgerke/githelper/internal/scenarios/suggester.go:218.64,224.22 4 1
github.com/lcgerke/githelper/internal/scenarios/suggester.go:224.22,226.32 2 1
github.com/lcgerke/githelper/internal/scenarios/suggester.go:226.32,228.4 1 1
github.com/lcgerke/githelper/internal/scenarios/suggester.go:228.9,230.4 1 0
github.com/lcgerke/githelper/internal/scenarios/suggester.go:231.3,231.91 1 1
github.com/lcgerke/githelper/internal/scenarios/suggester.go:232.8,237.3 3 1
github.com/lcgerke/githelper/internal/scenarios/suggester.go:239.2,250.4 1 1
github.com/lcgerke/githelper/internal/scenarios/suggester.go:254.64,259.22 4 1
github.com/lcgerke/githelper/internal/scenarios/suggester.go:259.22,261.31 2 1
github.com/lcgerke/githelper/internal/scenarios/suggester.go:261.31,263.4 1 1
github.com/lcgerke/githelper/internal/scenarios/suggester.go:263.9,265.4 1 1
github.com/lcgerke/githelper/internal/scenarios/suggester.go:266.3,266.94 1 1
github.com/lcgerke/githelper/internal/scenarios/suggester.go:267.8,271.3 3 0
github.com/lcgerke/githelper/internal/scenarios/suggester.go:273.2,284.4 1 1
github.com/lcgerke/githelper/internal/scenarios/suggester.go:288.66,290.22 1 1
github.com/lcgerke/githelper/internal/scenarios/suggester.go:290.22,292.33 2 1
github.com/lcgerke/githelper/internal/scenarios/suggester.go:292.33,294.4 1 1
github.com/lcgerke/githelper/internal/scenarios/suggester.go:294.9,296.4 1 0
github.com/lcgerke/githelper/internal/scenarios/suggester.go:297.3,305.5 1 1
github.com/lcgerke/githelper/internal/scenarios/suggester.go:309.2,320.4 1 0
github.com/lcgerke/githelper/internal/scenarios/suggester.go:324.99,327.24 2 0
github.com/lcgerke/githelper/internal/scenarios/suggester.go:327.24,332.3 3 0
github.com/lcgerke/githelper/internal/scenarios/suggester.go:332.8,337.3 3 0
github.com/lcgerke/githelper/internal/scenarios/suggester.go:339.2,353.4 1 0
github.com/lcgerke/githelper/internal/scenarios/suggester.go:357.57,358.15 1 0
github.com/lcgerke/githelper/internal/scenarios/suggester.go:359.12,360.13 1 0
github.com/lcgerke/githelper/internal/scenarios/suggester.go:362.12,371.5 1 0
github.com/lcgerke/githelper/internal/scenarios/suggester.go:373.12,382.5 1 0
github.com/lcgerke/githelper/internal/scenarios/suggester.go:384.12,393.5 1 0
github.com/lcgerke/githelper/internal/scenarios/suggester.go:395.12,404.5 1 0
github.com/lcgerke/githelper/internal/scenarios/suggester.go:406.10,407.13 1 0
github.com/lcgerke/githelper/internal/scenarios/suggester.go:412.57,413.17 1 0
github.com/lcgerke/githelper/internal/scenarios/suggester.go:414.12,415.13 1 0
github.com/lcgerke/githelper/internal/scenarios/suggester.go:417.12,426.5 1 0
github.com/lcgerke/githelper/internal/scenarios/suggester.go:428.12,438.5 2 0
github.com/lcgerke/githelper/internal/scenarios/suggester.go:440.12,451.5 1 0
github.com/lcgerke/githelper/internal/scenarios/suggester.go:453.12,462.5 1 0
github.com/lcgerke/githelper/internal/scenarios/suggester.go:464.12,473.5 1 0
github.com/lcgerke/githelper/internal/scenarios/suggester.go:475.12,484.5 1 0
github.com/lcgerke/githelper/internal/scenarios/suggester.go:486.12,495.5 1 0
github.com/lcgerke/githelper/internal/scenarios/suggester.go:497.10,498.13 1 0
github.com/lcgerke/githelper/internal/scenarios/suggester.go:503.84,504.19 1 0
github.com/lcgerke/githelper/internal/scenarios/suggester.go:505.12,506.13 1 0
github.com/lcgerke/githelper/internal/scenarios/suggester.go:508.12,520.5 1 0
github.com/lcgerke/githelper/internal/scenarios/suggester.go:522.12,534.5 1 0
github.com/lcgerke/githelper/internal/scenarios/suggester.go:536.12,545.5 1 0
github.com/lcgerke/githelper/internal/scenarios/suggester.go:547.12,559.5 1 0
github.com/lcgerke/githelper/internal/scenarios/suggester.go:561.12,570.5 1 0
github.com/lcgerke/githelper/internal/scenarios/suggester.go:572.12,581.5 1 0
github.com/lcgerke/githelper/internal/scenarios/suggester.go:583.10,584.13 1 0
github.com/lcgerke/githelper/internal/scenarios/suggester.go:589.41,590.40 1 0
github.com/lcgerke/githelper/internal/scenarios/suggester.go:590.40,592.3 1 0
github.com/lcgerke/githelper/internal/scenarios/suggester.go:593.2,593.14 1 0
github.com/lcgerke/githelper/internal/scenarios/tables.go:4.39,707.2 1 0
github.com/lcgerke/githelper/internal/scenarios/tables.go:710.59,714.2 3 0
github.com/lcgerke/githelper/internal/scenarios/tables.go:717.67,721.28 3 0
github.com/lcgerke/githelper/internal/scenarios/tables.go:721.28,722.31 1 0
github.com/lcgerke/githelper/internal/scenarios/tables.go:722.31,724.4 1 0
github.com/lcgerke/githelper/internal/scenarios/tables.go:727.2,727.18 1 0
github.com/lcgerke/githelper/internal/scenarios/tables.go:731.53,735.28 3 0
github.com/lcgerke/githelper/internal/scenarios/tables.go:735.28,736.22 1 0
github.com/lcgerke/githelper/internal/scenarios/tables.go:736.22,738.4 1 0
github.com/lcgerke/githelper/internal/scenarios/tables.go:741.2,741.18 1 0
github.com/lcgerke/githelper/internal/scenarios/types.go:42.49,44.2 1 1
github.com/lcgerke/githelper/internal/scenarios/types.go:196.49,206.2 1 1
github.com/lcgerke/githelper/test/corpus/cache.go:20.64,22.16 2 0
github.com/lcgerke/githelper/test/corpus/cache.go:22.16,24.3 1 0
github.com/lcgerke/githelper/test/corpus/cache.go:26.2,28.13 2 0
github.com/lcgerke/githelper/test/corpus/cache.go:28.13,29.52 1 0
github.com/lcgerke/githelper/test/corpus/cache.go:29.52,31.4 1 0
github.com/lcgerke/githelper/test/corpus/cache.go:34.2,38.8 1 0
github.com/lcgerke/githelper/test/corpus/cache.go:43.55,44.16 1 0
github.com/lcgerke/githelper/test/corpus/cache.go:44.16,47.17 2 0
github.com/lcgerke/githelper/test/corpus/cache.go:47.17,49.4 1 0
github.com/lcgerke/githelper/test/corpus/cache.go:51.3,51.46 1 0
github.com/lcgerke/githelper/test/corpus/cache.go:51.46,54.4 2 0
github.com/lcgerke/githelper/test/corpus/cache.go:56.3,56.28 1 0
github.com/lcgerke/githelper/test/corpus/cache.go:60.2,64.31 3 0
github.com/lcgerke/githelper/test/corpus/cache.go:64.31,66.45 1 0
github.com/lcgerke/githelper/test/corpus/cache.go:66.45,69.4 1 0
github.com/lcgerke/githelper/test/corpus/cache.go:70.3,70.30 1 0
github.com/lcgerke/githelper/test/corpus/cache.go:74.2,74.71 1 0
github.com/lcgerke/githelper/test/corpus/cache.go:74.71,76.3 1 0
github.com/lcgerke/githelper/test/corpus/cache.go:78.2,78.53 1 0
github.com/lcgerke/githelper/test/corpus/cache.go:78.53,80.3 1 0
github.com/lcgerke/githelper/test/corpus/cache.go:82.2,82.48 1 0
github.com/lcgerke/githelper/test/corpus/cache.go:82.48,85.3 2 0
github.com/lcgerke/githelper/test/corpus/cache.go:88.2,89.99 2 0
github.com/lcgerke/githelper/test/corpus/cache.go:89.99,92.3 1 0
github.com/lcgerke/githelper/test/corpus/cache.go:94.2,94.30 1 0
github.com/lcgerke/githelper/test/corpus/cache.go:98.31,99.16 1 0
github.com/lcgerke/githelper/test/corpus/cache.go:99.16,101.3 1 0
github.com/lcgerke/githelper/test/corpus/cache.go:102.2,102.32 1 0
github.com/lcgerke/githelper/test/corpus/cache.go:106.38,107.16 1 0
github.com/lcgerke/githelper/test/corpus/cache.go:107.16,109.3 1 0
github.com/lcgerke/githelper/test/corpus/cache.go:111.2,112.16 2 0
github.com/lcgerke/githelper/test/corpus/cache.go:112.16,113.25 1 0
github.com/lcgerke/githelper/test/corpus/cache.go:113.25,115.4 1 0
github.com/lcgerke/githelper/test/corpus/cache.go:116.3,116.13 1 0
github.com/lcgerke/githelper/test/corpus/cache.go:119.2,119.32 1 0
github.com/lcgerke/githelper/test/corpus/cache.go:119.32,120.21 1 0
github.com/lcgerke/githelper/test/corpus/cache.go:120.21,121.12 1 0
github.com/lcgerke/githelper/test/corpus/cache.go:124.3,125.33 2 0
github.com/lcgerke/githelper/test/corpus/cache.go:125.33,126.50 1 0
github.com/lcgerke/githelper/test/corpus/cache.go:126.50,128.5 1 0
github.com/lcgerke/githelper/test/corpus/cache.go:132.2,132.12 1 0
github.com/lcgerke/githelper/test/corpus/cache.go:136.53,139.2 2 0
github.com/lcgerke/githelper/test/corpus/cache.go:142.48,145.43 2 0
github.com/lcgerke/githelper/test/corpus/cache.go:145.43,147.3 1 0
github.com/lcgerke/githelper/test/corpus/cache.go:150.2,152.16 3 0
github.com/lcgerke/githelper/test/corpus/cache.go:152.16,155.3 1 0
github.com/lcgerke/githelper/test/corpus/cache.go:157.2,158.16 2 0
github.com/lcgerke/githelper/test/corpus/cache.go:158.16,160.3 1 0
github.com/lcgerke/githelper/test/corpus/cache.go:162.2,162.38 1 0
github.com/lcgerke/githelper/test/corpus/cache.go:166.51,171.16 4 0
github.com/lcgerke/githelper/test/corpus/cache.go:171.16,173.3 1 0
github.com/lcgerke/githelper/test/corpus/cache.go:175.2,175.12 1 0
github.com/lcgerke/githelper/test/corpus/cache.go:179.47,185.16 5 0
github.com/lcgerke/githelper/test/corpus/cache.go:185.16,187.3 1 0
github.com/lcgerke/githelper/test/corpus/cache.go:189.2,189.12 1 0
github.com/lcgerke/githelper/test/corpus/cache.go:193.45,194.16 1 0
github.com/lcgerke/githelper/test/corpus/cache.go:194.16,196.3 1 0
github.com/lcgerke/githelper/test/corpus/cache.go:198.2,199.16 2 0
github.com/lcgerke/githelper/test/corpus/cache.go:199.16,200.25 1 0
github.com/lcgerke/githelper/test/corpus/cache.go:200.25,202.4 1 0
github.com/lcgerke/githelper/test/corpus/cache.go:203.3,203.19 1 0
github.com/lcgerke/githelper/test/corpus/cache.go:206.2,209.32 3 0
github.com/lcgerke/githelper/test/corpus/cache.go:209.32,210.21 1 0
github.com/lcgerke/githelper/test/corpus/cache.go:210.21,211.12 1 0
github.com/lcgerke/githelper/test/corpus/cache.go:213.3,218.20 4 0
github.com/lcgerke/githelper/test/corpus/cache.go:221.2,221.30 1 0
github.com/lcgerke/githelper/test/corpus/cache.go:225.53,228.79 2 0
github.com/lcgerke/githelper/test/corpus/cache.go:228.79,229.17 1 0
github.com/lcgerke/githelper/test/corpus/cache.go:229.17,231.4 1 0
github.com/lcgerke/githelper/test/corpus/cache.go:232.3,232.20 1 0
github.com/lcgerke/githelper/test/corpus/cache.go:232.20,234.4 1 0
github.com/lcgerke/githelper/test/corpus/cache.go:235.3,235.13 1 0
github.com/lcgerke/githelper/test/corpus/cache.go:238.2,238.18 1 0
github.com/lcgerke/githelper/test/corpus/main.go:11.13,21.22 8 0
github.com/lcgerke/githelper/test/corpus/main.go:21.22,33.3 11 0
github.com/lcgerke/githelper/test/corpus/main.go:35.2,39.16 3 0
github.com/lcgerke/githelper/test/corpus/main.go:39.16,45.3 5 0
github.com/lcgerke/githelper/test/corpus/main.go:48.2,49.16 2 0
github.com/lcgerke/githelper/test/corpus/main.go:49.16,52.3 2 0
github.com/lcgerke/githelper/test/corpus/main.go:54.2,57.17 2 0
github.com/lcgerke/githelper/test/corpus/main.go:57.17,59.17 2 0
github.com/lcgerke/githelper/test/corpus/main.go:59.17,62.4 2 0
github.com/lcgerke/githelper/test/corpus/main.go:63.3,66.9 4 0
github.com/lcgerke/githelper/test/corpus/main.go:69.2,69.17 1 0
github.com/lcgerke/githelper/test/corpus/main.go:69.17,71.39 2 0
github.com/lcgerke/githelper/test/corpus/main.go:71.39,74.4 2 0
github.com/lcgerke/githelper/test/corpus/main.go:75.3,76.9 2 0
github.com/lcgerke/githelper/test/corpus/main.go:79.2,79.19 1 0
github.com/lcgerke/githelper/test/corpus/main.go:79.19,81.46 2 0
github.com/lcgerke/githelper/test/corpus/main.go:81.46,84.4 2 0
github.com/lcgerke/githelper/test/corpus/main.go:85.3,85.51 1 0
github.com/lcgerke/githelper/test/corpus/main.go:89.2,90.43 2 0
github.com/lcgerke/githelper/test/corpus/main.go:90.43,93.3 2 0
github.com/lcgerke/githelper/test/corpus/main.go:96.2,102.23 3 0
github.com/lcgerke/githelper/test/corpus/main.go:102.23,103.57 1 0
github.com/lcgerke/githelper/test/corpus/main.go:103.57,106.4 2 0
github.com/lcgerke/githelper/test/corpus/main.go:110.2,110.23 1 0
github.com/lcgerke/githelper/test/corpus/main.go:110.23,111.57 1 0
github.com/lcgerke/githelper/test/corpus/main.go:111.57,114.4 2 0
github.com/lcgerke/githelper/test/corpus/main.go:118.2,118.24 1 0
github.com/lcgerke/githelper/test/corpus/main.go:118.24,119.56 1 0
github.com/lcgerke/githelper/test/corpus/main.go:119.56,122.4 2 0
github.com/lcgerke/githelper/test/corpus/main.go:126.2,127.37 2 0
github.com/lcgerke/githelper/test/corpus/main.go:127.37,129.3 1 0
github.com/lcgerke/githelper/test/corpus/main.go:130.2,130.45 1 0
github.com/lcgerke/githelper/test/corpus/main.go:130.45,133.3 2 0
github.com/lcgerke/githelper/test/corpus/main.go:137.53,139.45 1 0
github.com/lcgerke/githelper/test/corpus/main.go:139.45,141.3 1 0
github.com/lcgerke/githelper/test/corpus/main.go:144.2,151.29 3 0
github.com/lcgerke/githelper/test/corpus/main.go:151.29,152.42 1 0
github.com/lcgerke/githelper/test/corpus/main.go:152.42,154.4 1 0
github.com/lcgerke/githelper/test/corpus/main.go:157.2,157.83 1 0
github.com/lcgerke/githelper/test/corpus/reporter.go:19.47,24.2 1 0
github.com/lcgerke/githelper/test/corpus/reporter.go:27.49,29.2 1 0
github.com/lcgerke/githelper/test/corpus/reporter.go:32.44,38.35 4 0
github.com/lcgerke/githelper/test/corpus/reporter.go:38.35,39.22 1 0
github.com/lcgerke/githelper/test/corpus/reporter.go:39.22,41.4 1 0
github.com/lcgerke/githelper/test/corpus/reporter.go:42.3,42.46 1 0
github.com/lcgerke/githelper/test/corpus/reporter.go:42.46,44.4 1 0
github.com/lcgerke/githelper/test/corpus/reporter.go:47.2,55.3 1 0
github.com/lcgerke/githelper/test/corpus/reporter.go:59.47,68.35 4 0
github.com/lcgerke/githelper/test/corpus/reporter.go:68.35,69.21 1 0
github.com/lcgerke/githelper/test/corpus/reporter.go:69.21,71.4 1 0
github.com/lcgerke/githelper/test/corpus/reporter.go:71.9,73.4 1 0
github.com/lcgerke/githelper/test/corpus/reporter.go:75.3,75.19 1 0
github.com/lcgerke/githelper/test/corpus/reporter.go:75.19,77.4 1 0
github.com/lcgerke/githelper/test/corpus/reporter.go:77.9,77.36 1 0
github.com/lcgerke/githelper/test/corpus/reporter.go:77.36,79.4 1 0
github.com/lcgerke/githelper/test/corpus/reporter.go:81.3,81.27 1 0
github.com/lcgerke/githelper/test/corpus/reporter.go:81.27,83.4 1 0
github.com/lcgerke/githelper/test/corpus/reporter.go:86.3,87.48 2 0
github.com/lcgerke/githelper/test/corpus/reporter.go:87.48,89.4 1 0
github.com/lcgerke/githelper/test/corpus/reporter.go:92.3,92.29 1 0
github.com/lcgerke/githelper/test/corpus/reporter.go:92.29,97.4 4 0
github.com/lcgerke/githelper/test/corpus/reporter.go:100.2,100.30 1 0
github.com/lcgerke/githelper/test/corpus/reporter.go:100.30,102.3 1 0
github.com/lcgerke/githelper/test/corpus/reporter.go:103.2,107.31 3 0
github.com/lcgerke/githelper/test/corpus/reporter.go:107.31,109.3 1 0
github.com/lcgerke/githelper/test/corpus/reporter.go:111.2,111.16 1 0
github.com/lcgerke/githelper/test/corpus/reporter.go:115.53,119.16 3 0
github.com/lcgerke/githelper/test/corpus/reporter.go:119.16,121.3 1 0
github.com/lcgerke/githelper/test/corpus/reporter.go:123.2,123.59 1 0
github.com/lcgerke/githelper/test/corpus/reporter.go:123.59,125.3 1 0
github.com/lcgerke/githelper/test/corpus/reporter.go:127.2,128.12 2 0
github.com/lcgerke/githelper/test/corpus/reporter.go:132.53,138.16 4 0
github.com/lcgerke/githelper/test/corpus/reporter.go:138.16,140.3 1 0
github.com/lcgerke/githelper/test/corpus/reporter.go:141.2,143.51 2 0
github.com/lcgerke/githelper/test/corpus/reporter.go:143.51,145.3 1 0
github.com/lcgerke/githelper/test/corpus/reporter.go:147.2,148.12 2 0
github.com/lcgerke/githelper/test/corpus/reporter.go:152.35,163.38 9 0
github.com/lcgerke/githelper/test/corpus/reporter.go:163.38,169.3 5 0
github.com/lcgerke/githelper/test/corpus/reporter.go:171.2,180.31 8 0
github.com/lcgerke/githelper/test/corpus/reporter.go:180.31,181.14 1 0
github.com/lcgerke/githelper/test/corpus/reporter.go:181.14,182.9 1 0
github.com/lcgerke/githelper/test/corpus/reporter.go:184.3,184.44 1 0
github.com/lcgerke/githelper/test/corpus/reporter.go:187.2,190.30 2 0
github.com/lcgerke/githelper/test/corpus/reporter.go:190.30,192.43 2 0
github.com/lcgerke/githelper/test/corpus/reporter.go:192.43,193.14 1 0
github.com/lcgerke/githelper/test/corpus/reporter.go:193.14,195.10 2 0
github.com/lcgerke/githelper/test/corpus/reporter.go:197.4,197.65 1 0
github.com/lcgerke/githelper/test/corpus/reporter.go:199.3,199.16 1 0
github.com/lcgerke/githelper/test/corpus/reporter.go:203.2,203.32 1 0
github.com/lcgerke/githelper/test/corpus/reporter.go:203.32,205.46 2 0
github.com/lcgerke/githelper/test/corpus/reporter.go:205.46,206.14 1 0
github.com/lcgerke/githelper/test/corpus/reporter.go:206.14,208.10 2 0
github.com/lcgerke/githelper/test/corpus/reporter.go:210.4,211.43 2 0
github.com/lcgerke/githelper/test/corpus/reporter.go:211.43,213.5 1 0
github.com/lcgerke/githelper/test/corpus/reporter.go:215.3,215.16 1 0
github.com/lcgerke/githelper/test/corpus/reporter.go:219.2,223.15 5 0
github.com/lcgerke/githelper/test/corpus/reporter.go:227.55,229.16 2 0
github.com/lcgerke/githelper/test/corpus/reporter.go:229.16,231.3 1 0
github.com/lcgerke/githelper/test/corpus/reporter.go:233.2,234.56 2 0
github.com/lcgerke/githelper/test/corpus/reporter.go:234.56,236.3 1 0
github.com/lcgerke/githelper/test/corpus/reporter.go:238.2,258.12 11 0
github.com/lcgerke/githelper/test/corpus/reporter.go:263.48,264.17 1 0
github.com/lcgerke/githelper/test/corpus/reporter.go:264.17,266.3 1 0
github.com/lcgerke/githelper/test/corpus/reporter.go:267.2,268.91 2 0
github.com/lcgerke/githelper/test/corpus/reporter.go:271.48,273.29 2 0
github.com/lcgerke/githelper/test/corpus/reporter.go:273.29,275.3 1 0
github.com/lcgerke/githelper/test/corpus/reporter.go:276.2,276.15 1 0
github.com/lcgerke/githelper/test/corpus/reporter.go:279.53,280.12 1 0
github.com/lcgerke/githelper/test/corpus/reporter.go:280.12,282.3 1 0
github.com/lcgerke/githelper/test/corpus/reporter.go:282.8,284.3 1 0
github.com/lcgerke/githelper/test/corpus/reporter.go:287.67,289.2 1 0
github.com/lcgerke/githelper/test/corpus/reporter.go:296.64,298.32 2 0
github.com/lcgerke/githelper/test/corpus/reporter.go:298.32,300.3 1 0
github.com/lcgerke/githelper/test/corpus/reporter.go:301.2,301.42 1 0
github.com/lcgerke/githelper/test/corpus/reporter.go:301.42,303.3 1 0
github.com/lcgerke/githelper/test/corpus/reporter.go:304.2,304.16 1 0
github.com/lcgerke/githelper/test/corpus/reporter.go:308.51,310.16 2 0
github.com/lcgerke/githelper/test/corpus/reporter.go:310.16,312.3 1 0
github.com/lcgerke/githelper/test/corpus/reporter.go:314.2,315.54 2 0
github.com/lcgerke/githelper/test/corpus/reporter.go:315.54,317.3 1 0
github.com/lcgerke/githelper/test/corpus/reporter.go:319.2,319.21 1 0
github.com/lcgerke/githelper/test/corpus/validator.go:23.60,26.16 2 0
github.com/lcgerke/githelper/test/corpus/validator.go:26.16,28.3 1 0
github.com/lcgerke/githelper/test/corpus/validator.go:30.2,31.56 2 0
github.com/lcgerke/githelper/test/corpus/validator.go:31.56,33.3 1 0
github.com/lcgerke/githelper/test/corpus/validator.go:36.2,37.16 2 0
github.com/lcgerke/githelper/test/corpus/validator.go:37.16,39.3 1 0
github.com/lcgerke/githelper/test/corpus/validator.go:42.2,43.16 2 0
github.com/lcgerke/githelper/test/corpus/validator.go:43.16,45.3 1 0
github.com/lcgerke/githelper/test/corpus/validator.go:48.2,49.16 2 0
github.com/lcgerke/githelper/test/corpus/validator.go:49.16,51.3 1 0
github.com/lcgerke/githelper/test/corpus/validator.go:53.2,54.24 2 0
github.com/lcgerke/githelper/test/corpus/validator.go:54.24,56.3 1 0
github.com/lcgerke/githelper/test/corpus/validator.go:58.2,63.8 1 0
github.com/lcgerke/githelper/test/corpus/validator.go:67.52,79.29 9 0
github.com/lcgerke/githelper/test/corpus/validator.go:79.29,82.3 2 0
github.com/lcgerke/githelper/test/corpus/validator.go:85.2,88.40 3 0
github.com/lcgerke/githelper/test/corpus/validator.go:88.40,89.16 1 0
github.com/lcgerke/githelper/test/corpus/validator.go:89.16,91.12 2 0
github.com/lcgerke/githelper/test/corpus/validator.go:94.3,95.36 2 0
github.com/lcgerke/githelper/test/corpus/validator.go:95.36,100.17 3 0
github.com/lcgerke/githelper/test/corpus/validator.go:100.17,100.26 1 0
github.com/lcgerke/githelper/test/corpus/validator.go:102.4,103.32 2 0
github.com/lcgerke/githelper/test/corpus/validator.go:107.2,117.35 7 0
github.com/lcgerke/githelper/test/corpus/validator.go:117.35,119.3 1 0
github.com/lcgerke/githelper/test/corpus/validator.go:121.2,123.12 2 0
github.com/lcgerke/githelper/test/corpus/validator.go:127.99,142.16 5 0
github.com/lcgerke/githelper/test/corpus/validator.go:142.16,149.3 6 0
github.com/lcgerke/githelper/test/corpus/validator.go:150.2,154.15 4 0
github.com/lcgerke/githelper/test/corpus/validator.go:154.15,156.3 1 0
github.com/lcgerke/githelper/test/corpus/validator.go:156.8,158.3 1 0
github.com/lcgerke/githelper/test/corpus/validator.go:161.2,166.16 5 0
github.com/lcgerke/githelper/test/corpus/validator.go:166.16,173.3 6 0
github.com/lcgerke/githelper/test/corpus/validator.go:175.2,179.26 3 0
github.com/lcgerke/githelper/test/corpus/validator.go:179.26,181.20 2 0
github.com/lcgerke/githelper/test/corpus/validator.go:181.20,184.4 2 0
github.com/lcgerke/githelper/test/corpus/validator.go:184.9,186.4 1 0
github.com/lcgerke/githelper/test/corpus/validator.go:187.8,190.3 2 0
github.com/lcgerke/githelper/test/corpus/validator.go:192.2,195.15 3 0
github.com/lcgerke/githelper/test/corpus/validator.go:200.101,214.2 1 0
github.com/lcgerke/githelper/test/corpus/validator.go:217.116,220.46 2 0
github.com/lcgerke/githelper/test/corpus/validator.go:220.46,222.3 1 0
github.com/lcgerke/githelper/test/corpus/validator.go:224.2,224.36 1 0
github.com/lcgerke/githelper/test/corpus/validator.go:224.36,226.3 1 0
github.com/lcgerke/githelper/test/corpus/validator.go:228.2,228.50 1 0
github.com/lcgerke/githelper/test/corpus/validator.go:228.50,230.3 1 0
github.com/lcgerke/githelper/test/corpus/validator.go:232.2,232.48 1 0
github.com/lcgerke/githelper/test/corpus/validator.go:232.48,234.3 1 0
github.com/lcgerke/githelper/test/corpus/validator.go:236.2,236.48 1 0
github.com/lcgerke/githelper/test/corpus/validator.go:236.48,238.3 1 0
github.com/lcgerke/githelper/test/corpus/validator.go:240.2,240.41 1 0
github.com/lcgerke/githelper/test/corpus/validator.go:244.45,246.2 1 0
github.com/lcgerke/githelper/test/corpus/validator.go:249.39,251.2 1 0
github.com/lcgerke/githelper/test/corpus/validator.go:255.38,258.16 3 0
github.com/lcgerke/githelper/test/corpus/validator.go:258.16,260.3 1 0
github.com/lcgerke/githelper/test/corpus/validator.go:261.2,261.28 1 0
github.com/lcgerke/githelper/test/corpus/validator.go:264.53,265.13 1 0
github.com/lcgerke/githelper/test/corpus/validator.go:265.13,267.3 1 0
github.com/lcgerke/githelper/test/corpus/validator.go:270.2,270.16 1 0
github.com/lcgerke/githelper/test/corpus/validator.go:270.16,272.3 1 0
github.com/lcgerke/githelper/test/corpus/validator.go:274.2,278.14 4 0
github.com/lcgerke/githelper/test/corpus/validator.go:279.11,280.30 1 0
github.com/lcgerke/githelper/test/corpus/validator.go:281.11,282.25 1 0
github.com/lcgerke/githelper/test/corpus/validator.go:283.11,284.27 1 0
github.com/lcgerke/githelper/test/corpus/validator.go:285.10,286.31 1 0
github.com/lcgerke/githelper/test/corpus/validator.go:289.2,290.59 2 0
github.com/lcgerke/githelper/test/corpus/validator.go:290.59,292.3 1 0
github.com/lcgerke/githelper/test/corpus/validator.go:294.2,294.47 1 0
github.com/lcgerke/githelper/internal/autofix/autofix.go:29.60,34.2 1 1
github.com/lcgerke/githelper/internal/autofix/autofix.go:37.50,41.16 3 1
github.com/lcgerke/githelper/internal/autofix/autofix.go:41.16,43.3 1 0
github.com/lcgerke/githelper/internal/autofix/autofix.go:45.2,45.42 1 1
github.com/lcgerke/githelper/internal/autofix/autofix.go:45.42,47.55 1 1
github.com/lcgerke/githelper/internal/autofix/autofix.go:47.55,55.12 2 1
github.com/lcgerke/githelper/internal/autofix/autofix.go:59.3,60.32 2 1
github.com/lcgerke/githelper/internal/autofix/autofix.go:60.32,68.12 2 0
github.com/lcgerke/githelper/internal/autofix/autofix.go:72.3,76.48 3 1
github.com/lcgerke/githelper/internal/autofix/autofix.go:76.48,77.30 1 0
github.com/lcgerke/githelper/internal/autofix/autofix.go:77.30,85.5 1 0
github.com/lcgerke/githelper/internal/autofix/autofix.go:89.2,89.20 1 1
github.com/lcgerke/githelper/internal/autofix/autofix.go:92.70,97.37 4 1
github.com/lcgerke/githelper/internal/autofix/autofix.go:97.37,99.54 2 1
github.com/lcgerke/githelper/internal/autofix/autofix.go:99.54,107.4 1 1
github.com/lcgerke/githelper/internal/autofix/autofix.go:110.2,110.15 1 1
github.com/lcgerke/githelper/internal/autofix/autofix.go:114.46,115.14 1 1
github.com/lcgerke/githelper/internal/autofix/autofix.go:115.14,117.3 1 1
github.com/lcgerke/githelper/internal/autofix/autofix.go:119.2,119.20 1 1
github.com/lcgerke/githelper/internal/autofix/autofix.go:120.22,121.43 1 1
github.com/lcgerke/githelper/internal/autofix/autofix.go:122.20,124.105 1 0
github.com/lcgerke/githelper/internal/autofix/autofix.go:125.43,127.65 1 1
github.com/lcgerke/githelper/internal/autofix/autofix.go:128.10,129.58 1 0
github.com/lcgerke/githelper/internal/autofix/autofix.go:133.56,137.42 2 1
github.com/lcgerke/githelper/internal/autofix/autofix.go:137.42,139.3 1 0
github.com/lcgerke/githelper/internal/autofix/autofix.go:141.2,141.12 1 1
github.com/lcgerke/githelper/internal/autofix/autofix.go:145.59,149.31 3 1
github.com/lcgerke/githelper/internal/autofix/autofix.go:149.31,150.43 1 1
github.com/lcgerke/githelper/internal/autofix/autofix.go:150.43,152.4 1 1
github.com/lcgerke/githelper/internal/autofix/autofix.go:152.9,154.4 1 1
github.com/lcgerke/githelper/internal/autofix/autofix.go:157.2,157.27 1 1
github.com/lcgerke/githelper/internal/config/config.go:33.73,34.20 1 0
github.com/lcgerke/githelper/internal/config/config.go:34.20,36.17 2 0
github.com/lcgerke/githelper/internal/config/config.go:36.17,38.4 1 0
github.com/lcgerke/githelper/internal/config/config.go:39.3,39.56 1 0
github.com/lcgerke/githelper/internal/config/config.go:43.2,43.52 1 0
github.com/lcgerke/githelper/internal/config/config.go:43.52,45.3 1 0
github.com/lcgerke/githelper/internal/config/config.go:47.2,48.16 2 0
github.com/lcgerke/githelper/internal/config/config.go:48.16,50.3 1 0
github.com/lcgerke/githelper/internal/config/config.go:52.2,56.8 1 0
github.com/lcgerke/githelper/internal/config/config.go:60.60,62.33 1 0
github.com/lcgerke/githelper/internal/config/config.go:62.33,64.17 2 0
github.com/lcgerke/githelper/internal/config/config.go:64.17,68.4 2 0
github.com/lcgerke/githelper/internal/config/config.go:73.2,74.16 2 0
github.com/lcgerke/githelper/internal/config/config.go:74.16,76.3 1 0
github.com/lcgerke/githelper/internal/config/config.go:79.2,80.22 2 0
github.com/lcgerke/githelper/internal/config/config.go:80.22,82.3 1 0
github.com/lcgerke/githelper/internal/config/config.go:84.2,84.33 1 0
github.com/lcgerke/githelper/internal/config/config.go:88.69,89.34 1 0
github.com/lcgerke/githelper/internal/config/config.go:89.34,91.3 1 0
github.com/lcgerke/githelper/internal/config/config.go:93.2,93.42 1 0
github.com/lcgerke/githelper/internal/config/config.go:97.59,98.34 1 0
github.com/lcgerke/githelper/internal/config/config.go:98.34,100.3 1 0
github.com/lcgerke/githelper/internal/config/config.go:102.2,102.39 1 0
github.com/lcgerke/githelper/internal/config/config.go:106.56,114.16 4 1
github.com/lcgerke/githelper/internal/config/config.go:114.16,116.3 1 0
github.com/lcgerke/githelper/internal/config/config.go:118.2,118.60 1 1
github.com/lcgerke/githelper/internal/config/config.go:118.60,120.3 1 1
github.com/lcgerke/githelper/internal/config/config.go:122.2,122.12 1 1
github.com/lcgerke/githelper/internal/config/config.go:126.54,130.16 3 1
github.com/lcgerke/githelper/internal/config/config.go:130.16,132.3 1 1
github.com/lcgerke/githelper/internal/config/config.go:134.2,135.54 2 1
github.com/lcgerke/githelper/internal/config/config.go:135.54,137.3 1 1
github.com/lcgerke/githelper/internal/config/config.go:139.2,139.21 1 1
github.com/lcgerke/githelper/internal/config/config.go:143.47,145.16 2 1
github.com/lcgerke/githelper/internal/config/config.go:145.16,147.3 1 1
github.com/lcgerke/githelper/internal/config/config.go:148.2,148.37 1 1
github.com/lcgerke/githelper/internal/config/config.go:152.43,154.2 1 0
github.com/lcgerke/githelper/internal/git/cli.go:27.40,31.2 1 1
github.com/lcgerke/githelper/internal/git/cli.go:34.54,36.2 1 1
github.com/lcgerke/githelper/internal/git/cli.go:39.86,45.21 4 1
github.com/lcgerke/githelper/internal/git/cli.go:45.21,47.3 1 1
github.com/lcgerke/githelper/internal/git/cli.go:50.2,60.16 6 1
github.com/lcgerke/githelper/internal/git/cli.go:60.16,62.3 1 1
github.com/lcgerke/githelper/internal/git/cli.go:64.2,64.48 1 1
github.com/lcgerke/githelper/internal/git/cli_advanced.go:20.70,26.16 4 0
github.com/lcgerke/githelper/internal/git/cli_advanced.go:26.16,28.3 1 0
github.com/lcgerke/githelper/internal/git/cli_advanced.go:30.2,31.16 2 0
github.com/lcgerke/githelper/internal/git/cli_advanced.go:31.16,33.3 1 0
github.com/lcgerke/githelper/internal/git/cli_advanced.go:34.2,34.19 1 0
github.com/lcgerke/githelper/internal/git/cli_advanced.go:38.53,44.2 4 0
github.com/lcgerke/githelper/internal/git/cli_advanced.go:47.51,53.2 4 0
github.com/lcgerke/githelper/internal/git/cli_advanced.go:56.47,62.2 4 0
github.com/lcgerke/githelper/internal/git/cli_advanced.go:65.50,71.16 4 0
github.com/lcgerke/githelper/internal/git/cli_advanced.go:71.16,73.3 1 0
github.com/lcgerke/githelper/internal/git/cli_advanced.go:76.2,77.16 2 0
github.com/lcgerke/githelper/internal/git/cli_advanced.go:77.16,79.3 1 0
github.com/lcgerke/githelper/internal/git/cli_advanced.go:81.2,81.26 1 0
github.com/lcgerke/githelper/internal/git/cli_advanced.go:92.81,98.16 4 0
github.com/lcgerke/githelper/internal/git/cli_advanced.go:98.16,100.3 1 0
github.com/lcgerke/githelper/internal/git/cli_advanced.go:102.2,102.22 1 0
github.com/lcgerke/githelper/internal/git/cli_advanced.go:102.22,104.3 1 0
github.com/lcgerke/githelper/internal/git/cli_advanced.go:107.2,111.21 4 0
github.com/lcgerke/githelper/internal/git/cli_advanced.go:111.21,113.3 1 0
github.com/lcgerke/githelper/internal/git/cli_advanced.go:114.2,120.34 5 0
github.com/lcgerke/githelper/internal/git/cli_advanced.go:120.34,122.3 1 0
github.com/lcgerke/githelper/internal/git/cli_advanced.go:125.2,127.29 3 0
github.com/lcgerke/githelper/internal/git/cli_advanced.go:127.29,128.17 1 0
github.com/lcgerke/githelper/internal/git/cli_advanced.go:128.17,129.12 1 0
github.com/lcgerke/githelper/internal/git/cli_advanced.go:132.3,133.21 2 0
github.com/lcgerke/githelper/internal/git/cli_advanced.go:133.21,134.12 1 0
github.com/lcgerke/githelper/internal/git/cli_advanced.go:137.3,141.24 4 0
github.com/lcgerke/githelper/internal/git/cli_advanced.go:141.24,142.12 1 0
github.com/lcgerke/githelper/internal/git/cli_advanced.go:145.3,146.17 2 0
github.com/lcgerke/githelper/internal/git/cli_advanced.go:146.17,147.12 1 0
github.com/lcgerke/githelper/internal/git/cli_advanced.go:150.3,150.29 1 0
github.com/lcgerke/githelper/internal/git/cli_advanced.go:150.29,155.4 1 0
github.com/lcgerke/githelper/internal/git/cli_advanced.go:158.2,158.27 1 0
github.com/lcgerke/githelper/internal/git/cli_advanced.go:162.45,164.16 2 0
github.com/lcgerke/githelper/internal/git/cli_advanced.go:164.16,166.3 1 0
github.com/lcgerke/githelper/internal/git/cli_advanced.go:169.2,170.20 2 0
github.com/lcgerke/githelper/internal/git/cli_advanced.go:170.20,172.3 1 0
github.com/lcgerke/githelper/internal/git/cli_advanced.go:174.2,176.27 3 0
github.com/lcgerke/githelper/internal/git/cli_advanced.go:176.27,178.3 1 0
github.com/lcgerke/githelper/internal/git/cli_advanced.go:180.2,181.16 2 0
github.com/lcgerke/githelper/internal/git/cli_advanced.go:181.16,183.3 1 0
github.com/lcgerke/githelper/internal/git/cli_advanced.go:185.2,186.16 2 0
github.com/lcgerke/githelper/internal/git/cli_advanced.go:186.16,188.3 1 0
github.com/lcgerke/githelper/internal/git/cli_advanced.go:191.2,191.45 1 0
github.com/lcgerke/githelper/internal/git/cli_advanced.go:191.45,193.3 1 0
github.com/lcgerke/githelper/internal/git/cli_advanced.go:195.2,195.12 1 0
github.com/lcgerke/githelper/internal/git/cli_advanced.go:199.30,202.16 3 0
github.com/lcgerke/githelper/internal/git/cli_advanced.go:202.16,204.3 1 0
github.com/lcgerke/githelper/internal/git/cli_advanced.go:208.2,208.54 1 0
github.com/lcgerke/githelper/internal/git/cli_advanced.go:208.54,210.3 1 0
github.com/lcgerke/githelper/internal/git/cli_advanced.go:212.2,212.12 1 0
github.com/lcgerke/githelper/internal/git/cli_branch.go:17.53,19.2 1 0
github.com/lcgerke/githelper/internal/git/cli_branch.go:22.63,27.16 4 0
github.com/lcgerke/githelper/internal/git/cli_branch.go:27.16,29.3 1 0
github.com/lcgerke/githelper/internal/git/cli_branch.go:30.2,30.20 1 0
github.com/lcgerke/githelper/internal/git/cli_branch.go:34.77,40.16 5 0
github.com/lcgerke/githelper/internal/git/cli_branch.go:40.16,43.3 1 0
github.com/lcgerke/githelper/internal/git/cli_branch.go:44.2,44.20 1 0
github.com/lcgerke/githelper/internal/git/cli_branch.go:48.69,54.16 4 0
github.com/lcgerke/githelper/internal/git/cli_branch.go:54.16,56.3 1 0
github.com/lcgerke/githelper/internal/git/cli_branch.go:57.2,57.20 1 0
github.com/lcgerke/githelper/internal/git/cli_branch.go:57.20,59.3 1 0
github.com/lcgerke/githelper/internal/git/cli_branch.go:62.2,63.16 2 0
github.com/lcgerke/githelper/internal/git/cli_branch.go:63.16,65.3 1 0
github.com/lcgerke/githelper/internal/git/cli_branch.go:66.2,66.21 1 0
github.com/lcgerke/githelper/internal/git/cli_branch.go:66.21,68.3 1 0
github.com/lcgerke/githelper/internal/git/cli_branch.go:70.2,70.27 1 0
github.com/lcgerke/githelper/internal/git/cli_branch.go:74.68,83.21 6 0
github.com/lcgerke/githelper/internal/git/cli_branch.go:83.21,85.3 1 0
github.com/lcgerke/githelper/internal/git/cli_branch.go:86.2,89.16 3 0
github.com/lcgerke/githelper/internal/git/cli_branch.go:89.16,91.3 1 0
github.com/lcgerke/githelper/internal/git/cli_branch.go:93.2,93.73 1 0
github.com/lcgerke/githelper/internal/git/cli_branch.go:93.73,95.3 1 0
github.com/lcgerke/githelper/internal/git/cli_branch.go:97.2,97.56 1 0
github.com/lcgerke/githelper/internal/git/cli_branch.go:101.66,107.32 4 0
github.com/lcgerke/githelper/internal/git/cli_branch.go:107.32,110.21 2 0
github.com/lcgerke/githelper/internal/git/cli_branch.go:110.21,112.4 1 0
github.com/lcgerke/githelper/internal/git/cli_branch.go:116.2,117.16 2 0
github.com/lcgerke/githelper/internal/git/cli_branch.go:117.16,118.52 1 0
github.com/lcgerke/githelper/internal/git/cli_branch.go:118.52,119.46 1 0
github.com/lcgerke/githelper/internal/git/cli_branch.go:119.46,122.5 2 0
github.com/lcgerke/githelper/internal/git/cli_branch.go:127.2,128.16 2 0
github.com/lcgerke/githelper/internal/git/cli_branch.go:128.16,130.3 1 0
github.com/lcgerke/githelper/internal/git/cli_branch.go:133.2,134.16 2 0
github.com/lcgerke/githelper/internal/git/cli_branch.go:134.16,136.3 1 0
github.com/lcgerke/githelper/internal/git/cli_branch.go:138.2,138.83 1 0
github.com/lcgerke/githelper/internal/git/cli_core.go:15.40,17.10 2 1
github.com/lcgerke/githelper/internal/git/cli_core.go:17.10,19.3 1 1
github.com/lcgerke/githelper/internal/git/cli_core.go:21.2,22.12 2 1
github.com/lcgerke/githelper/internal/git/cli_core.go:26.36,33.16 5 0
github.com/lcgerke/githelper/internal/git/cli_core.go:33.16,35.3 1 0
github.com/lcgerke/githelper/internal/git/cli_core.go:37.2,37.12 1 0
github.com/lcgerke/githelper/internal/git/cli_core.go:41.45,45.2 3 1
github.com/lcgerke/githelper/internal/git/cli_core.go:48.47,51.2 2 1
github.com/lcgerke/githelper/internal/git/cli_core.go:54.53,56.18 2 0
github.com/lcgerke/githelper/internal/git/cli_core.go:56.18,58.3 1 0
github.com/lcgerke/githelper/internal/git/cli_core.go:59.2,59.19 1 0
github.com/lcgerke/githelper/internal/git/cli_core.go:59.19,61.3 1 0
github.com/lcgerke/githelper/internal/git/cli_core.go:63.2,64.12 2 0
github.com/lcgerke/githelper/internal/git/cli_core.go:68.63,71.2 2 0
github.com/lcgerke/githelper/internal/git/cli_core.go:74.45,77.2 2 0
github.com/lcgerke/githelper/internal/git/cli_core.go:80.53,83.2 2 1
github.com/lcgerke/githelper/internal/git/cli_core.go:86.56,88.2 1 0
github.com/lcgerke/githelper/internal/git/cli_core.go:91.54,94.2 2 0
github.com/lcgerke/githelper/internal/git/cli_core.go:97.66,100.16 3 0
github.com/lcgerke/githelper/internal/git/cli_core.go:100.16,102.3 1 0
github.com/lcgerke/githelper/internal/git/cli_core.go:104.2,104.18 1 0
github.com/lcgerke/githelper/internal/git/cli_core.go:104.18,106.3 1 0
github.com/lcgerke/githelper/internal/git/cli_core.go:108.2,108.41 1 0
github.com/lcgerke/githelper/internal/git/cli_core.go:112.38,115.54 2 1
github.com/lcgerke/githelper/internal/git/cli_core.go:115.54,117.3 1 0
github.com/lcgerke/githelper/internal/git/cli_core.go:120.2,120.48 1 1
github.com/lcgerke/githelper/internal/git/cli_core.go:120.48,122.3 1 0
github.com/lcgerke/githelper/internal/git/cli_core.go:125.2,126.26 2 1
github.com/lcgerke/githelper/internal/git/cli_remote.go:12.52,15.2 2 0
github.com/lcgerke/githelper/internal/git/cli_remote.go:18.50,21.2 2 0
github.com/lcgerke/githelper/internal/git/cli_remote.go:24.51,27.2 2 0
github.com/lcgerke/githelper/internal/git/cli_remote.go:30.55,33.2 2 0
github.com/lcgerke/githelper/internal/git/cli_remote.go:37.77,39.50 1 0
github.com/lcgerke/githelper/internal/git/cli_remote.go:39.50,41.3 1 0
github.com/lcgerke/githelper/internal/git/cli_remote.go:44.2,44.54 1 0
github.com/lcgerke/githelper/internal/git/cli_remote.go:44.54,46.3 1 0
github.com/lcgerke/githelper/internal/git/cli_remote.go:48.2,48.56 1 0
github.com/lcgerke/githelper/internal/git/cli_remote.go:48.56,50.3 1 0
github.com/lcgerke/githelper/internal/git/cli_remote.go:52.2,52.12 1 0
github.com/lcgerke/githelper/internal/git/cli_remote.go:56.62,58.2 1 0
github.com/lcgerke/githelper/internal/git/cli_remote.go:61.63,63.16 2 0
github.com/lcgerke/githelper/internal/git/cli_remote.go:63.16,65.3 1 0
github.com/lcgerke/githelper/internal/git/cli_remote.go:67.2,67.18 1 0
github.com/lcgerke/githelper/internal/git/cli_remote.go:67.18,69.3 1 0
github.com/lcgerke/githelper/internal/git/cli_remote.go:71.2,71.41 1 0
github.com/lcgerke/githelper/internal/git/cli_remote.go:75.50,77.16 2 0
github.com/lcgerke/githelper/internal/git/cli_remote.go:77.16,79.3 1 0
github.com/lcgerke/githelper/internal/git/cli_remote.go:81.2,81.18 1 0
github.com/lcgerke/githelper/internal/git/cli_remote.go:81.18,83.3 1 0
github.com/lcgerke/githelper/internal/git/cli_remote.go:85.2,85.41 1 0
github.com/lcgerke/githelper/internal/git/cli_status.go:19.38,22.2 2 0
github.com/lcgerke/githelper/internal/git/cli_status.go:26.47,27.21 1 1
github.com/lcgerke/githelper/internal/git/cli_status.go:27.21,29.3 1 0
github.com/lcgerke/githelper/internal/git/cli_status.go:32.2,35.16 4 1
github.com/lcgerke/githelper/internal/git/cli_status.go:35.16,39.3 2 1
github.com/lcgerke/githelper/internal/git/cli_status.go:42.2,45.63 4 1
github.com/lcgerke/githelper/internal/git/cli_status.go:45.63,47.3 1 1
github.com/lcgerke/githelper/internal/git/cli_status.go:49.2,49.18 1 1
github.com/lcgerke/githelper/internal/git/cli_status.go:53.49,58.16 4 0
github.com/lcgerke/githelper/internal/git/cli_status.go:58.16,60.74 1 0
github.com/lcgerke/githelper/internal/git/cli_status.go:60.74,62.4 1 0
github.com/lcgerke/githelper/internal/git/cli_status.go:63.3,63.20 1 0
[...]
github.com/lcgerke/githelper/cmd/githelper/github_sync.go:40.61,45.18 3 1
github.com/lcgerke/githelper/cmd/githelper/github_sync.go:45.18,47.3 1 1
github.com/lcgerke/githelper/cmd/githelper/github_sync.go:48.2,48.13 1 1
github.com/lcgerke/githelper/cmd/githelper/github_sync.go:48.13,50.3 1 1
github.com/lcgerke/githelper/cmd/githelper/github_sync.go:52.2,52.19 1 1
github.com/lcgerke/githelper/cmd/githelper/github_sync.go:52.19,55.3 2 0
github.com/lcgerke/githelper/cmd/githelper/github_sync.go:58.2,59.16 2 1
github.com/lcgerke/githelper/cmd/githelper/github_sync.go:59.16,61.3 1 0
github.com/lcgerke/githelper/cmd/githelper/github_sync.go:63.2,64.16 2 1
github.com/lcgerke/githelper/cmd/githelper/github_sync.go:64.16,66.3 1 1
github.com/lcgerke/githelper/cmd/githelper/github_sync.go:68.2,68.48 1 0
github.com/lcgerke/githelper/cmd/githelper/github_sync.go:68.48,70.3 1 0
github.com/lcgerke/githelper/cmd/githelper/github_sync.go:73.2,83.16 5 0
github.com/lcgerke/githelper/cmd/githelper/github_sync.go:83.16,85.3 1 0
github.com/lcgerke/githelper/cmd/githelper/github_sync.go:88.2,89.33 2 0
github.com/lcgerke/githelper/cmd/githelper/github_sync.go:89.33,90.46 1 0
github.com/lcgerke/githelper/cmd/githelper/github_sync.go:90.46,92.9 2 0
github.com/lcgerke/githelper/cmd/githelper/github_sync.go:98.2,98.22 1 0
github.com/lcgerke/githelper/cmd/githelper/github_sync.go:98.22,106.71 4 0
github.com/lcgerke/githelper/cmd/githelper/github_sync.go:106.71,109.4 1 0
github.com/lcgerke/githelper/cmd/githelper/github_sync.go:110.3,110.16 1 0
github.com/lcgerke/githelper/cmd/githelper/github_sync.go:110.16,113.4 1 0
github.com/lcgerke/githelper/cmd/githelper/github_sync.go:115.3,115.35 1 0
github.com/lcgerke/githelper/cmd/githelper/github_sync.go:119.2,122.16 3 0
github.com/lcgerke/githelper/cmd/githelper/github_sync.go:122.16,123.19 1 0
github.com/lcgerke/githelper/cmd/githelper/github_sync.go:123.19,128.4 1 0
github.com/lcgerke/githelper/cmd/githelper/github_sync.go:128.9,130.4 1 0
github.com/lcgerke/githelper/cmd/githelper/github_sync.go:131.3,131.13 1 0
github.com/lcgerke/githelper/cmd/githelper/github_sync.go:135.2,135.19 1 0
github.com/lcgerke/githelper/cmd/githelper/github_sync.go:135.19,136.19 1 0
github.com/lcgerke/githelper/cmd/githelper/github_sync.go:136.19,143.4 1 0
github.com/lcgerke/githelper/cmd/githelper/github_sync.go:143.9,147.4 3 0
github.com/lcgerke/githelper/cmd/githelper/github_sync.go:150.3,153.64 4 0
github.com/lcgerke/githelper/cmd/githelper/github_sync.go:153.64,155.4 1 0
github.com/lcgerke/githelper/cmd/githelper/github_sync.go:157.3,157.13 1 0
github.com/lcgerke/githelper/cmd/githelper/github_sync.go:161.2,161.19 1 0
github.com/lcgerke/githelper/cmd/githelper/github_sync.go:161.19,163.27 2 0
github.com/lcgerke/githelper/cmd/githelper/github_sync.go:163.27,165.4 1 0
github.com/lcgerke/githelper/cmd/githelper/github_sync.go:166.3,166.29 1 0
github.com/lcgerke/githelper/cmd/githelper/github_sync.go:166.29,168.4 1 0
github.com/lcgerke/githelper/cmd/githelper/github_sync.go:172.2,172.28 1 0
github.com/lcgerke/githelper/cmd/githelper/github_sync.go:172.28,174.19 2 0
github.com/lcgerke/githelper/cmd/githelper/github_sync.go:174.19,182.4 1 0
github.com/lcgerke/githelper/cmd/githelper/github_sync.go:182.9,189.4 6 0
github.com/lcgerke/githelper/cmd/githelper/github_sync.go:192.3,197.34 5 0
github.com/lcgerke/githelper/cmd/githelper/github_sync.go:201.2,201.26 1 0
github.com/lcgerke/githelper/cmd/githelper/github_sync.go:201.26,204.86 2 0
github.com/lcgerke/githelper/cmd/githelper/github_sync.go:204.86,205.20 1 0
github.com/lcgerke/githelper/cmd/githelper/github_sync.go:205.20,211.5 1 0
github.com/lcgerke/githelper/cmd/githelper/github_sync.go:211.10,213.5 1 0
github.com/lcgerke/githelper/cmd/githelper/github_sync.go:216.4,221.14 5 0
github.com/lcgerke/githelper/cmd/githelper/github_sync.go:225.3,227.17 3 0
github.com/lcgerke/githelper/cmd/githelper/github_sync.go:227.17,229.4 1 0
github.com/lcgerke/githelper/cmd/githelper/github_sync.go:231.3,231.27 1 0
github.com/lcgerke/githelper/cmd/githelper/github_sync.go:231.27,233.4 1 0
github.com/lcgerke/githelper/cmd/githelper/github_sync.go:235.3,235.19 1 0
github.com/lcgerke/githelper/cmd/githelper/github_sync.go:235.19,243.4 1 0
github.com/lcgerke/githelper/cmd/githelper/github_sync.go:243.9,246.4 2 0
github.com/lcgerke/githelper/cmd/githelper/github_sync.go:249.3,252.64 4 0
github.com/lcgerke/githelper/cmd/githelper/github_sync.go:252.64,254.4 1 0
github.com/lcgerke/githelper/cmd/githelper/github_sync.go:257.2,257.19 1 0
github.com/lcgerke/githelper/cmd/githelper/github_sync.go:257.19,260.3 2 0
github.com/lcgerke/githelper/cmd/githelper/github_sync.go:262.2,262.12 1 0
github.com/lcgerke/githelper/cmd/githelper/main.go:26.68,28.48 1 0
github.com/lcgerke/githelper/cmd/githelper/main.go:28.48,30.5 1 0
github.com/lcgerke/githelper/cmd/githelper/main.go:31.4,31.14 1 0
github.com/lcgerke/githelper/cmd/githelper/main.go:36.13,48.2 8 1
github.com/lcgerke/githelper/cmd/githelper/main.go:50.13,52.52 2 0
github.com/lcgerke/githelper/cmd/githelper/main.go:52.52,55.3 2 0
github.com/lcgerke/githelper/cmd/githelper/repo.go:13.13,17.2 2 1
github.com/lcgerke/githelper/cmd/githelper/repo_create.go:36.13,39.2 2 1
github.com/lcgerke/githelper/cmd/githelper/repo_create.go:41.61,47.18 4 0
github.com/lcgerke/githelper/cmd/githelper/repo_create.go:47.18,49.3 1 0
github.com/lcgerke/githelper/cmd/githelper/repo_create.go:50.2,50.13 1 0
github.com/lcgerke/githelper/cmd/githelper/repo_create.go:50.13,52.3 1 0
github.com/lcgerke/githelper/cmd/githelper/repo_create.go:54.2,54.19 1 0
github.com/lcgerke/githelper/cmd/githelper/repo_create.go:54.19,57.3 2 0
github.com/lcgerke/githelper/cmd/githelper/repo_create.go:60.2,61.16 2 0
github.com/lcgerke/githelper/cmd/githelper/repo_create.go:61.16,63.3 1 0
github.com/lcgerke/githelper/cmd/githelper/repo_create.go:66.2,67.16 2 0
github.com/lcgerke/githelper/cmd/githelper/repo_create.go:67.16,69.3 1 0
github.com/lcgerke/githelper/cmd/githelper/repo_create.go:72.2,72.19 1 0
github.com/lcgerke/githelper/cmd/githelper/repo_create.go:72.19,73.16 1 0
github.com/lcgerke/githelper/cmd/githelper/repo_create.go:73.16,76.4 2 0
github.com/lcgerke/githelper/cmd/githelper/repo_create.go:76.9,78.4 1 0
github.com/lcgerke/githelper/cmd/githelper/repo_create.go:79.3,79.16 1 0
github.com/lcgerke/githelper/cmd/githelper/repo_create.go:83.2,84.45 2 0
github.com/lcgerke/githelper/cmd/githelper/repo_create.go:84.45,86.3 1 0
github.com/lcgerke/githelper/cmd/githelper/repo_create.go:93.2,93.20 1 0
github.com/lcgerke/githelper/cmd/githelper/repo_create.go:93.20,95.17 2 0
github.com/lcgerke/githelper/cmd/githelper/repo_create.go:95.17,97.4 1 0
github.com/lcgerke/githelper/cmd/githelper/repo_create.go:98.3,98.52 1 0
github.com/lcgerke/githelper/cmd/githelper/repo_create.go:102.2,102.45 1 0
github.com/lcgerke/githelper/cmd/githelper/repo_create.go:102.45,107.3 1 0
github.com/lcgerke/githelper/cmd/githelper/repo_create.go:111.2,113.47 2 0
github.com/lcgerke/githelper/cmd/githelper/repo_create.go:113.47,115.3 1 0
github.com/lcgerke/githelper/cmd/githelper/repo_create.go:115.8,115.89 1 0
github.com/lcgerke/githelper/cmd/githelper/repo_create.go:115.89,118.3 1 0
github.com/lcgerke/githelper/cmd/githelper/repo_create.go:118.8,125.3 1 0
github.com/lcgerke/githelper/cmd/githelper/repo_create.go:128.2,129.55 2 0
github.com/lcgerke/githelper/cmd/githelper/repo_create.go:129.55,131.3 1 0
github.com/lcgerke/githelper/cmd/githelper/repo_create.go:132.2,136.58 3 0
github.com/lcgerke/githelper/cmd/githelper/repo_create.go:136.58,138.3 1 0
github.com/lcgerke/githelper/cmd/githelper/repo_create.go:139.2,142.20 2 0
github.com/lcgerke/githelper/cmd/githelper/repo_create.go:142.20,143.19 1 0
github.com/lcgerke/githelper/cmd/githelper/repo_create.go:144.13,145.62 1 0
github.com/lcgerke/githelper/cmd/githelper/repo_create.go:145.62,147.5 1 0
github.com/lcgerke/githelper/cmd/githelper/repo_create.go:148.11,149.83 1 0
github.com/lcgerke/githelper/cmd/githelper/repo_create.go:154.2,158.39 3 0
github.com/lcgerke/githelper/cmd/githelper/repo_create.go:158.39,161.56 2 0
github.com/lcgerke/githelper/cmd/githelper/repo_create.go:161.56,165.74 2 0
github.com/lcgerke/githelper/cmd/githelper/repo_create.go:165.74,167.5 1 0
github.com/lcgerke/githelper/cmd/githelper/repo_create.go:170.3,170.41 1 0
github.com/lcgerke/githelper/cmd/githelper/repo_create.go:170.41,172.4 1 0
github.com/lcgerke/githelper/cmd/githelper/repo_create.go:174.3,174.57 1 0
github.com/lcgerke/githelper/cmd/githelper/repo_create.go:174.57,176.4 1 0
github.com/lcgerke/githelper/cmd/githelper/repo_create.go:178.3,181.101 2 0
github.com/lcgerke/githelper/cmd/githelper/repo_create.go:181.101,183.103 1 0
github.com/lcgerke/githelper/cmd/githelper/repo_create.go:183.103,185.5 1 0
github.com/lcgerke/githelper/cmd/githelper/repo_create.go:187.3,187.58 1 0
github.com/lcgerke/githelper/cmd/githelper/repo_create.go:191.2,192.16 2 0
github.com/lcgerke/githelper/cmd/githelper/repo_create.go:192.16,194.3 1 0
github.com/lcgerke/githelper/cmd/githelper/repo_create.go:196.2,203.63 2 0
github.com/lcgerke/githelper/cmd/githelper/repo_create.go:203.63,205.3 1 0
github.com/lcgerke/githelper/cmd/githelper/repo_create.go:207.2,207.19 1 0
github.com/lcgerke/githelper/cmd/githelper/repo_create.go:207.19,211.3 3 0
github.com/lcgerke/githelper/cmd/githelper/repo_create.go:211.8,219.3 1 0
github.com/lcgerke/githelper/cmd/githelper/repo_create.go:221.2,221.12 1 0
github.com/lcgerke/githelper/cmd/githelper/repo_create.go:224.65,230.76 4 0
github.com/lcgerke/githelper/cmd/githelper/repo_create.go:230.76,232.3 1 0
github.com/lcgerke/githelper/cmd/githelper/repo_create.go:235.2,258.84 3 0
github.com/lcgerke/githelper/cmd/githelper/repo_create.go:258.84,260.3 1 0
github.com/lcgerke/githelper/cmd/githelper/repo_create.go:262.2,263.12 2 0
github.com/lcgerke/githelper/cmd/githelper/repo_create.go:266.45,267.21 1 0
github.com/lcgerke/githelper/cmd/githelper/repo_create.go:267.21,269.3 1 0
github.com/lcgerke/githelper/cmd/githelper/repo_create.go:270.2,270.19 1 0
github.com/lcgerke/githelper/cmd/githelper/repo_create.go:270.19,272.3 1 0
github.com/lcgerke/githelper/cmd/githelper/repo_create.go:273.2,273.22 1 0
github.com/lcgerke/githelper/cmd/githelper/repo_create.go:273.22,275.3 1 0
github.com/lcgerke/githelper/cmd/githelper/repo_create.go:276.2,276.46 1 0
github.com/lcgerke/githelper/cmd/githelper/repo_list.go:19.59,22.18 2 0
github.com/lcgerke/githelper/cmd/githelper/repo_list.go:22.18,24.3 1 0
github.com/lcgerke/githelper/cmd/githelper/repo_list.go:25.2,25.13 1 0
github.com/lcgerke/githelper/cmd/githelper/repo_list.go:25.13,27.3 1 0
github.com/lcgerke/githelper/cmd/githelper/repo_list.go:30.2,31.16 2 0
github.com/lcgerke/githelper/cmd/githelper/repo_list.go:31.16,33.3 1 0
github.com/lcgerke/githelper/cmd/githelper/repo_list.go:35.2,36.16 2 0
github.com/lcgerke/githelper/cmd/githelper/repo_list.go:36.16,38.3 1 0
github.com/lcgerke/githelper/cmd/githelper/repo_list.go:40.2,40.21 1 0
github.com/lcgerke/githelper/cmd/githelper/repo_list.go:40.21,41.19 1 0
github.com/lcgerke/githelper/cmd/githelper/repo_list.go:41.19,45.4 1 0
github.com/lcgerke/githelper/cmd/githelper/repo_list.go:45.9,48.4 2 0
github.com/lcgerke/githelper/cmd/githelper/repo_list.go:49.3,49.13 1 0
github.com/lcgerke/githelper/cmd/githelper/repo_list.go:52.2,52.18 1 0
github.com/lcgerke/githelper/cmd/githelper/repo_list.go:52.18,55.33 2 0
github.com/lcgerke/githelper/cmd/githelper/repo_list.go:55.33,62.23 2 0
github.com/lcgerke/githelper/cmd/githelper/repo_list.go:62.23,64.5 1 0
github.com/lcgerke/githelper/cmd/githelper/repo_list.go:65.4,65.26 1 0
github.com/lcgerke/githelper/cmd/githelper/repo_list.go:65.26,72.5 1 0
github.com/lcgerke/githelper/cmd/githelper/repo_list.go:73.4,73.34 1 0
github.com/lcgerke/githelper/cmd/githelper/repo_list.go:75.3,77.5 1 0
github.com/lcgerke/githelper/cmd/githelper/repo_list.go:78.8,83.33 3 0
github.com/lcgerke/githelper/cmd/githelper/repo_list.go:83.33,88.23 5 0
github.com/lcgerke/githelper/cmd/githelper/repo_list.go:88.23,90.5 1 0
github.com/lcgerke/githelper/cmd/githelper/repo_list.go:91.4,91.49 1 0
github.com/lcgerke/githelper/cmd/githelper/repo_list.go:91.49,96.5 1 0
github.com/lcgerke/githelper/cmd/githelper/repo_list.go:97.4,97.17 1 0
github.com/lcgerke/githelper/cmd/githelper/repo_list.go:100.3,101.50 2 0
github.com/lcgerke/githelper/cmd/githelper/repo_list.go:104.2,104.12 1 0
github.com/lcgerke/githelper/cmd/githelper/status.go:42.13,48.2 5 1
github.com/lcgerke/githelper/cmd/githelper/status.go:50.57,52.18 2 1
github.com/lcgerke/githelper/cmd/githelper/status.go:52.18,54.3 1 0
github.com/lcgerke/githelper/cmd/githelper/status.go:55.2,55.13 1 1
github.com/lcgerke/githelper/cmd/githelper/status.go:55.13,57.3 1 0
github.com/lcgerke/githelper/cmd/githelper/status.go:60.2,61.19 2 1
github.com/lcgerke/githelper/cmd/githelper/status.go:61.19,63.3 1 1
github.com/lcgerke/githelper/cmd/githelper/status.go:66.2,69.55 2 1
github.com/lcgerke/githelper/cmd/githelper/status.go:69.55,71.3 1 0
github.com/lcgerke/githelper/cmd/githelper/status.go:74.2,74.31 1 1
github.com/lcgerke/githelper/cmd/githelper/status.go:74.31,79.3 1 1
github.com/lcgerke/githelper/cmd/githelper/status.go:82.2,90.19 5 0
github.com/lcgerke/githelper/cmd/githelper/status.go:90.19,93.3 2 0
github.com/lcgerke/githelper/cmd/githelper/status.go:95.2,96.16 2 0
github.com/lcgerke/githelper/cmd/githelper/status.go:96.16,98.3 1 0
github.com/lcgerke/githelper/cmd/githelper/status.go:101.2,101.18 1 0
github.com/lcgerke/githelper/cmd/githelper/status.go:101.18,104.17 2 0
github.com/lcgerke/githelper/cmd/githelper/status.go:104.17,106.4 1 0
github.com/lcgerke/githelper/cmd/githelper/status.go:107.3,107.33 1 0
github.com/lcgerke/githelper/cmd/githelper/status.go:108.8,111.3 1 0
github.com/lcgerke/githelper/cmd/githelper/status.go:113.2,113.12 1 0
github.com/lcgerke/githelper/cmd/githelper/status.go:116.90,124.33 6 1
github.com/lcgerke/githelper/cmd/githelper/status.go:124.33,126.3 1 1
github.com/lcgerke/githelper/cmd/githelper/status.go:126.8,128.3 1 0
github.com/lcgerke/githelper/cmd/githelper/status.go:129.2,129.32 1 1
github.com/lcgerke/githelper/cmd/githelper/status.go:129.32,131.3 1 1
github.com/lcgerke/githelper/cmd/githelper/status.go:131.8,133.3 1 1
github.com/lcgerke/githelper/cmd/githelper/status.go:134.2,134.34 1 1
github.com/lcgerke/githelper/cmd/githelper/status.go:134.34,136.3 1 1
github.com/lcgerke/githelper/cmd/githelper/status.go:136.8,138.3 1 1
github.com/lcgerke/githelper/cmd/githelper/status.go:139.2,142.97 2 1
github.com/lcgerke/githelper/cmd/githelper/status.go:142.97,144.29 1 1
github.com/lcgerke/githelper/cmd/githelper/status.go:144.29,148.4 3 0
github.com/lcgerke/githelper/cmd/githelper/status.go:148.9,148.36 1 1
github.com/lcgerke/githelper/cmd/githelper/status.go:148.36,151.31 3 1
github.com/lcgerke/githelper/cmd/githelper/status.go:151.31,153.5 1 1
github.com/lcgerke/githelper/cmd/githelper/status.go:156.4,156.40 1 1
github.com/lcgerke/githelper/cmd/githelper/status.go:156.40,157.74 1 1
github.com/lcgerke/githelper/cmd/githelper/status.go:157.74,159.41 2 1
github.com/lcgerke/githelper/cmd/githelper/status.go:159.41,161.7 1 1
github.com/lcgerke/githelper/cmd/githelper/status.go:162.6,162.40 1 1
github.com/lcgerke/githelper/cmd/githelper/status.go:162.40,163.42 1 0
github.com/lcgerke/githelper/cmd/githelper/status.go:163.42,165.8 1 0
github.com/lcgerke/githelper/cmd/githelper/status.go:166.7,166.58 1 0
github.com/lcgerke/githelper/cmd/githelper/status.go:168.6,168.22 1 1
github.com/lcgerke/githelper/cmd/githelper/status.go:169.11,169.85 1 0
github.com/lcgerke/githelper/cmd/githelper/status.go:169.85,171.43 2 0
github.com/lcgerke/githelper/cmd/githelper/status.go:171.43,173.7 1 0
github.com/lcgerke/githelper/cmd/githelper/status.go:174.6,174.42 1 0
github.com/lcgerke/githelper/cmd/githelper/status.go:174.42,175.44 1 0
github.com/lcgerke/githelper/cmd/githelper/status.go:175.44,177.8 1 0
github.com/lcgerke/githelper/cmd/githelper/status.go:178.7,178.60 1 0
github.com/lcgerke/githelper/cmd/githelper/status.go:180.6,180.22 1 0
github.com/lcgerke/githelper/cmd/githelper/status.go:183.4,183.27 1 1
github.com/lcgerke/githelper/cmd/githelper/status.go:183.27,185.5 1 0
github.com/lcgerke/githelper/cmd/githelper/status.go:186.9,186.72 1 1
github.com/lcgerke/githelper/cmd/githelper/status.go:186.72,190.31 3 1
github.com/lcgerke/githelper/cmd/githelper/status.go:190.31,192.5 1 1
github.com/lcgerke/githelper/cmd/githelper/status.go:193.4,193.39 1 1
github.com/lcgerke/githelper/cmd/githelper/status.go:193.39,195.5 1 1
github.com/lcgerke/githelper/cmd/githelper/status.go:196.4,196.38 1 1
github.com/lcgerke/githelper/cmd/githelper/status.go:196.38,198.5 1 1
github.com/lcgerke/githelper/cmd/githelper/status.go:199.4,199.41 1 1
github.com/lcgerke/githelper/cmd/githelper/status.go:199.41,201.5 1 0
github.com/lcgerke/githelper/cmd/githelper/status.go:202.4,202.40 1 1
github.com/lcgerke/githelper/cmd/githelper/status.go:202.40,204.5 1 0
github.com/lcgerke/githelper/cmd/githelper/status.go:205.4,205.27 1 1
github.com/lcgerke/githelper/cmd/githelper/status.go:205.27,207.5 1 1
github.com/lcgerke/githelper/cmd/githelper/status.go:209.3,209.16 1 1
github.com/lcgerke/githelper/cmd/githelper/status.go:213.2,213.33 1 1
github.com/lcgerke/githelper/cmd/githelper/status.go:213.33,216.45 3 1
github.com/lcgerke/githelper/cmd/githelper/status.go:216.45,218.4 1 1
github.com/lcgerke/githelper/cmd/githelper/status.go:219.3,219.47 1 1
github.com/lcgerke/githelper/cmd/githelper/status.go:219.47,221.4 1 1
github.com/lcgerke/githelper/cmd/githelper/status.go:222.3,222.48 1 1
github.com/lcgerke/githelper/cmd/githelper/status.go:222.48,224.4 1 1
github.com/lcgerke/githelper/cmd/githelper/status.go:225.3,225.47 1 1
github.com/lcgerke/githelper/cmd/githelper/status.go:225.47,227.4 1 0
github.com/lcgerke/githelper/cmd/githelper/status.go:228.3,228.52 1 1
github.com/lcgerke/githelper/cmd/githelper/status.go:228.52,230.61 2 0
github.com/lcgerke/githelper/cmd/githelper/status.go:230.61,232.5 1 0
github.com/lcgerke/githelper/cmd/githelper/status.go:234.3,234.16 1 1
github.com/lcgerke/githelper/cmd/githelper/status.go:238.2,238.31 1 1
github.com/lcgerke/githelper/cmd/githelper/status.go:238.31,241.46 3 0
github.com/lcgerke/githelper/cmd/githelper/status.go:241.46,243.4 1 0
github.com/lcgerke/githelper/cmd/githelper/status.go:244.3,244.16 1 0
github.com/lcgerke/githelper/cmd/githelper/status.go:248.2,248.29 1 1
github.com/lcgerke/githelper/cmd/githelper/status.go:248.29,250.42 2 0
github.com/lcgerke/githelper/cmd/githelper/status.go:250.42,252.26 2 0
github.com/lcgerke/githelper/cmd/githelper/status.go:252.26,254.5 1 0
github.com/lcgerke/githelper/cmd/githelper/status.go:256.3,256.16 1 0
github.com/lcgerke/githelper/cmd/githelper/status.go:260.2,260.15 1 1
github.com/lcgerke/githelper/cmd/githelper/status.go:260.15,262.21 2 0
github.com/lcgerke/githelper/cmd/githelper/status.go:262.21,264.30 2 0
github.com/lcgerke/githelper/cmd/githelper/status.go:264.30,266.24 2 0
github.com/lcgerke/githelper/cmd/githelper/status.go:266.24,268.6 1 0
github.com/lcgerke/githelper/cmd/githelper/status.go:269.5,270.50 2 0
github.com/lcgerke/githelper/cmd/githelper/status.go:272.4,272.17 1 0
github.com/lcgerke/githelper/cmd/githelper/status.go:277.2,277.82 1 1
github.com/lcgerke/githelper/cmd/githelper/status.go:277.82,279.3 1 1
github.com/lcgerke/githelper/cmd/githelper/status.go:279.8,280.16 1 1
github.com/lcgerke/githelper/cmd/githelper/status.go:280.16,282.4 1 0
github.com/lcgerke/githelper/cmd/githelper/status.go:282.9,284.4 1 1
github.com/lcgerke/githelper/cmd/githelper/test_helpers.go:13.54,18.16 5 0
github.com/lcgerke/githelper/cmd/githelper/test_helpers.go:18.16,20.3 1 0
github.com/lcgerke/githelper/cmd/githelper/test_helpers.go:21.2,21.12 1 0
github.com/lcgerke/githelper/cmd/githelper/test_helpers.go:25.50,27.2 1 1
